{
  "stats": {
    "suites": 1,
    "tests": 1,
    "passes": 1,
    "pending": 0,
    "failures": 0,
    "start": "2026-07-23T11:41:10.626Z",
    "end": "2026-07-23T11:42:35.641Z",
    "duration": 85015,
    "testsRegistered": 1,
    "passPercent": 100,
    "pendingPercent": 0,
    "other": 0,
    "hasOther": false,
    "skipped": 0,
    "hasSkipped": false
  },
  "results": [
    {
      "uuid": "4dd03a37-3533-4d3e-ad25-f071b87c9207",
      "title": "",
      "fullFile": "cypress\\e2e\\tests\\AgentEmpanelmentRequestPageTest_632.cy.js",
      "file": "cypress\\e2e\\tests\\AgentEmpanelmentRequestPageTest_632.cy.js",
      "beforeHooks": [],
      "afterHooks": [],
      "tests": [],
      "suites": [
        {
          "uuid": "835cdb2d-dac0-4f40-9ed2-2ca728776deb",
          "title": "Agent Empanelment Request - Create Agent - User will enter all details in banking details for creating the agent.",
          "fullFile": "",
          "file": "",
          "beforeHooks": [],
          "afterHooks": [],
          "tests": [
            {
              "title": "Agent Empanelment Request - TC_ID_632",
              "fullTitle": "Agent Empanelment Request - Create Agent - User will enter all details in banking details for creating the agent. Agent Empanelment Request - TC_ID_632",
              "timedOut": null,
              "duration": 77081,
              "state": "passed",
              "speed": "slow",
              "pass": true,
              "fail": false,
              "pending": false,
              "context": null,
              "code": "(0, _testDataUtils.getTestData)('loginData', 'login').then(user => {\n  loginPage.login(user.Companyname, user.email, user.password);\n  cy.wait(2000);\n  agentemplimentationRequest.AgentEnpalmentRequest632();\n});",
              "err": {},
              "uuid": "712d9cf3-1a2b-41ee-b359-4cb6073dd887",
              "parentUUID": "835cdb2d-dac0-4f40-9ed2-2ca728776deb",
              "isHook": false,
              "skipped": false
            }
          ],
          "suites": [],
          "passes": [
            "712d9cf3-1a2b-41ee-b359-4cb6073dd887"
          ],
          "failures": [],
          "pending": [],
          "skipped": [],
          "duration": 77081,
          "root": false,
          "rootEmpty": false,
          "_timeout": 2000
        }
      ],
      "passes": [],
      "failures": [],
      "pending": [],
      "skipped": [],
      "duration": 0,
      "root": true,
      "rootEmpty": true,
      "_timeout": 2000
    }
  ],
  "meta": {
    "mocha": {
      "version": "7.0.1"
    },
    "mochawesome": {
      "options": {
        "quiet": false,
        "reportFilename": "mochawesome",
        "saveHtml": false,
        "saveJson": true,
        "consoleReporter": "spec",
        "useInlineDiffs": false,
        "code": true
      },
      "version": "7.1.3"
    },
    "marge": {
      "options": {
        "overwrite": false,
        "html": false,
        "json": true,
        "reportDir": "cypress\\reports\\html\\.jsons"
      },
      "version": "6.2.0"
    }
  }
}