{
  "stats": {
    "suites": 1,
    "tests": 1,
    "passes": 0,
    "pending": 0,
    "failures": 1,
    "start": "2026-07-23T12:52:11.050Z",
    "end": "2026-07-23T12:52:57.819Z",
    "duration": 46769,
    "testsRegistered": 1,
    "passPercent": 0,
    "pendingPercent": 0,
    "other": 0,
    "hasOther": false,
    "skipped": 0,
    "hasSkipped": false
  },
  "results": [
    {
      "uuid": "03a55675-bbc0-4b9a-a214-c095db9292e6",
      "title": "",
      "fullFile": "cypress\\e2e\\tests\\PaymentsPageTest_062.cy.js",
      "file": "cypress\\e2e\\tests\\PaymentsPageTest_062.cy.js",
      "beforeHooks": [],
      "afterHooks": [],
      "tests": [],
      "suites": [
        {
          "uuid": "2a1320bb-6375-4732-b146-4b1e32bb80ba",
          "title": "Payments Module - Search and edit batch - Logged in user to click on search and edit batch to dissolve one of the batch.",
          "fullFile": "",
          "file": "",
          "beforeHooks": [],
          "afterHooks": [],
          "tests": [
            {
              "title": "Payment - TC_ID_062",
              "fullTitle": "Payments Module - Search and edit batch - Logged in user to click on search and edit batch to dissolve one of the batch. Payment - TC_ID_062",
              "timedOut": null,
              "duration": 37624,
              "state": "failed",
              "speed": null,
              "pass": false,
              "fail": true,
              "pending": false,
              "context": null,
              "code": "(0, _testDataUtils.getTestData)('loginData', 'login').then(user => {\n  loginPage.login(user.Companyname, user.email, user.password);\n  cy.wait(2000);\n  paymentsPage.SearchandEditBatch064();\n});",
              "err": {
                "message": "CypressError: `cy.click()` can only be called on a single element. Your subject contained 3 elements. Pass `{ multiple: true }` if you want to serially click each element.\n\nhttps://on.cypress.io/click",
                "estack": "CypressError: `cy.click()` can only be called on a single element. Your subject contained 3 elements. Pass `{ multiple: true }` if you want to serially click each element.\n\nhttps://on.cypress.io/click\n    at mouseAction (https://entqa.sumeruentiger.com/__cypress/runner/cypress_runner.js:112508:68)\n    at Context.click (https://entqa.sumeruentiger.com/__cypress/runner/cypress_runner.js:112675:14)\n    at wrapped (https://entqa.sumeruentiger.com/__cypress/runner/cypress_runner.js:138092:19)\nFrom Your Spec Code:\n    at PaymentsPage.SearchandEditBatch064 (webpack:///./cypress/e2e/pages/PaymentsPage.js:483:38)\n    at Context.eval (webpack:///./cypress/e2e/tests/PaymentsPageTest_062.cy.js:27:29)",
                "diff": null
              },
              "uuid": "6ac50db8-37f8-4037-90a1-e444a9b89376",
              "parentUUID": "2a1320bb-6375-4732-b146-4b1e32bb80ba",
              "isHook": false,
              "skipped": false
            }
          ],
          "suites": [],
          "passes": [],
          "failures": [
            "6ac50db8-37f8-4037-90a1-e444a9b89376"
          ],
          "pending": [],
          "skipped": [],
          "duration": 37624,
          "root": false,
          "rootEmpty": false,
          "_timeout": 2000
        }
      ],
      "passes": [],
      "failures": [],
      "pending": [],
      "skipped": [],
      "duration": 0,
      "root": true,
      "rootEmpty": true,
      "_timeout": 2000
    }
  ],
  "meta": {
    "mocha": {
      "version": "7.0.1"
    },
    "mochawesome": {
      "options": {
        "quiet": false,
        "reportFilename": "mochawesome",
        "saveHtml": false,
        "saveJson": true,
        "consoleReporter": "spec",
        "useInlineDiffs": false,
        "code": true
      },
      "version": "7.1.3"
    },
    "marge": {
      "options": {
        "overwrite": false,
        "html": false,
        "json": true,
        "reportDir": "cypress\\reports\\html\\.jsons"
      },
      "version": "6.2.0"
    }
  }
}