{
  "stats": {
    "suites": 1,
    "tests": 1,
    "passes": 0,
    "pending": 0,
    "failures": 1,
    "start": "2026-07-23T14:50:23.731Z",
    "end": "2026-07-23T14:51:08.302Z",
    "duration": 44571,
    "testsRegistered": 1,
    "passPercent": 0,
    "pendingPercent": 0,
    "other": 0,
    "hasOther": false,
    "skipped": 0,
    "hasSkipped": false
  },
  "results": [
    {
      "uuid": "4b42e9e1-fdb6-4692-8868-507da9955db7",
      "title": "",
      "fullFile": "cypress\\e2e\\tests\\ScopeofWorkTestPage_43.cy.js",
      "file": "cypress\\e2e\\tests\\ScopeofWorkTestPage_43.cy.js",
      "beforeHooks": [],
      "afterHooks": [],
      "tests": [],
      "suites": [
        {
          "uuid": "784e01d9-c184-4a03-bccb-1082dfa94707",
          "title": "User Management - Add agent - Scope of work - user select the sub-product in the scope of work",
          "fullFile": "",
          "file": "",
          "beforeHooks": [],
          "afterHooks": [],
          "tests": [
            {
              "title": "User Management - Scope of work - TC_ID_43",
              "fullTitle": "User Management - Add agent - Scope of work - user select the sub-product in the scope of work User Management - Scope of work - TC_ID_43",
              "timedOut": null,
              "duration": 34776,
              "state": "failed",
              "speed": null,
              "pass": false,
              "fail": true,
              "pending": false,
              "context": null,
              "code": "(0, _testDataUtils.getTestData)('loginData', 'login').then(user => {\n  loginPage.login(user.Companyname, user.email, user.password);\n  cy.wait(2000);\n  scopeofworkpage.ScopeOfWorkTestPage_43();\n});",
              "err": {
                "message": "AssertionError: Timed out retrying after 4000ms: Expected to find element: `#nav-item-1-user-management`, but never found it.",
                "estack": "AssertionError: Timed out retrying after 4000ms: Expected to find element: `#nav-item-1-user-management`, but never found it.\n    at ScopeofWorkPage.ScopeOfWorkTestPage_43 (webpack:///./cypress/e2e/pages/ScopeofWorkPage.js:800:7)\n    at Context.eval (webpack:///./cypress/e2e/tests/ScopeofWorkTestPage_43.cy.js:27:32)",
                "diff": null
              },
              "uuid": "146b4535-fb09-4f90-9184-9865267885ad",
              "parentUUID": "784e01d9-c184-4a03-bccb-1082dfa94707",
              "isHook": false,
              "skipped": false
            }
          ],
          "suites": [],
          "passes": [],
          "failures": [
            "146b4535-fb09-4f90-9184-9865267885ad"
          ],
          "pending": [],
          "skipped": [],
          "duration": 34776,
          "root": false,
          "rootEmpty": false,
          "_timeout": 2000
        }
      ],
      "passes": [],
      "failures": [],
      "pending": [],
      "skipped": [],
      "duration": 0,
      "root": true,
      "rootEmpty": true,
      "_timeout": 2000
    }
  ],
  "meta": {
    "mocha": {
      "version": "7.0.1"
    },
    "mochawesome": {
      "options": {
        "quiet": false,
        "reportFilename": "mochawesome",
        "saveHtml": false,
        "saveJson": true,
        "consoleReporter": "spec",
        "useInlineDiffs": false,
        "code": true
      },
      "version": "7.1.3"
    },
    "marge": {
      "options": {
        "overwrite": false,
        "html": false,
        "json": true,
        "reportDir": "cypress\\reports\\html\\.jsons"
      },
      "version": "6.2.0"
    }
  }
}