{
  "stats": {
    "suites": 1,
    "tests": 1,
    "passes": 0,
    "pending": 0,
    "failures": 1,
    "start": "2026-07-23T12:25:42.247Z",
    "end": "2026-07-23T12:26:38.479Z",
    "duration": 56232,
    "testsRegistered": 1,
    "passPercent": 0,
    "pendingPercent": 0,
    "other": 0,
    "hasOther": false,
    "skipped": 0,
    "hasSkipped": false
  },
  "results": [
    {
      "uuid": "c85b188f-929e-4b79-8f19-08c9bf2fa99b",
      "title": "",
      "fullFile": "cypress\\e2e\\tests\\PaymentsPageTest_037.cy.js",
      "file": "cypress\\e2e\\tests\\PaymentsPageTest_037.cy.js",
      "beforeHooks": [],
      "afterHooks": [],
      "tests": [],
      "suites": [
        {
          "uuid": "7de4250f-ba20-4e44-8861-5542fa36cdec",
          "title": "Payments Module - Receive money from collector - Logged in user should be able to view \"Payments Module\" and its Sub Module \"Receive Money from collector\"",
          "fullFile": "",
          "file": "",
          "beforeHooks": [],
          "afterHooks": [],
          "tests": [
            {
              "title": "Payment - TC_ID_037",
              "fullTitle": "Payments Module - Receive money from collector - Logged in user should be able to view \"Payments Module\" and its Sub Module \"Receive Money from collector\" Payment - TC_ID_037",
              "timedOut": null,
              "duration": 44941,
              "state": "failed",
              "speed": null,
              "pass": false,
              "fail": true,
              "pending": false,
              "context": null,
              "code": "(0, _testDataUtils.getTestData)('loginData', 'login').then(user => {\n  loginPage.login(user.Companyname, user.email, user.password);\n  cy.wait(2000);\n  paymentsPage.PaymentModule();\n  cy.wait(5000);\n});",
              "err": {
                "message": "CypressError: Timed out retrying after 4050ms: `cy.click()` failed because this element:\n\n`<button _ngcontent-ng-c506527730=\"\" type=\"button\" class=\"btn btn-secondary mw-150px\">I Agree</button>`\n\nis being covered by another element:\n\n`<div _ngcontent-ng-c4185060958=\"\" class=\"global-loader-container\">...</div>`\n\nFix this problem, or use {force: true} to disable error checking.\n\nhttps://on.cypress.io/element-cannot-be-interacted-with",
                "estack": "CypressError: Timed out retrying after 4050ms: `cy.click()` failed because this element:\n\n`<button _ngcontent-ng-c506527730=\"\" type=\"button\" class=\"btn btn-secondary mw-150px\">I Agree</button>`\n\nis being covered by another element:\n\n`<div _ngcontent-ng-c4185060958=\"\" class=\"global-loader-container\">...</div>`\n\nFix this problem, or use {force: true} to disable error checking.\n\nhttps://on.cypress.io/element-cannot-be-interacted-with\n    at ensureIsDescendent (https://entqa.sumeruentiger.com/__cypress/runner/cypress_runner.js:112915:68)\n    at ensureDescendents (https://entqa.sumeruentiger.com/__cypress/runner/cypress_runner.js:112966:5)\n    at ensureDescendentsAndScroll (https://entqa.sumeruentiger.com/__cypress/runner/cypress_runner.js:112972:14)\n    at ensureElIsNotCovered (https://entqa.sumeruentiger.com/__cypress/runner/cypress_runner.js:113103:5)\n    at runAllChecks (https://entqa.sumeruentiger.com/__cypress/runner/cypress_runner.js:113302:52)\n    at retryActionability (https://entqa.sumeruentiger.com/__cypress/runner/cypress_runner.js:113339:16)\n    at tryCatcher (https://entqa.sumeruentiger.com/__cypress/runner/cypress_runner.js:1830:23)\n    at Promise.attempt.Promise.try (https://entqa.sumeruentiger.com/__cypress/runner/cypress_runner.js:4338:29)\n    at whenStable (https://entqa.sumeruentiger.com/__cypress/runner/cypress_runner.js:143744:68)\n    at <unknown> (https://entqa.sumeruentiger.com/__cypress/runner/cypress_runner.js:143685:14)\n    at tryCatcher (https://entqa.sumeruentiger.com/__cypress/runner/cypress_runner.js:1830:23)\n    at Promise._settlePromiseFromHandler (https://entqa.sumeruentiger.com/__cypress/runner/cypress_runner.js:1542:31)\n    at Promise._settlePromise (https://entqa.sumeruentiger.com/__cypress/runner/cypress_runner.js:1599:18)\n    at Promise._settlePromise0 (https://entqa.sumeruentiger.com/__cypress/runner/cypress_runner.js:1644:10)\n    at Promise._settlePromises (https://entqa.sumeruentiger.com/__cypress/runner/cypress_runner.js:1724:18)\n    at Promise._fulfill (https://entqa.sumeruentiger.com/__cypress/runner/cypress_runner.js:1668:18)\n    at <unknown> (https://entqa.sumeruentiger.com/__cypress/runner/cypress_runner.js:5473:46)\nFrom Your Spec Code:\n    at Context.eval (webpack:///./cypress/e2e/pages/LoginPage.js:83:37)",
                "diff": null
              },
              "uuid": "ea857299-7fc9-4175-8837-130c8ec0f001",
              "parentUUID": "7de4250f-ba20-4e44-8861-5542fa36cdec",
              "isHook": false,
              "skipped": false
            }
          ],
          "suites": [],
          "passes": [],
          "failures": [
            "ea857299-7fc9-4175-8837-130c8ec0f001"
          ],
          "pending": [],
          "skipped": [],
          "duration": 44941,
          "root": false,
          "rootEmpty": false,
          "_timeout": 2000
        }
      ],
      "passes": [],
      "failures": [],
      "pending": [],
      "skipped": [],
      "duration": 0,
      "root": true,
      "rootEmpty": true,
      "_timeout": 2000
    }
  ],
  "meta": {
    "mocha": {
      "version": "7.0.1"
    },
    "mochawesome": {
      "options": {
        "quiet": false,
        "reportFilename": "mochawesome",
        "saveHtml": false,
        "saveJson": true,
        "consoleReporter": "spec",
        "useInlineDiffs": false,
        "code": true
      },
      "version": "7.1.3"
    },
    "marge": {
      "options": {
        "overwrite": false,
        "html": false,
        "json": true,
        "reportDir": "cypress\\reports\\html\\.jsons"
      },
      "version": "6.2.0"
    }
  }
}