{
  "stats": {
    "suites": 1,
    "tests": 1,
    "passes": 1,
    "pending": 0,
    "failures": 0,
    "start": "2026-07-23T13:24:43.908Z",
    "end": "2026-07-23T13:25:32.188Z",
    "duration": 48280,
    "testsRegistered": 1,
    "passPercent": 100,
    "pendingPercent": 0,
    "other": 0,
    "hasOther": false,
    "skipped": 0,
    "hasSkipped": false
  },
  "results": [
    {
      "uuid": "8a935fa3-4070-4ddf-85f7-025bb8a69328",
      "title": "",
      "fullFile": "cypress\\e2e\\tests\\PaymentsPageTest_118.cy.js",
      "file": "cypress\\e2e\\tests\\PaymentsPageTest_118.cy.js",
      "beforeHooks": [],
      "afterHooks": [],
      "tests": [],
      "suites": [
        {
          "uuid": "f7194109-4df4-4f68-984b-5874973bb0d6",
          "title": "Payments Module - Receive money from collector - Logged in user to acknowledge the batch of payments by entering all mandatory data and click on search.",
          "fullFile": "",
          "file": "",
          "beforeHooks": [],
          "afterHooks": [],
          "tests": [
            {
              "title": "Payment - TC_ID_118",
              "fullTitle": "Payments Module - Receive money from collector - Logged in user to acknowledge the batch of payments by entering all mandatory data and click on search. Payment - TC_ID_118",
              "timedOut": null,
              "duration": 36839,
              "state": "passed",
              "speed": "slow",
              "pass": true,
              "fail": false,
              "pending": false,
              "context": null,
              "code": "(0, _testDataUtils.getTestData)('loginData', 'login').then(user => {\n  loginPage.login(user.Companyname, user.email, user.password);\n  cy.wait(2000);\n  paymentsPage.PaymentModule();\n});",
              "err": {},
              "uuid": "42b68ea7-a21b-411b-bad8-cecece6e4bac",
              "parentUUID": "f7194109-4df4-4f68-984b-5874973bb0d6",
              "isHook": false,
              "skipped": false
            }
          ],
          "suites": [],
          "passes": [
            "42b68ea7-a21b-411b-bad8-cecece6e4bac"
          ],
          "failures": [],
          "pending": [],
          "skipped": [],
          "duration": 36839,
          "root": false,
          "rootEmpty": false,
          "_timeout": 2000
        }
      ],
      "passes": [],
      "failures": [],
      "pending": [],
      "skipped": [],
      "duration": 0,
      "root": true,
      "rootEmpty": true,
      "_timeout": 2000
    }
  ],
  "meta": {
    "mocha": {
      "version": "7.0.1"
    },
    "mochawesome": {
      "options": {
        "quiet": false,
        "reportFilename": "mochawesome",
        "saveHtml": false,
        "saveJson": true,
        "consoleReporter": "spec",
        "useInlineDiffs": false,
        "code": true
      },
      "version": "7.1.3"
    },
    "marge": {
      "options": {
        "overwrite": false,
        "html": false,
        "json": true,
        "reportDir": "cypress\\reports\\html\\.jsons"
      },
      "version": "6.2.0"
    }
  }
}