{
  "stats": {
    "suites": 1,
    "tests": 1,
    "passes": 1,
    "pending": 0,
    "failures": 0,
    "start": "2026-07-23T09:12:24.610Z",
    "end": "2026-07-23T09:13:38.144Z",
    "duration": 73534,
    "testsRegistered": 1,
    "passPercent": 100,
    "pendingPercent": 0,
    "other": 0,
    "hasOther": false,
    "skipped": 0,
    "hasSkipped": false
  },
  "results": [
    {
      "uuid": "768ff4e6-e472-4429-9474-df7855f4b3fe",
      "title": "",
      "fullFile": "cypress\\e2e\\tests\\AddStaffPageTest_660.cy.js",
      "file": "cypress\\e2e\\tests\\AddStaffPageTest_660.cy.js",
      "beforeHooks": [],
      "afterHooks": [],
      "tests": [],
      "suites": [
        {
          "uuid": "65554e9b-1aeb-445b-aea9-a70430c66000",
          "title": "Add Staff - Department and Designations - User should be able to add department & designations by selecting department as \"Collections\" and designation as \"Collections officer\"",
          "fullFile": "",
          "file": "",
          "beforeHooks": [],
          "afterHooks": [],
          "tests": [
            {
              "title": "Add Staff - TC_ID_660",
              "fullTitle": "Add Staff - Department and Designations - User should be able to add department & designations by selecting department as \"Collections\" and designation as \"Collections officer\" Add Staff - TC_ID_660",
              "timedOut": null,
              "duration": 68702,
              "state": "passed",
              "speed": "slow",
              "pass": true,
              "fail": false,
              "pending": false,
              "context": null,
              "code": "(0, _testDataUtils.getTestData)('loginData', 'login').then(user => {\n  loginPage.login(user.Companyname, user.email, user.password);\n  cy.wait(2000);\n  cy.task('getExcelData', '../fixtures/userManagementData.xlsx').then(excelData => {\n    const firstRow = excelData['Sheet1'][0];\n    cy.wait(2000);\n    addStaffPage.Clikonusermanagement();\n    addStaffPage.Clikonaddstaff();\n    const employeeId = addStaffPage.fillemployeeID();\n    //addStaffPage.fillemployeeID(firstRow.EmployeeID); \n    addStaffPage.fillfirstname(firstRow.FirstName);\n    addStaffPage.filllastname(firstRow.LastName);\n    addStaffPage.fillemailid(firstRow.EmailID);\n    addStaffPage.fillmobilenumber(firstRow.MobileNumber);\n    cy.wait(2000);\n    addStaffPage.clickondandd();\n    cy.wait(2000);\n    addStaffPage.seleDD60();\n  });\n});",
              "err": {},
              "uuid": "2c258723-d982-4247-acd2-10ed0831b8f3",
              "parentUUID": "65554e9b-1aeb-445b-aea9-a70430c66000",
              "isHook": false,
              "skipped": false
            }
          ],
          "suites": [],
          "passes": [
            "2c258723-d982-4247-acd2-10ed0831b8f3"
          ],
          "failures": [],
          "pending": [],
          "skipped": [],
          "duration": 68702,
          "root": false,
          "rootEmpty": false,
          "_timeout": 2000
        }
      ],
      "passes": [],
      "failures": [],
      "pending": [],
      "skipped": [],
      "duration": 0,
      "root": true,
      "rootEmpty": true,
      "_timeout": 2000
    }
  ],
  "meta": {
    "mocha": {
      "version": "7.0.1"
    },
    "mochawesome": {
      "options": {
        "quiet": false,
        "reportFilename": "mochawesome",
        "saveHtml": false,
        "saveJson": true,
        "consoleReporter": "spec",
        "useInlineDiffs": false,
        "code": true
      },
      "version": "7.1.3"
    },
    "marge": {
      "options": {
        "overwrite": false,
        "html": false,
        "json": true,
        "reportDir": "cypress\\reports\\html\\.jsons"
      },
      "version": "6.2.0"
    }
  }
}