{
  "stats": {
    "suites": 1,
    "tests": 1,
    "passes": 0,
    "pending": 0,
    "failures": 1,
    "start": "2026-07-23T14:57:29.422Z",
    "end": "2026-07-23T14:58:07.057Z",
    "duration": 37635,
    "testsRegistered": 1,
    "passPercent": 0,
    "pendingPercent": 0,
    "other": 0,
    "hasOther": false,
    "skipped": 0,
    "hasSkipped": false
  },
  "results": [
    {
      "uuid": "48187461-5603-4614-a923-94e3bed04c15",
      "title": "",
      "fullFile": "cypress\\e2e\\tests\\ScopeofWorkTestPage_52.cy.js",
      "file": "cypress\\e2e\\tests\\ScopeofWorkTestPage_52.cy.js",
      "beforeHooks": [],
      "afterHooks": [],
      "tests": [],
      "suites": [
        {
          "uuid": "f7bd829c-c955-4634-baa5-0821f6b7925b",
          "title": "User Management - Add agent - Scope of work - user select the dropdown in the product in the scope of work",
          "fullFile": "",
          "file": "",
          "beforeHooks": [],
          "afterHooks": [],
          "tests": [
            {
              "title": "User Management - Scope of work - TC_ID_52",
              "fullTitle": "User Management - Add agent - Scope of work - user select the dropdown in the product in the scope of work User Management - Scope of work - TC_ID_52",
              "timedOut": null,
              "duration": 33101,
              "state": "failed",
              "speed": null,
              "pass": false,
              "fail": true,
              "pending": false,
              "context": null,
              "code": "(0, _testDataUtils.getTestData)('loginData', 'login').then(user => {\n  loginPage.login(user.Companyname, user.email, user.password);\n  cy.wait(2000);\n  scopeofworkpage.ScopeOfWorkTestPage_52();\n});",
              "err": {
                "message": "AssertionError: Timed out retrying after 4000ms: Expected to find element: `#nav-item-1-user-management`, but never found it.",
                "estack": "AssertionError: Timed out retrying after 4000ms: Expected to find element: `#nav-item-1-user-management`, but never found it.\n    at ScopeofWorkPage.ScopeOfWorkTestPage_52 (webpack:///./cypress/e2e/pages/ScopeofWorkPage.js:951:7)\n    at Context.eval (webpack:///./cypress/e2e/tests/ScopeofWorkTestPage_52.cy.js:27:32)",
                "diff": null
              },
              "uuid": "6d8d298d-5b98-44b2-b1f8-365b4de0ffb5",
              "parentUUID": "f7bd829c-c955-4634-baa5-0821f6b7925b",
              "isHook": false,
              "skipped": false
            }
          ],
          "suites": [],
          "passes": [],
          "failures": [
            "6d8d298d-5b98-44b2-b1f8-365b4de0ffb5"
          ],
          "pending": [],
          "skipped": [],
          "duration": 33101,
          "root": false,
          "rootEmpty": false,
          "_timeout": 2000
        }
      ],
      "passes": [],
      "failures": [],
      "pending": [],
      "skipped": [],
      "duration": 0,
      "root": true,
      "rootEmpty": true,
      "_timeout": 2000
    }
  ],
  "meta": {
    "mocha": {
      "version": "7.0.1"
    },
    "mochawesome": {
      "options": {
        "quiet": false,
        "reportFilename": "mochawesome",
        "saveHtml": false,
        "saveJson": true,
        "consoleReporter": "spec",
        "useInlineDiffs": false,
        "code": true
      },
      "version": "7.1.3"
    },
    "marge": {
      "options": {
        "overwrite": false,
        "html": false,
        "json": true,
        "reportDir": "cypress\\reports\\html\\.jsons"
      },
      "version": "6.2.0"
    }
  }
}