{
  "stats": {
    "suites": 1,
    "tests": 1,
    "passes": 1,
    "pending": 0,
    "failures": 0,
    "start": "2026-07-23T09:52:40.281Z",
    "end": "2026-07-23T09:53:30.601Z",
    "duration": 50320,
    "testsRegistered": 1,
    "passPercent": 100,
    "pendingPercent": 0,
    "other": 0,
    "hasOther": false,
    "skipped": 0,
    "hasSkipped": false
  },
  "results": [
    {
      "uuid": "58e924c3-a72f-4d03-960d-bed40419bce4",
      "title": "",
      "fullFile": "cypress\\e2e\\tests\\AddStaffPageTest_912.cy.js",
      "file": "cypress\\e2e\\tests\\AddStaffPageTest_912.cy.js",
      "beforeHooks": [],
      "afterHooks": [],
      "tests": [],
      "suites": [
        {
          "uuid": "2e5cf661-b19f-45fb-8ce9-73964b58e091",
          "title": "UserManagement - Add Staff - User clicked on employee id field but did not enter any value then system should show an error as \"employee id is required\" below to the field.",
          "fullFile": "",
          "file": "",
          "beforeHooks": [],
          "afterHooks": [],
          "tests": [
            {
              "title": "Add Staff - TC_ID_912",
              "fullTitle": "UserManagement - Add Staff - User clicked on employee id field but did not enter any value then system should show an error as \"employee id is required\" below to the field. Add Staff - TC_ID_912",
              "timedOut": null,
              "duration": 45397,
              "state": "passed",
              "speed": "slow",
              "pass": true,
              "fail": false,
              "pending": false,
              "context": null,
              "code": "(0, _testDataUtils.getTestData)('loginData', 'login').then(user => {\n  loginPage.login(user.Companyname, user.email, user.password);\n  addStaffPage.Addstaff_912();\n  // cy.task('getExcelData', '../fixtures/userManagementData.xlsx').then((excelData) => {\n  //     const firstRow = excelData['Sheet1'][0];\n  //     cy.wait(2000);\n  //     addStaffPage.Clikonusermanagement();  // Use the method without click\n  //     addStaffPage.Clikonaddstaff();\n  //     //addStaffPage.clickemployeeID();\n  // });\n});",
              "err": {},
              "uuid": "c858164a-4ff5-497c-b6fe-f90cf1cd3d7e",
              "parentUUID": "2e5cf661-b19f-45fb-8ce9-73964b58e091",
              "isHook": false,
              "skipped": false
            }
          ],
          "suites": [],
          "passes": [
            "c858164a-4ff5-497c-b6fe-f90cf1cd3d7e"
          ],
          "failures": [],
          "pending": [],
          "skipped": [],
          "duration": 45397,
          "root": false,
          "rootEmpty": false,
          "_timeout": 2000
        }
      ],
      "passes": [],
      "failures": [],
      "pending": [],
      "skipped": [],
      "duration": 0,
      "root": true,
      "rootEmpty": true,
      "_timeout": 2000
    }
  ],
  "meta": {
    "mocha": {
      "version": "7.0.1"
    },
    "mochawesome": {
      "options": {
        "quiet": false,
        "reportFilename": "mochawesome",
        "saveHtml": false,
        "saveJson": true,
        "consoleReporter": "spec",
        "useInlineDiffs": false,
        "code": true
      },
      "version": "7.1.3"
    },
    "marge": {
      "options": {
        "overwrite": false,
        "html": false,
        "json": true,
        "reportDir": "cypress\\reports\\html\\.jsons"
      },
      "version": "6.2.0"
    }
  }
}