{
  "stats": {
    "suites": 1,
    "tests": 1,
    "passes": 0,
    "pending": 0,
    "failures": 1,
    "start": "2026-07-23T09:51:51.869Z",
    "end": "2026-07-23T09:52:34.411Z",
    "duration": 42542,
    "testsRegistered": 1,
    "passPercent": 0,
    "pendingPercent": 0,
    "other": 0,
    "hasOther": false,
    "skipped": 0,
    "hasSkipped": false
  },
  "results": [
    {
      "uuid": "72cbb89a-7a98-40ca-bcde-cc6845ebee7f",
      "title": "",
      "fullFile": "cypress\\e2e\\tests\\AddStaffPageTest_81.cy.js",
      "file": "cypress\\e2e\\tests\\AddStaffPageTest_81.cy.js",
      "beforeHooks": [],
      "afterHooks": [],
      "tests": [],
      "suites": [
        {
          "uuid": "adf8e009-2fb6-454e-961f-6d52476a496c",
          "title": "User Management - Add Staff-Once staff submitted for approval, email notification to be received on the provided email id.",
          "fullFile": "",
          "file": "",
          "beforeHooks": [],
          "afterHooks": [],
          "tests": [
            {
              "title": "Add Staff - TC_ID_80",
              "fullTitle": "User Management - Add Staff-Once staff submitted for approval, email notification to be received on the provided email id. Add Staff - TC_ID_80",
              "timedOut": null,
              "duration": 35708,
              "state": "failed",
              "speed": null,
              "pass": false,
              "fail": true,
              "pending": false,
              "context": null,
              "code": "(0, _testDataUtils.getTestData)('loginData', 'login').then(user => {\n  loginPage.login(user.Companyname, user.email, user.password);\n  cy.task('getExcelData', '../fixtures/userManagementData.xlsx').then(excelData => {\n    const firstRow = excelData['Sheet1'][0];\n    cy.wait(2000);\n    addStaffPage.Clikonusermanagement(); // Use the method without click\n    addStaffPage.Clikonaddstaff();\n    addStaffPage.selectUserType();\n    addStaffPage.fillemployeeID(firstRow.EmployeeID); // Correct method name and pass the argument\n    addStaffPage.fillfirstname(firstRow.FirstName);\n    addStaffPage.filllastname(firstRow.LastName);\n    addStaffPage.fillemailid(firstRow.EmailID);\n    addStaffPage.fillmobilenumber(firstRow.MobileNumber);\n    addStaffPage.typeexistingcode();\n    addStaffPage.clickondandd();\n    cy.wait(2000);\n    // addStaffPage.clickOnAdd();\n    // cy.wait(2000);\n    addStaffPage.fillDepartment('Audit and Risk', 0);\n    addStaffPage.fillDesignation('Audit Manager', 0);\n    cy.wait(1000);\n    addStaffPage.clickonWallet();\n    addStaffPage.ClikonSOW();\n    cy.wait(2000);\n    addStaffPage.ScopeOfWorkTestPage_03();\n    cy.wait(2000);\n    addStaffPage.clickonbbrm();\n    cy.wait(2000);\n    addStaffPage.fillbasebranch();\n    cy.wait(2000);\n    // addStaffPage.clickonPlaceOkWork();\n    // cy.wait(2000);\n    // addStaffPage.ClickOnSkill();\n    // cy.wait(5000);\n    addStaffPage.clickonsubmitstaffprofile();\n    cy.wait(5000);\n    //addStaffPage.Assertin();\n    addStaffPage.clickcancel();\n    cy.wait(2000);\n  });\n});",
              "err": {
                "message": "TypeError: addStaffPage.typeexistingcode is not a function",
                "estack": "TypeError: addStaffPage.typeexistingcode is not a function\n    at Context.eval (webpack:///./cypress/e2e/tests/AddStaffPageTest_81.cy.js:40:28)",
                "diff": null
              },
              "uuid": "16e0f0b3-6c92-43a0-8b96-18d5be6b64a5",
              "parentUUID": "adf8e009-2fb6-454e-961f-6d52476a496c",
              "isHook": false,
              "skipped": false
            }
          ],
          "suites": [],
          "passes": [],
          "failures": [
            "16e0f0b3-6c92-43a0-8b96-18d5be6b64a5"
          ],
          "pending": [],
          "skipped": [],
          "duration": 35708,
          "root": false,
          "rootEmpty": false,
          "_timeout": 2000
        }
      ],
      "passes": [],
      "failures": [],
      "pending": [],
      "skipped": [],
      "duration": 0,
      "root": true,
      "rootEmpty": true,
      "_timeout": 2000
    }
  ],
  "meta": {
    "mocha": {
      "version": "7.0.1"
    },
    "mochawesome": {
      "options": {
        "quiet": false,
        "reportFilename": "mochawesome",
        "saveHtml": false,
        "saveJson": true,
        "consoleReporter": "spec",
        "useInlineDiffs": false,
        "code": true
      },
      "version": "7.1.3"
    },
    "marge": {
      "options": {
        "overwrite": false,
        "html": false,
        "json": true,
        "reportDir": "cypress\\reports\\html\\.jsons"
      },
      "version": "6.2.0"
    }
  }
}