{
  "stats": {
    "suites": 1,
    "tests": 1,
    "passes": 1,
    "pending": 0,
    "failures": 0,
    "start": "2026-07-23T13:44:06.559Z",
    "end": "2026-07-23T13:45:06.515Z",
    "duration": 59956,
    "testsRegistered": 1,
    "passPercent": 100,
    "pendingPercent": 0,
    "other": 0,
    "hasOther": false,
    "skipped": 0,
    "hasSkipped": false
  },
  "results": [
    {
      "uuid": "ed133a68-48da-43f2-b139-8ce3eb45677b",
      "title": "",
      "fullFile": "cypress\\e2e\\tests\\PaymentsPageTest_1405.cy.js",
      "file": "cypress\\e2e\\tests\\PaymentsPageTest_1405.cy.js",
      "beforeHooks": [],
      "afterHooks": [],
      "tests": [],
      "suites": [
        {
          "uuid": "4f390eb3-31d8-4911-b470-bf24ad06af10",
          "title": "Payments Module - Central ops acknowledging payin slip - Logged in user clicked on search button without entering payin slip number system to throw an error.",
          "fullFile": "",
          "file": "",
          "beforeHooks": [],
          "afterHooks": [],
          "tests": [
            {
              "title": "Payment - TC_ID_1405",
              "fullTitle": "Payments Module - Central ops acknowledging payin slip - Logged in user clicked on search button without entering payin slip number system to throw an error. Payment - TC_ID_1405",
              "timedOut": null,
              "duration": 48038,
              "state": "passed",
              "speed": "slow",
              "pass": true,
              "fail": false,
              "pending": false,
              "context": null,
              "code": "(0, _testDataUtils.getTestData)('loginData', 'login').then(user => {\n  loginPage.login(user.Companyname, user.email, user.password);\n  cy.wait(2000);\n  paymentsPage.PaymentModule();\n  paymentsPage.ClickOnCentral_ops_acknowledging_payin_slip_SearchBtn_err();\n});",
              "err": {},
              "uuid": "24bc0a67-971e-4c3b-aaf9-03e24355f611",
              "parentUUID": "4f390eb3-31d8-4911-b470-bf24ad06af10",
              "isHook": false,
              "skipped": false
            }
          ],
          "suites": [],
          "passes": [
            "24bc0a67-971e-4c3b-aaf9-03e24355f611"
          ],
          "failures": [],
          "pending": [],
          "skipped": [],
          "duration": 48038,
          "root": false,
          "rootEmpty": false,
          "_timeout": 2000
        }
      ],
      "passes": [],
      "failures": [],
      "pending": [],
      "skipped": [],
      "duration": 0,
      "root": true,
      "rootEmpty": true,
      "_timeout": 2000
    }
  ],
  "meta": {
    "mocha": {
      "version": "7.0.1"
    },
    "mochawesome": {
      "options": {
        "quiet": false,
        "reportFilename": "mochawesome",
        "saveHtml": false,
        "saveJson": true,
        "consoleReporter": "spec",
        "useInlineDiffs": false,
        "code": true
      },
      "version": "7.1.3"
    },
    "marge": {
      "options": {
        "overwrite": false,
        "html": false,
        "json": true,
        "reportDir": "cypress\\reports\\html\\.jsons"
      },
      "version": "6.2.0"
    }
  }
}