{
  "stats": {
    "suites": 1,
    "tests": 1,
    "passes": 0,
    "pending": 0,
    "failures": 1,
    "start": "2026-07-23T13:01:08.631Z",
    "end": "2026-07-23T13:02:09.667Z",
    "duration": 61036,
    "testsRegistered": 1,
    "passPercent": 0,
    "pendingPercent": 0,
    "other": 0,
    "hasOther": false,
    "skipped": 0,
    "hasSkipped": false
  },
  "results": [
    {
      "uuid": "8ec3e957-96c4-4403-826a-c0ec4350361b",
      "title": "",
      "fullFile": "cypress\\e2e\\tests\\PaymentsPageTest_070.cy.js",
      "file": "cypress\\e2e\\tests\\PaymentsPageTest_070.cy.js",
      "beforeHooks": [],
      "afterHooks": [],
      "tests": [],
      "suites": [
        {
          "uuid": "7a8b3093-68c2-4a46-8ffc-c314535a9754",
          "title": "Payments Module - Search & View Pay-in-Slip Id - Exception Flow:  If no records are there that satisfy the search criteria then show the following error message:  ‘no records found.’",
          "fullFile": "",
          "file": "",
          "beforeHooks": [],
          "afterHooks": [],
          "tests": [
            {
              "title": "Payment - TC_ID_070",
              "fullTitle": "Payments Module - Search & View Pay-in-Slip Id - Exception Flow:  If no records are there that satisfy the search criteria then show the following error message:  ‘no records found.’ Payment - TC_ID_070",
              "timedOut": null,
              "duration": 51265,
              "state": "failed",
              "speed": null,
              "pass": false,
              "fail": true,
              "pending": false,
              "context": null,
              "code": "(0, _testDataUtils.getTestData)('loginData', 'login').then(user => {\n  loginPage.login(user.Companyname, user.email, user.password);\n  cy.wait(2000);\n  paymentsPage.SearchandViewPayinSlip072();\n});",
              "err": {
                "message": "CypressError: Timed out retrying after 4000ms: `cy.select()` failed because it could not find a single `<option>` with value, index, or text matching: `CreditCard`\n\nhttps://on.cypress.io/select",
                "estack": "CypressError: Timed out retrying after 4000ms: `cy.select()` failed because it could not find a single `<option>` with value, index, or text matching: `CreditCard`\n\nhttps://on.cypress.io/select\n    at getOptions (https://entqa.sumeruentiger.com/__cypress/runner/cypress_runner.js:114180:72)\n    at tryCatcher (https://entqa.sumeruentiger.com/__cypress/runner/cypress_runner.js:1830:23)\n    at Promise.attempt.Promise.try (https://entqa.sumeruentiger.com/__cypress/runner/cypress_runner.js:4338:29)\n    at retryOptions (https://entqa.sumeruentiger.com/__cypress/runner/cypress_runner.js:114212:70)\n    at tryCatcher (https://entqa.sumeruentiger.com/__cypress/runner/cypress_runner.js:1830:23)\n    at Promise.attempt.Promise.try (https://entqa.sumeruentiger.com/__cypress/runner/cypress_runner.js:4338:29)\n    at whenStable (https://entqa.sumeruentiger.com/__cypress/runner/cypress_runner.js:143744:68)\n    at <unknown> (https://entqa.sumeruentiger.com/__cypress/runner/cypress_runner.js:143685:14)\n    at tryCatcher (https://entqa.sumeruentiger.com/__cypress/runner/cypress_runner.js:1830:23)\n    at Promise._settlePromiseFromHandler (https://entqa.sumeruentiger.com/__cypress/runner/cypress_runner.js:1542:31)\n    at Promise._settlePromise (https://entqa.sumeruentiger.com/__cypress/runner/cypress_runner.js:1599:18)\n    at Promise._settlePromise0 (https://entqa.sumeruentiger.com/__cypress/runner/cypress_runner.js:1644:10)\n    at Promise._settlePromises (https://entqa.sumeruentiger.com/__cypress/runner/cypress_runner.js:1724:18)\n    at Promise._fulfill (https://entqa.sumeruentiger.com/__cypress/runner/cypress_runner.js:1668:18)\n    at <unknown> (https://entqa.sumeruentiger.com/__cypress/runner/cypress_runner.js:5473:46)\nFrom Your Spec Code:\n    at PaymentsPage.SearchandViewPayinSlip072 (webpack:///./cypress/e2e/pages/PaymentsPage.js:1514:48)\n    at Context.eval (webpack:///./cypress/e2e/tests/PaymentsPageTest_070.cy.js:27:29)",
                "diff": null
              },
              "uuid": "b44718c9-1d7a-432d-9b06-6c9ceb2786cf",
              "parentUUID": "7a8b3093-68c2-4a46-8ffc-c314535a9754",
              "isHook": false,
              "skipped": false
            }
          ],
          "suites": [],
          "passes": [],
          "failures": [
            "b44718c9-1d7a-432d-9b06-6c9ceb2786cf"
          ],
          "pending": [],
          "skipped": [],
          "duration": 51265,
          "root": false,
          "rootEmpty": false,
          "_timeout": 2000
        }
      ],
      "passes": [],
      "failures": [],
      "pending": [],
      "skipped": [],
      "duration": 0,
      "root": true,
      "rootEmpty": true,
      "_timeout": 2000
    }
  ],
  "meta": {
    "mocha": {
      "version": "7.0.1"
    },
    "mochawesome": {
      "options": {
        "quiet": false,
        "reportFilename": "mochawesome",
        "saveHtml": false,
        "saveJson": true,
        "consoleReporter": "spec",
        "useInlineDiffs": false,
        "code": true
      },
      "version": "7.1.3"
    },
    "marge": {
      "options": {
        "overwrite": false,
        "html": false,
        "json": true,
        "reportDir": "cypress\\reports\\html\\.jsons"
      },
      "version": "6.2.0"
    }
  }
}