{
  "stats": {
    "suites": 1,
    "tests": 1,
    "passes": 1,
    "pending": 0,
    "failures": 0,
    "start": "2026-07-23T13:52:56.416Z",
    "end": "2026-07-23T13:53:37.064Z",
    "duration": 40648,
    "testsRegistered": 1,
    "passPercent": 100,
    "pendingPercent": 0,
    "other": 0,
    "hasOther": false,
    "skipped": 0,
    "hasSkipped": false
  },
  "results": [
    {
      "uuid": "0a566536-aaa2-43e1-89ae-d225b3b219aa",
      "title": "",
      "fullFile": "cypress\\e2e\\tests\\PaymentsPageTest_1413.cy.js",
      "file": "cypress\\e2e\\tests\\PaymentsPageTest_1413.cy.js",
      "beforeHooks": [],
      "afterHooks": [],
      "tests": [],
      "suites": [
        {
          "uuid": "02306a92-e5b0-4b31-ac1f-40abdbb3b70b",
          "title": "Payments Module - Receive money from collector - Logged in user to to see a pop up after clicking on request cancellation button to confirm the receipt for cancellation.",
          "fullFile": "",
          "file": "",
          "beforeHooks": [],
          "afterHooks": [],
          "tests": [
            {
              "title": "Payment - TC_ID_1413",
              "fullTitle": "Payments Module - Receive money from collector - Logged in user to to see a pop up after clicking on request cancellation button to confirm the receipt for cancellation. Payment - TC_ID_1413",
              "timedOut": null,
              "duration": 33805,
              "state": "passed",
              "speed": "slow",
              "pass": true,
              "fail": false,
              "pending": false,
              "context": null,
              "code": "(0, _testDataUtils.getTestData)('loginData', 'login').then(user => {\n  loginPage.login(user.Companyname, user.email, user.password);\n  cy.wait(2000);\n  paymentsPage.PaymentModule();\n});",
              "err": {},
              "uuid": "75adbfc3-18da-4cf7-b1d3-7d83814dfba2",
              "parentUUID": "02306a92-e5b0-4b31-ac1f-40abdbb3b70b",
              "isHook": false,
              "skipped": false
            }
          ],
          "suites": [],
          "passes": [
            "75adbfc3-18da-4cf7-b1d3-7d83814dfba2"
          ],
          "failures": [],
          "pending": [],
          "skipped": [],
          "duration": 33805,
          "root": false,
          "rootEmpty": false,
          "_timeout": 2000
        }
      ],
      "passes": [],
      "failures": [],
      "pending": [],
      "skipped": [],
      "duration": 0,
      "root": true,
      "rootEmpty": true,
      "_timeout": 2000
    }
  ],
  "meta": {
    "mocha": {
      "version": "7.0.1"
    },
    "mochawesome": {
      "options": {
        "quiet": false,
        "reportFilename": "mochawesome",
        "saveHtml": false,
        "saveJson": true,
        "consoleReporter": "spec",
        "useInlineDiffs": false,
        "code": true
      },
      "version": "7.1.3"
    },
    "marge": {
      "options": {
        "overwrite": false,
        "html": false,
        "json": true,
        "reportDir": "cypress\\reports\\html\\.jsons"
      },
      "version": "6.2.0"
    }
  }
}