{
  "stats": {
    "suites": 1,
    "tests": 1,
    "passes": 0,
    "pending": 0,
    "failures": 1,
    "start": "2026-07-23T11:51:36.963Z",
    "end": "2026-07-23T11:52:24.182Z",
    "duration": 47219,
    "testsRegistered": 1,
    "passPercent": 0,
    "pendingPercent": 0,
    "other": 0,
    "hasOther": false,
    "skipped": 0,
    "hasSkipped": false
  },
  "results": [
    {
      "uuid": "ce7c1fe9-040b-4bc1-b114-9f3777886623",
      "title": "",
      "fullFile": "cypress\\e2e\\tests\\AgentEmpanelmentRequestPageTest_640.cy.js",
      "file": "cypress\\e2e\\tests\\AgentEmpanelmentRequestPageTest_640.cy.js",
      "beforeHooks": [],
      "afterHooks": [],
      "tests": [],
      "suites": [
        {
          "uuid": "5ae46621-649f-42d1-b21b-a55dc1635cbf",
          "title": "Agent Empanelment Request - Create Agent - User will click on save agent profile button only when all mandatory details are not entered then the status will be saved as draft",
          "fullFile": "",
          "file": "",
          "beforeHooks": [],
          "afterHooks": [],
          "tests": [
            {
              "title": "Agent Empanelment Request - TC_ID_640",
              "fullTitle": "Agent Empanelment Request - Create Agent - User will click on save agent profile button only when all mandatory details are not entered then the status will be saved as draft Agent Empanelment Request - TC_ID_640",
              "timedOut": null,
              "duration": 38741,
              "state": "failed",
              "speed": null,
              "pass": false,
              "fail": true,
              "pending": false,
              "context": null,
              "code": "(0, _testDataUtils.getTestData)('loginData', 'login').then(user => {\n  loginPage.login(user.Companyname, user.email, user.password);\n  cy.wait(2000);\n  agentemplimentationRequest.AgentEnpalmentRequest640();\n});",
              "err": {
                "message": "CypressError: Timed out retrying after 4050ms: `cy.click()` failed because this element:\n\n`<span _ngcontent-ng-c1333402846=\"\">User Ma...</span>`\n\nis being covered by another element:\n\n`<div _ngcontent-ng-c3525172827=\"\" class=\"bg-white container px-5 py-4\">...</div>`\n\nFix this problem, or use {force: true} to disable error checking.\n\nhttps://on.cypress.io/element-cannot-be-interacted-with",
                "estack": "CypressError: Timed out retrying after 4050ms: `cy.click()` failed because this element:\n\n`<span _ngcontent-ng-c1333402846=\"\">User Ma...</span>`\n\nis being covered by another element:\n\n`<div _ngcontent-ng-c3525172827=\"\" class=\"bg-white container px-5 py-4\">...</div>`\n\nFix this problem, or use {force: true} to disable error checking.\n\nhttps://on.cypress.io/element-cannot-be-interacted-with\n    at ensureIsDescendent (https://entqa.sumeruentiger.com/__cypress/runner/cypress_runner.js:112915:68)\n    at ensureDescendents (https://entqa.sumeruentiger.com/__cypress/runner/cypress_runner.js:112966:5)\n    at ensureDescendentsAndScroll (https://entqa.sumeruentiger.com/__cypress/runner/cypress_runner.js:112972:14)\n    at ensureElIsNotCovered (https://entqa.sumeruentiger.com/__cypress/runner/cypress_runner.js:113103:5)\n    at runAllChecks (https://entqa.sumeruentiger.com/__cypress/runner/cypress_runner.js:113302:52)\n    at retryActionability (https://entqa.sumeruentiger.com/__cypress/runner/cypress_runner.js:113339:16)\n    at tryCatcher (https://entqa.sumeruentiger.com/__cypress/runner/cypress_runner.js:1830:23)\n    at Promise.attempt.Promise.try (https://entqa.sumeruentiger.com/__cypress/runner/cypress_runner.js:4338:29)\n    at whenStable (https://entqa.sumeruentiger.com/__cypress/runner/cypress_runner.js:143744:68)\n    at <unknown> (https://entqa.sumeruentiger.com/__cypress/runner/cypress_runner.js:143685:14)\n    at tryCatcher (https://entqa.sumeruentiger.com/__cypress/runner/cypress_runner.js:1830:23)\n    at Promise._settlePromiseFromHandler (https://entqa.sumeruentiger.com/__cypress/runner/cypress_runner.js:1542:31)\n    at Promise._settlePromise (https://entqa.sumeruentiger.com/__cypress/runner/cypress_runner.js:1599:18)\n    at Promise._settlePromise0 (https://entqa.sumeruentiger.com/__cypress/runner/cypress_runner.js:1644:10)\n    at Promise._settlePromises (https://entqa.sumeruentiger.com/__cypress/runner/cypress_runner.js:1724:18)\n    at Promise._fulfill (https://entqa.sumeruentiger.com/__cypress/runner/cypress_runner.js:1668:18)\n    at <unknown> (https://entqa.sumeruentiger.com/__cypress/runner/cypress_runner.js:5473:46)\nFrom Your Spec Code:\n    at AgentEmpanelmentRequestPage.AgentEnpalmentRequest640 (webpack:///./cypress/e2e/pages/AgentEmpanelmentRequestPage.js:1708:33)\n    at Context.eval (webpack:///./cypress/e2e/tests/AgentEmpanelmentRequestPageTest_640.cy.js:27:43)",
                "diff": null
              },
              "uuid": "c92cf173-6068-4597-afd3-9b952c73d51e",
              "parentUUID": "5ae46621-649f-42d1-b21b-a55dc1635cbf",
              "isHook": false,
              "skipped": false
            }
          ],
          "suites": [],
          "passes": [],
          "failures": [
            "c92cf173-6068-4597-afd3-9b952c73d51e"
          ],
          "pending": [],
          "skipped": [],
          "duration": 38741,
          "root": false,
          "rootEmpty": false,
          "_timeout": 2000
        }
      ],
      "passes": [],
      "failures": [],
      "pending": [],
      "skipped": [],
      "duration": 0,
      "root": true,
      "rootEmpty": true,
      "_timeout": 2000
    }
  ],
  "meta": {
    "mocha": {
      "version": "7.0.1"
    },
    "mochawesome": {
      "options": {
        "quiet": false,
        "reportFilename": "mochawesome",
        "saveHtml": false,
        "saveJson": true,
        "consoleReporter": "spec",
        "useInlineDiffs": false,
        "code": true
      },
      "version": "7.1.3"
    },
    "marge": {
      "options": {
        "overwrite": false,
        "html": false,
        "json": true,
        "reportDir": "cypress\\reports\\html\\.jsons"
      },
      "version": "6.2.0"
    }
  }
}