{
  "stats": {
    "suites": 1,
    "tests": 1,
    "passes": 0,
    "pending": 0,
    "failures": 1,
    "start": "2026-07-23T13:41:40.733Z",
    "end": "2026-07-23T13:42:48.713Z",
    "duration": 67980,
    "testsRegistered": 1,
    "passPercent": 0,
    "pendingPercent": 0,
    "other": 0,
    "hasOther": false,
    "skipped": 0,
    "hasSkipped": false
  },
  "results": [
    {
      "uuid": "c557793f-cc41-4335-88a1-430b90381ca8",
      "title": "",
      "fullFile": "cypress\\e2e\\tests\\PaymentsPageTest_1403.cy.js",
      "file": "cypress\\e2e\\tests\\PaymentsPageTest_1403.cy.js",
      "beforeHooks": [],
      "afterHooks": [],
      "tests": [],
      "suites": [
        {
          "uuid": "75c7bc5d-f395-4025-891e-0360d17c4b71",
          "title": "Payments Module - Central ops acknowledging payin slip - Logged in user to click on Clear selection button or No button in the pop up to stop the workflow of acknowledging the payin slip",
          "fullFile": "",
          "file": "",
          "beforeHooks": [],
          "afterHooks": [],
          "tests": [
            {
              "title": "Payment - TC_ID_1406",
              "fullTitle": "Payments Module - Central ops acknowledging payin slip - Logged in user to click on Clear selection button or No button in the pop up to stop the workflow of acknowledging the payin slip Payment - TC_ID_1406",
              "timedOut": null,
              "duration": 56918,
              "state": "failed",
              "speed": null,
              "pass": false,
              "fail": true,
              "pending": false,
              "context": null,
              "code": "(0, _testDataUtils.getTestData)('loginData', 'login').then(user => {\n  loginPage.login(user.Companyname, user.email, user.password);\n  cy.wait(2000);\n  paymentsPage.PaymentModule();\n  paymentsPage.ClickOnC_opsAcknowledgingPayinSlip_Cancel_workflow();\n});",
              "err": {
                "message": "AssertionError: Timed out retrying after 4000ms: Expected to find element: `.form-check-group > label > input`, but never found it.",
                "estack": "AssertionError: Timed out retrying after 4000ms: Expected to find element: `.form-check-group > label > input`, but never found it.\n    at PaymentsPage.ClickOnC_opsAcknowledgingPayinSlip_Cancel_workflow (webpack:///./cypress/e2e/pages/PaymentsPage.js:1201:9)\n    at Context.eval (webpack:///./cypress/e2e/tests/PaymentsPageTest_1403.cy.js:27:29)",
                "diff": null
              },
              "uuid": "46dc3b65-ad47-43f7-b28a-dddb4eb376aa",
              "parentUUID": "75c7bc5d-f395-4025-891e-0360d17c4b71",
              "isHook": false,
              "skipped": false
            }
          ],
          "suites": [],
          "passes": [],
          "failures": [
            "46dc3b65-ad47-43f7-b28a-dddb4eb376aa"
          ],
          "pending": [],
          "skipped": [],
          "duration": 56918,
          "root": false,
          "rootEmpty": false,
          "_timeout": 2000
        }
      ],
      "passes": [],
      "failures": [],
      "pending": [],
      "skipped": [],
      "duration": 0,
      "root": true,
      "rootEmpty": true,
      "_timeout": 2000
    }
  ],
  "meta": {
    "mocha": {
      "version": "7.0.1"
    },
    "mochawesome": {
      "options": {
        "quiet": false,
        "reportFilename": "mochawesome",
        "saveHtml": false,
        "saveJson": true,
        "consoleReporter": "spec",
        "useInlineDiffs": false,
        "code": true
      },
      "version": "7.1.3"
    },
    "marge": {
      "options": {
        "overwrite": false,
        "html": false,
        "json": true,
        "reportDir": "cypress\\reports\\html\\.jsons"
      },
      "version": "6.2.0"
    }
  }
}