{
  "stats": {
    "suites": 1,
    "tests": 1,
    "passes": 1,
    "pending": 0,
    "failures": 0,
    "start": "2026-07-23T12:57:37.436Z",
    "end": "2026-07-23T12:58:32.440Z",
    "duration": 55004,
    "testsRegistered": 1,
    "passPercent": 100,
    "pendingPercent": 0,
    "other": 0,
    "hasOther": false,
    "skipped": 0,
    "hasSkipped": false
  },
  "results": [
    {
      "uuid": "69489554-87f0-4fb9-8842-76fcf689b929",
      "title": "",
      "fullFile": "cypress\\e2e\\tests\\PaymentsPageTest_067.cy.js",
      "file": "cypress\\e2e\\tests\\PaymentsPageTest_067.cy.js",
      "beforeHooks": [],
      "afterHooks": [],
      "tests": [],
      "suites": [
        {
          "uuid": "64ab4f02-54d4-4e9b-955e-2e71cf752b87",
          "title": "Payments Module - Search & View Pay-in-Slip Id - Logged in user to view payin slips which are already created by clicking on search and view payin slip id sub module which is under payments module.",
          "fullFile": "",
          "file": "",
          "beforeHooks": [],
          "afterHooks": [],
          "tests": [
            {
              "title": "Payment - TC_ID_067",
              "fullTitle": "Payments Module - Search & View Pay-in-Slip Id - Logged in user to view payin slips which are already created by clicking on search and view payin slip id sub module which is under payments module. Payment - TC_ID_067",
              "timedOut": null,
              "duration": 44481,
              "state": "passed",
              "speed": "slow",
              "pass": true,
              "fail": false,
              "pending": false,
              "context": null,
              "code": "(0, _testDataUtils.getTestData)('loginData', 'login').then(user => {\n  loginPage.login(user.Companyname, user.email, user.password);\n  cy.wait(2000);\n  paymentsPage.SearchandViewPayinSlip069();\n});",
              "err": {},
              "uuid": "0cc50db7-7d55-4b03-a1ca-f015410dd61b",
              "parentUUID": "64ab4f02-54d4-4e9b-955e-2e71cf752b87",
              "isHook": false,
              "skipped": false
            }
          ],
          "suites": [],
          "passes": [
            "0cc50db7-7d55-4b03-a1ca-f015410dd61b"
          ],
          "failures": [],
          "pending": [],
          "skipped": [],
          "duration": 44481,
          "root": false,
          "rootEmpty": false,
          "_timeout": 2000
        }
      ],
      "passes": [],
      "failures": [],
      "pending": [],
      "skipped": [],
      "duration": 0,
      "root": true,
      "rootEmpty": true,
      "_timeout": 2000
    }
  ],
  "meta": {
    "mocha": {
      "version": "7.0.1"
    },
    "mochawesome": {
      "options": {
        "quiet": false,
        "reportFilename": "mochawesome",
        "saveHtml": false,
        "saveJson": true,
        "consoleReporter": "spec",
        "useInlineDiffs": false,
        "code": true
      },
      "version": "7.1.3"
    },
    "marge": {
      "options": {
        "overwrite": false,
        "html": false,
        "json": true,
        "reportDir": "cypress\\reports\\html\\.jsons"
      },
      "version": "6.2.0"
    }
  }
}