{
  "stats": {
    "suites": 1,
    "tests": 1,
    "passes": 0,
    "pending": 0,
    "failures": 1,
    "start": "2026-07-23T14:58:55.360Z",
    "end": "2026-07-23T14:59:33.610Z",
    "duration": 38250,
    "testsRegistered": 1,
    "passPercent": 0,
    "pendingPercent": 0,
    "other": 0,
    "hasOther": false,
    "skipped": 0,
    "hasSkipped": false
  },
  "results": [
    {
      "uuid": "f8bdef9d-a690-4cea-a46f-e74c9b6a2354",
      "title": "",
      "fullFile": "cypress\\e2e\\tests\\ScopeofWorkTestPage_54.cy.js",
      "file": "cypress\\e2e\\tests\\ScopeofWorkTestPage_54.cy.js",
      "beforeHooks": [],
      "afterHooks": [],
      "tests": [],
      "suites": [
        {
          "uuid": "cca35d3a-841c-4e3f-ba49-f6363d47d48f",
          "title": "User Management - Add agent - Scope of work - user select the dropdown in the product in the scope of work",
          "fullFile": "",
          "file": "",
          "beforeHooks": [],
          "afterHooks": [],
          "tests": [
            {
              "title": "User Management - Scope of work - TC_ID_54",
              "fullTitle": "User Management - Add agent - Scope of work - user select the dropdown in the product in the scope of work User Management - Scope of work - TC_ID_54",
              "timedOut": null,
              "duration": 33644,
              "state": "failed",
              "speed": null,
              "pass": false,
              "fail": true,
              "pending": false,
              "context": null,
              "code": "(0, _testDataUtils.getTestData)('loginData', 'login').then(user => {\n  loginPage.login(user.Companyname, user.email, user.password);\n  cy.wait(2000);\n  scopeofworkpage.ScopeOfWorkTestPage_54();\n});",
              "err": {
                "message": "AssertionError: Timed out retrying after 4000ms: Expected to find element: `#nav-item-1-user-management`, but never found it.",
                "estack": "AssertionError: Timed out retrying after 4000ms: Expected to find element: `#nav-item-1-user-management`, but never found it.\n    at ScopeofWorkPage.ScopeOfWorkTestPage_54 (webpack:///./cypress/e2e/pages/ScopeofWorkPage.js:985:7)\n    at Context.eval (webpack:///./cypress/e2e/tests/ScopeofWorkTestPage_54.cy.js:27:32)",
                "diff": null
              },
              "uuid": "2bbf5d09-bd1e-44a6-9f71-584b219d89a0",
              "parentUUID": "cca35d3a-841c-4e3f-ba49-f6363d47d48f",
              "isHook": false,
              "skipped": false
            }
          ],
          "suites": [],
          "passes": [],
          "failures": [
            "2bbf5d09-bd1e-44a6-9f71-584b219d89a0"
          ],
          "pending": [],
          "skipped": [],
          "duration": 33644,
          "root": false,
          "rootEmpty": false,
          "_timeout": 2000
        }
      ],
      "passes": [],
      "failures": [],
      "pending": [],
      "skipped": [],
      "duration": 0,
      "root": true,
      "rootEmpty": true,
      "_timeout": 2000
    }
  ],
  "meta": {
    "mocha": {
      "version": "7.0.1"
    },
    "mochawesome": {
      "options": {
        "quiet": false,
        "reportFilename": "mochawesome",
        "saveHtml": false,
        "saveJson": true,
        "consoleReporter": "spec",
        "useInlineDiffs": false,
        "code": true
      },
      "version": "7.1.3"
    },
    "marge": {
      "options": {
        "overwrite": false,
        "html": false,
        "json": true,
        "reportDir": "cypress\\reports\\html\\.jsons"
      },
      "version": "6.2.0"
    }
  }
}