{
  "stats": {
    "suites": 1,
    "tests": 1,
    "passes": 1,
    "pending": 0,
    "failures": 0,
    "start": "2026-07-23T09:57:11.610Z",
    "end": "2026-07-23T09:58:02.352Z",
    "duration": 50742,
    "testsRegistered": 1,
    "passPercent": 100,
    "pendingPercent": 0,
    "other": 0,
    "hasOther": false,
    "skipped": 0,
    "hasSkipped": false
  },
  "results": [
    {
      "uuid": "8acdacd0-ef52-4295-91a9-f8aedb17af13",
      "title": "",
      "fullFile": "cypress\\e2e\\tests\\AddStaffPageTest_916.cy.js",
      "file": "cypress\\e2e\\tests\\AddStaffPageTest_916.cy.js",
      "beforeHooks": [],
      "afterHooks": [],
      "tests": [],
      "suites": [
        {
          "uuid": "84e4ebd1-de21-4abc-a505-8a4316c70cf2",
          "title": "Usermanagement- Add Staff - .User clicked on mobile number field but did not enter any value then system should show an error as \"Mobile Number is required\" below to the field.",
          "fullFile": "",
          "file": "",
          "beforeHooks": [],
          "afterHooks": [],
          "tests": [
            {
              "title": "Add Staff - TC_ID_916",
              "fullTitle": "Usermanagement- Add Staff - .User clicked on mobile number field but did not enter any value then system should show an error as \"Mobile Number is required\" below to the field. Add Staff - TC_ID_916",
              "timedOut": null,
              "duration": 44270,
              "state": "passed",
              "speed": "slow",
              "pass": true,
              "fail": false,
              "pending": false,
              "context": null,
              "code": "(0, _testDataUtils.getTestData)('loginData', 'login').then(user => {\n  loginPage.login(user.Companyname, user.email, user.password);\n  cy.task('getExcelData', '../fixtures/userManagementData.xlsx').then(excelData => {\n    const firstRow = excelData['Sheet1'][0];\n    cy.wait(2000);\n    addStaffPage.Clikonusermanagement(); // Use the method without click\n    addStaffPage.Clikonaddstaff();\n    const employeeId = addStaffPage.fillemployeeID();\n    //addStaffPage.fillemployeeID(firstRow.EmployeeID);  // Correct method name and pass the argument\n    addStaffPage.fillfirstname(firstRow.FirstName);\n    addStaffPage.fillLastName(firstRow.lastname);\n  });\n});",
              "err": {},
              "uuid": "04288700-76c0-4776-96ab-cf284068b10b",
              "parentUUID": "84e4ebd1-de21-4abc-a505-8a4316c70cf2",
              "isHook": false,
              "skipped": false
            }
          ],
          "suites": [],
          "passes": [
            "04288700-76c0-4776-96ab-cf284068b10b"
          ],
          "failures": [],
          "pending": [],
          "skipped": [],
          "duration": 44270,
          "root": false,
          "rootEmpty": false,
          "_timeout": 2000
        }
      ],
      "passes": [],
      "failures": [],
      "pending": [],
      "skipped": [],
      "duration": 0,
      "root": true,
      "rootEmpty": true,
      "_timeout": 2000
    }
  ],
  "meta": {
    "mocha": {
      "version": "7.0.1"
    },
    "mochawesome": {
      "options": {
        "quiet": false,
        "reportFilename": "mochawesome",
        "saveHtml": false,
        "saveJson": true,
        "consoleReporter": "spec",
        "useInlineDiffs": false,
        "code": true
      },
      "version": "7.1.3"
    },
    "marge": {
      "options": {
        "overwrite": false,
        "html": false,
        "json": true,
        "reportDir": "cypress\\reports\\html\\.jsons"
      },
      "version": "6.2.0"
    }
  }
}