{
  "stats": {
    "suites": 1,
    "tests": 1,
    "passes": 0,
    "pending": 0,
    "failures": 1,
    "start": "2026-07-23T14:07:54.506Z",
    "end": "2026-07-23T14:09:02.614Z",
    "duration": 68108,
    "testsRegistered": 1,
    "passPercent": 0,
    "pendingPercent": 0,
    "other": 0,
    "hasOther": false,
    "skipped": 0,
    "hasSkipped": false
  },
  "results": [
    {
      "uuid": "6a132255-dffb-4371-a01a-ea671c80b66e",
      "title": "",
      "fullFile": "cypress\\e2e\\tests\\ScopeofWorkTestPage_04.cy.js",
      "file": "cypress\\e2e\\tests\\ScopeofWorkTestPage_04.cy.js",
      "beforeHooks": [],
      "afterHooks": [],
      "tests": [],
      "suites": [
        {
          "uuid": "2e27ac57-4237-4e1f-aceb-138c3f925609",
          "title": "User Management - Add staff - Scope of work - user select the product group in the scope of work",
          "fullFile": "",
          "file": "",
          "beforeHooks": [],
          "afterHooks": [],
          "tests": [
            {
              "title": "User Management - Scope of work - TC_ID_04",
              "fullTitle": "User Management - Add staff - Scope of work - user select the product group in the scope of work User Management - Scope of work - TC_ID_04",
              "timedOut": null,
              "duration": 52797,
              "state": "failed",
              "speed": null,
              "pass": false,
              "fail": true,
              "pending": false,
              "context": null,
              "code": "(0, _testDataUtils.getTestData)('loginData', 'login').then(user => {\n  loginPage.login(user.Companyname, user.email, user.password);\n  cy.wait(2000);\n  scopeofworkpage.ScopeOfWorkTestPage_04();\n});",
              "err": {
                "message": "AssertionError: Timed out retrying after 4000ms: Expected to find content: 'Search and select your Product Group(s)' but never did.",
                "estack": "AssertionError: Timed out retrying after 4000ms: Expected to find content: 'Search and select your Product Group(s)' but never did.\n    at ScopeofWorkPage.ScopeOfWorkTestPage_04 (webpack:///./cypress/e2e/pages/ScopeofWorkPage.js:59:59)\n    at Context.eval (webpack:///./cypress/e2e/tests/ScopeofWorkTestPage_04.cy.js:27:32)",
                "diff": null
              },
              "uuid": "e6d96b49-0be3-4d7f-8f89-cc5f245a0589",
              "parentUUID": "2e27ac57-4237-4e1f-aceb-138c3f925609",
              "isHook": false,
              "skipped": false
            }
          ],
          "suites": [],
          "passes": [],
          "failures": [
            "e6d96b49-0be3-4d7f-8f89-cc5f245a0589"
          ],
          "pending": [],
          "skipped": [],
          "duration": 52797,
          "root": false,
          "rootEmpty": false,
          "_timeout": 2000
        }
      ],
      "passes": [],
      "failures": [],
      "pending": [],
      "skipped": [],
      "duration": 0,
      "root": true,
      "rootEmpty": true,
      "_timeout": 2000
    }
  ],
  "meta": {
    "mocha": {
      "version": "7.0.1"
    },
    "mochawesome": {
      "options": {
        "quiet": false,
        "reportFilename": "mochawesome",
        "saveHtml": false,
        "saveJson": true,
        "consoleReporter": "spec",
        "useInlineDiffs": false,
        "code": true
      },
      "version": "7.1.3"
    },
    "marge": {
      "options": {
        "overwrite": false,
        "html": false,
        "json": true,
        "reportDir": "cypress\\reports\\html\\.jsons"
      },
      "version": "6.2.0"
    }
  }
}