{
  "stats": {
    "suites": 1,
    "tests": 1,
    "passes": 0,
    "pending": 0,
    "failures": 1,
    "start": "2026-07-23T08:58:04.593Z",
    "end": "2026-07-23T08:59:08.769Z",
    "duration": 64176,
    "testsRegistered": 1,
    "passPercent": 0,
    "pendingPercent": 0,
    "other": 0,
    "hasOther": false,
    "skipped": 0,
    "hasSkipped": false
  },
  "results": [
    {
      "uuid": "5f131bcc-a53a-4ab4-92ca-cba359a63e81",
      "title": "",
      "fullFile": "cypress\\e2e\\tests\\AddStaffPageTest_649.cy.js",
      "file": "cypress\\e2e\\tests\\AddStaffPageTest_649.cy.js",
      "beforeHooks": [],
      "afterHooks": [],
      "tests": [],
      "suites": [
        {
          "uuid": "3898564c-6ae0-4c28-baf1-05b29cac9aa1",
          "title": "Add Staff - Scope of Work - User should be able to select all fields in Scope of work The dropdown values of all these fields coming from BE using Product, bucket and geography masters.",
          "fullFile": "",
          "file": "",
          "beforeHooks": [],
          "afterHooks": [],
          "tests": [
            {
              "title": "Add Staff - TC_ID_649",
              "fullTitle": "Add Staff - Scope of Work - User should be able to select all fields in Scope of work The dropdown values of all these fields coming from BE using Product, bucket and geography masters. Add Staff - TC_ID_649",
              "timedOut": null,
              "duration": 56078,
              "state": "failed",
              "speed": null,
              "pass": false,
              "fail": true,
              "pending": false,
              "context": null,
              "code": "(0, _testDataUtils.getTestData)('loginData', 'login').then(user => {\n  loginPage.login(user.Companyname, user.email, user.password);\n  cy.task('getExcelData', '../fixtures/userManagementData.xlsx').then(excelData => {\n    const firstRow = excelData['Sheet1'][0];\n    cy.wait(2000);\n    addStaffPage.Clikonusermanagement();\n    addStaffPage.Clikonaddstaff();\n    const employeeId = addStaffPage.fillemployeeID();\n    //addStaffPage.fillemployeeID(firstRow.EmployeeID); \n    addStaffPage.fillfirstname(firstRow.FirstName);\n    addStaffPage.filllastname(firstRow.LastName);\n    addStaffPage.fillemailid(firstRow.EmailID);\n    addStaffPage.fillmobilenumber(firstRow.MobileNumber);\n    addStaffPage.ClikonSOW();\n    cy.wait(2000);\n    addStaffPage.ScopeOfWorkTestPage_02();\n    addStaffPage.clickonbbrm();\n    addStaffPage.fillbasebranch();\n  });\n});",
              "err": {
                "message": "AssertionError: Timed out retrying after 4000ms: Expected to find element: `.col-md-12.ng-star-inserted > .form-control-group > .form-ng-select > .ng-select-container > .ng-value-container > .ng-input > input`, but never found it.",
                "estack": "AssertionError: Timed out retrying after 4000ms: Expected to find element: `.col-md-12.ng-star-inserted > .form-control-group > .form-ng-select > .ng-select-container > .ng-value-container > .ng-input > input`, but never found it.\n    at AddStaffPage.ScopeOfWorkTestPage_02 (webpack:///./cypress/e2e/pages/AddStaffPage.js:291:7)\n    at Context.eval (webpack:///./cypress/e2e/tests/AddStaffPageTest_649.cy.js:42:29)",
                "diff": null
              },
              "uuid": "851d32cb-34de-4b9e-b939-a7599b0ad8c5",
              "parentUUID": "3898564c-6ae0-4c28-baf1-05b29cac9aa1",
              "isHook": false,
              "skipped": false
            }
          ],
          "suites": [],
          "passes": [],
          "failures": [
            "851d32cb-34de-4b9e-b939-a7599b0ad8c5"
          ],
          "pending": [],
          "skipped": [],
          "duration": 56078,
          "root": false,
          "rootEmpty": false,
          "_timeout": 2000
        }
      ],
      "passes": [],
      "failures": [],
      "pending": [],
      "skipped": [],
      "duration": 0,
      "root": true,
      "rootEmpty": true,
      "_timeout": 2000
    }
  ],
  "meta": {
    "mocha": {
      "version": "7.0.1"
    },
    "mochawesome": {
      "options": {
        "quiet": false,
        "reportFilename": "mochawesome",
        "saveHtml": false,
        "saveJson": true,
        "consoleReporter": "spec",
        "useInlineDiffs": false,
        "code": true
      },
      "version": "7.1.3"
    },
    "marge": {
      "options": {
        "overwrite": false,
        "html": false,
        "json": true,
        "reportDir": "cypress\\reports\\html\\.jsons"
      },
      "version": "6.2.0"
    }
  }
}