{
  "stats": {
    "suites": 1,
    "tests": 1,
    "passes": 0,
    "pending": 0,
    "failures": 1,
    "start": "2026-07-23T09:13:45.735Z",
    "end": "2026-07-23T09:14:27.487Z",
    "duration": 41752,
    "testsRegistered": 1,
    "passPercent": 0,
    "pendingPercent": 0,
    "other": 0,
    "hasOther": false,
    "skipped": 0,
    "hasSkipped": false
  },
  "results": [
    {
      "uuid": "b94fe24e-02b3-4ca4-98fc-9c52125277ee",
      "title": "",
      "fullFile": "cypress\\e2e\\tests\\AddStaffPageTest_661.cy.js",
      "file": "cypress\\e2e\\tests\\AddStaffPageTest_661.cy.js",
      "beforeHooks": [],
      "afterHooks": [],
      "tests": [],
      "suites": [
        {
          "uuid": "2298a34d-18eb-4f4a-8b82-9dc8583b390a",
          "title": "Add Staff - Department and Designations - User should be able to add department & designations by selecting department as \"Collections staff backend\" and designation as \"Bank collections backend\"",
          "fullFile": "",
          "file": "",
          "beforeHooks": [],
          "afterHooks": [],
          "tests": [
            {
              "title": "Add Staff - TC_ID_661",
              "fullTitle": "Add Staff - Department and Designations - User should be able to add department & designations by selecting department as \"Collections staff backend\" and designation as \"Bank collections backend\" Add Staff - TC_ID_661",
              "timedOut": null,
              "duration": 35599,
              "state": "failed",
              "speed": null,
              "pass": false,
              "fail": true,
              "pending": false,
              "context": null,
              "code": "(0, _testDataUtils.getTestData)('loginData', 'login').then(user => {\n  loginPage.login(user.Companyname, user.email, user.password);\n  cy.wait(2000);\n  cy.task('getExcelData', '../fixtures/userManagementData.xlsx').then(excelData => {\n    const firstRow = excelData['Sheet1'][0];\n    cy.wait(2000);\n    addStaffPage.Clikonusermanagement();\n    addStaffPage.Clikonaddstaff();\n    const employeeId = addStaffPage.fillemployeeID();\n    //addStaffPage.fillemployeeID(firstRow.EmployeeID); \n    addStaffPage.fillfirstname(firstRow.FirstName);\n    addStaffPage.filllastname(firstRow.LastName);\n    addStaffPage.fillemailid(firstRow.EmailID);\n    addStaffPage.fillmobilenumber(firstRow.MobileNumber);\n    cy.wait(2000);\n    addStaffPage.clickondandd();\n    cy.wait(2000);\n    addStaffPage.seleDD61();\n  });\n});",
              "err": {
                "message": "CypressError: Timed out retrying after 4050ms: `cy.click()` failed because this element:\n\n`<button _ngcontent-ng-c506527730=\"\" type=\"button\" class=\"btn btn-secondary mw-150px\">I Agree</button>`\n\nis being covered by another element:\n\n`<div _ngcontent-ng-c4185060958=\"\" class=\"global-loader-container\">...</div>`\n\nFix this problem, or use {force: true} to disable error checking.\n\nhttps://on.cypress.io/element-cannot-be-interacted-with",
                "estack": "CypressError: Timed out retrying after 4050ms: `cy.click()` failed because this element:\n\n`<button _ngcontent-ng-c506527730=\"\" type=\"button\" class=\"btn btn-secondary mw-150px\">I Agree</button>`\n\nis being covered by another element:\n\n`<div _ngcontent-ng-c4185060958=\"\" class=\"global-loader-container\">...</div>`\n\nFix this problem, or use {force: true} to disable error checking.\n\nhttps://on.cypress.io/element-cannot-be-interacted-with\n    at ensureIsDescendent (https://entqa.sumeruentiger.com/__cypress/runner/cypress_runner.js:112915:68)\n    at ensureDescendents (https://entqa.sumeruentiger.com/__cypress/runner/cypress_runner.js:112966:5)\n    at ensureDescendentsAndScroll (https://entqa.sumeruentiger.com/__cypress/runner/cypress_runner.js:112972:14)\n    at ensureElIsNotCovered (https://entqa.sumeruentiger.com/__cypress/runner/cypress_runner.js:113103:5)\n    at runAllChecks (https://entqa.sumeruentiger.com/__cypress/runner/cypress_runner.js:113302:52)\n    at retryActionability (https://entqa.sumeruentiger.com/__cypress/runner/cypress_runner.js:113339:16)\n    at tryCatcher (https://entqa.sumeruentiger.com/__cypress/runner/cypress_runner.js:1830:23)\n    at Promise.attempt.Promise.try (https://entqa.sumeruentiger.com/__cypress/runner/cypress_runner.js:4338:29)\n    at whenStable (https://entqa.sumeruentiger.com/__cypress/runner/cypress_runner.js:143744:68)\n    at <unknown> (https://entqa.sumeruentiger.com/__cypress/runner/cypress_runner.js:143685:14)\n    at tryCatcher (https://entqa.sumeruentiger.com/__cypress/runner/cypress_runner.js:1830:23)\n    at Promise._settlePromiseFromHandler (https://entqa.sumeruentiger.com/__cypress/runner/cypress_runner.js:1542:31)\n    at Promise._settlePromise (https://entqa.sumeruentiger.com/__cypress/runner/cypress_runner.js:1599:18)\n    at Promise._settlePromise0 (https://entqa.sumeruentiger.com/__cypress/runner/cypress_runner.js:1644:10)\n    at Promise._settlePromises (https://entqa.sumeruentiger.com/__cypress/runner/cypress_runner.js:1724:18)\n    at Promise._fulfill (https://entqa.sumeruentiger.com/__cypress/runner/cypress_runner.js:1668:18)\n    at <unknown> (https://entqa.sumeruentiger.com/__cypress/runner/cypress_runner.js:5473:46)\nFrom Your Spec Code:\n    at Context.eval (webpack:///./cypress/e2e/pages/LoginPage.js:83:37)",
                "diff": null
              },
              "uuid": "d5e4a221-7ee9-4566-abf8-5daaebc4f15e",
              "parentUUID": "2298a34d-18eb-4f4a-8b82-9dc8583b390a",
              "isHook": false,
              "skipped": false
            }
          ],
          "suites": [],
          "passes": [],
          "failures": [
            "d5e4a221-7ee9-4566-abf8-5daaebc4f15e"
          ],
          "pending": [],
          "skipped": [],
          "duration": 35599,
          "root": false,
          "rootEmpty": false,
          "_timeout": 2000
        }
      ],
      "passes": [],
      "failures": [],
      "pending": [],
      "skipped": [],
      "duration": 0,
      "root": true,
      "rootEmpty": true,
      "_timeout": 2000
    }
  ],
  "meta": {
    "mocha": {
      "version": "7.0.1"
    },
    "mochawesome": {
      "options": {
        "quiet": false,
        "reportFilename": "mochawesome",
        "saveHtml": false,
        "saveJson": true,
        "consoleReporter": "spec",
        "useInlineDiffs": false,
        "code": true
      },
      "version": "7.1.3"
    },
    "marge": {
      "options": {
        "overwrite": false,
        "html": false,
        "json": true,
        "reportDir": "cypress\\reports\\html\\.jsons"
      },
      "version": "6.2.0"
    }
  }
}