{
  "stats": {
    "suites": 1,
    "tests": 1,
    "passes": 1,
    "pending": 0,
    "failures": 0,
    "start": "2026-07-23T09:25:56.826Z",
    "end": "2026-07-23T09:27:09.868Z",
    "duration": 73042,
    "testsRegistered": 1,
    "passPercent": 100,
    "pendingPercent": 0,
    "other": 0,
    "hasOther": false,
    "skipped": 0,
    "hasSkipped": false
  },
  "results": [
    {
      "uuid": "147b655e-c272-482b-9d5c-7639c12a8bbe",
      "title": "",
      "fullFile": "cypress\\e2e\\tests\\AddStaffPageTest_670.cy.js",
      "file": "cypress\\e2e\\tests\\AddStaffPageTest_670.cy.js",
      "beforeHooks": [],
      "afterHooks": [],
      "tests": [],
      "suites": [
        {
          "uuid": "400b7d51-c082-4aa4-8a07-daa39f1de01c",
          "title": "Department and Designations - User should be able to add department & designations by selecting department as \"Collections staff frontend\" and designation as \"Regional collections head\" user can also click on add button to add one more department and designation",
          "fullFile": "",
          "file": "",
          "beforeHooks": [],
          "afterHooks": [],
          "tests": [
            {
              "title": "Add Staff - TC_ID_670",
              "fullTitle": "Department and Designations - User should be able to add department & designations by selecting department as \"Collections staff frontend\" and designation as \"Regional collections head\" user can also click on add button to add one more department and designation Add Staff - TC_ID_670",
              "timedOut": null,
              "duration": 66675,
              "state": "passed",
              "speed": "slow",
              "pass": true,
              "fail": false,
              "pending": false,
              "context": null,
              "code": "(0, _testDataUtils.getTestData)('loginData', 'login').then(user => {\n  loginPage.login(user.Companyname, user.email, user.password);\n  cy.wait(2000);\n  cy.task('getExcelData', '../fixtures/userManagementData.xlsx').then(excelData => {\n    const firstRow = excelData['Sheet1'][0];\n    cy.wait(2000);\n    addStaffPage.Clikonusermanagement();\n    addStaffPage.Clikonaddstaff();\n    const employeeId = addStaffPage.fillemployeeID();\n    //addStaffPage.fillemployeeID(firstRow.EmployeeID); \n    addStaffPage.fillfirstname(firstRow.FirstName);\n    addStaffPage.filllastname(firstRow.LastName);\n    addStaffPage.fillemailid(firstRow.EmailID);\n    addStaffPage.fillmobilenumber(firstRow.MobileNumber);\n    cy.wait(2000);\n    addStaffPage.clickondandd();\n    cy.wait(2000);\n    addStaffPage.seleDD70();\n  });\n});",
              "err": {},
              "uuid": "06b63e81-fcb8-455c-94c8-c01863a99b72",
              "parentUUID": "400b7d51-c082-4aa4-8a07-daa39f1de01c",
              "isHook": false,
              "skipped": false
            }
          ],
          "suites": [],
          "passes": [
            "06b63e81-fcb8-455c-94c8-c01863a99b72"
          ],
          "failures": [],
          "pending": [],
          "skipped": [],
          "duration": 66675,
          "root": false,
          "rootEmpty": false,
          "_timeout": 2000
        }
      ],
      "passes": [],
      "failures": [],
      "pending": [],
      "skipped": [],
      "duration": 0,
      "root": true,
      "rootEmpty": true,
      "_timeout": 2000
    }
  ],
  "meta": {
    "mocha": {
      "version": "7.0.1"
    },
    "mochawesome": {
      "options": {
        "quiet": false,
        "reportFilename": "mochawesome",
        "saveHtml": false,
        "saveJson": true,
        "consoleReporter": "spec",
        "useInlineDiffs": false,
        "code": true
      },
      "version": "7.1.3"
    },
    "marge": {
      "options": {
        "overwrite": false,
        "html": false,
        "json": true,
        "reportDir": "cypress\\reports\\html\\.jsons"
      },
      "version": "6.2.0"
    }
  }
}