{
  "stats": {
    "suites": 1,
    "tests": 1,
    "passes": 0,
    "pending": 0,
    "failures": 1,
    "start": "2026-07-23T13:02:19.517Z",
    "end": "2026-07-23T13:03:02.615Z",
    "duration": 43098,
    "testsRegistered": 1,
    "passPercent": 0,
    "pendingPercent": 0,
    "other": 0,
    "hasOther": false,
    "skipped": 0,
    "hasSkipped": false
  },
  "results": [
    {
      "uuid": "ec43d42f-f4eb-40f9-bd74-5c4bc45e1690",
      "title": "",
      "fullFile": "cypress\\e2e\\tests\\PaymentsPageTest_071.cy.js",
      "file": "cypress\\e2e\\tests\\PaymentsPageTest_071.cy.js",
      "beforeHooks": [],
      "afterHooks": [],
      "tests": [],
      "suites": [
        {
          "uuid": "e6a71e71-0675-4ee2-b020-0e790bad8eb7",
          "title": "Payments Module - Receive money from collector - Logged in user to view \"Receipt Cancellation Request\" sub module under payments module as per ACM",
          "fullFile": "",
          "file": "",
          "beforeHooks": [],
          "afterHooks": [],
          "tests": [
            {
              "title": "Payment - TC_ID_071",
              "fullTitle": "Payments Module - Receive money from collector - Logged in user to view \"Receipt Cancellation Request\" sub module under payments module as per ACM Payment - TC_ID_071",
              "timedOut": null,
              "duration": 35979,
              "state": "failed",
              "speed": null,
              "pass": false,
              "fail": true,
              "pending": false,
              "context": null,
              "code": "(0, _testDataUtils.getTestData)('loginData', 'login').then(user => {\n  loginPage.login(user.Companyname, user.email, user.password);\n  cy.wait(2000);\n  paymentsPage.ReceiptCancellationrequest_071();\n});",
              "err": {
                "message": "AssertionError: Timed out retrying after 4000ms: Expected to find element: `.payments > :nth-child(2) > :nth-child(4) > a.ng-star-inserted`, but never found it.",
                "estack": "AssertionError: Timed out retrying after 4000ms: Expected to find element: `.payments > :nth-child(2) > :nth-child(4) > a.ng-star-inserted`, but never found it.\n    at PaymentsPage.ReceiptCancellationrequest_071 (webpack:///./cypress/e2e/pages/PaymentsPage.js:1531:7)\n    at Context.eval (webpack:///./cypress/e2e/tests/PaymentsPageTest_071.cy.js:26:29)",
                "diff": null
              },
              "uuid": "75807c03-0d74-4e0e-9581-8e865fd6b867",
              "parentUUID": "e6a71e71-0675-4ee2-b020-0e790bad8eb7",
              "isHook": false,
              "skipped": false
            }
          ],
          "suites": [],
          "passes": [],
          "failures": [
            "75807c03-0d74-4e0e-9581-8e865fd6b867"
          ],
          "pending": [],
          "skipped": [],
          "duration": 35979,
          "root": false,
          "rootEmpty": false,
          "_timeout": 2000
        }
      ],
      "passes": [],
      "failures": [],
      "pending": [],
      "skipped": [],
      "duration": 0,
      "root": true,
      "rootEmpty": true,
      "_timeout": 2000
    }
  ],
  "meta": {
    "mocha": {
      "version": "7.0.1"
    },
    "mochawesome": {
      "options": {
        "quiet": false,
        "reportFilename": "mochawesome",
        "saveHtml": false,
        "saveJson": true,
        "consoleReporter": "spec",
        "useInlineDiffs": false,
        "code": true
      },
      "version": "7.1.3"
    },
    "marge": {
      "options": {
        "overwrite": false,
        "html": false,
        "json": true,
        "reportDir": "cypress\\reports\\html\\.jsons"
      },
      "version": "6.2.0"
    }
  }
}