{
  "stats": {
    "suites": 1,
    "tests": 1,
    "passes": 1,
    "pending": 0,
    "failures": 0,
    "start": "2026-07-23T11:55:50.507Z",
    "end": "2026-07-23T11:56:57.292Z",
    "duration": 66785,
    "testsRegistered": 1,
    "passPercent": 100,
    "pendingPercent": 0,
    "other": 0,
    "hasOther": false,
    "skipped": 0,
    "hasSkipped": false
  },
  "results": [
    {
      "uuid": "238000e3-ea6f-4272-a981-bf809cd9e06e",
      "title": "",
      "fullFile": "cypress\\e2e\\tests\\AgentEmpanelmentRequestPageTest_90.cy.js",
      "file": "cypress\\e2e\\tests\\AgentEmpanelmentRequestPageTest_90.cy.js",
      "beforeHooks": [],
      "afterHooks": [],
      "tests": [],
      "suites": [
        {
          "uuid": "a36ddcf9-de16-42a0-8489-2aa3abc2a27b",
          "title": "Agent Empanelment Request - Create Agent - Logged in user should be able to Upload Documents under documentation details section.",
          "fullFile": "",
          "file": "",
          "beforeHooks": [],
          "afterHooks": [],
          "tests": [
            {
              "title": "Agent Empanelment Request - TC_ID_90",
              "fullTitle": "Agent Empanelment Request - Create Agent - Logged in user should be able to Upload Documents under documentation details section. Agent Empanelment Request - TC_ID_90",
              "timedOut": null,
              "duration": 56792,
              "state": "passed",
              "speed": "slow",
              "pass": true,
              "fail": false,
              "pending": false,
              "context": null,
              "code": "(0, _testDataUtils.getTestData)('loginData', 'login').then(user => {\n  loginPage.login(user.Companyname, user.email, user.password);\n  cy.wait(2000);\n  agentemplimentationRequest.AgentEnpalmentRequest90();\n});",
              "err": {},
              "uuid": "95813e0f-28ec-4c14-ab36-df9ac16a09da",
              "parentUUID": "a36ddcf9-de16-42a0-8489-2aa3abc2a27b",
              "isHook": false,
              "skipped": false
            }
          ],
          "suites": [],
          "passes": [
            "95813e0f-28ec-4c14-ab36-df9ac16a09da"
          ],
          "failures": [],
          "pending": [],
          "skipped": [],
          "duration": 56792,
          "root": false,
          "rootEmpty": false,
          "_timeout": 2000
        }
      ],
      "passes": [],
      "failures": [],
      "pending": [],
      "skipped": [],
      "duration": 0,
      "root": true,
      "rootEmpty": true,
      "_timeout": 2000
    }
  ],
  "meta": {
    "mocha": {
      "version": "7.0.1"
    },
    "mochawesome": {
      "options": {
        "quiet": false,
        "reportFilename": "mochawesome",
        "saveHtml": false,
        "saveJson": true,
        "consoleReporter": "spec",
        "useInlineDiffs": false,
        "code": true
      },
      "version": "7.1.3"
    },
    "marge": {
      "options": {
        "overwrite": false,
        "html": false,
        "json": true,
        "reportDir": "cypress\\reports\\html\\.jsons"
      },
      "version": "6.2.0"
    }
  }
}