{
  "stats": {
    "suites": 1,
    "tests": 1,
    "passes": 1,
    "pending": 0,
    "failures": 0,
    "start": "2026-07-23T13:58:58.386Z",
    "end": "2026-07-23T13:59:52.153Z",
    "duration": 53767,
    "testsRegistered": 1,
    "passPercent": 100,
    "pendingPercent": 0,
    "other": 0,
    "hasOther": false,
    "skipped": 0,
    "hasSkipped": false
  },
  "results": [
    {
      "uuid": "ed52c08a-e41c-41dc-b38b-b455cd058f41",
      "title": "",
      "fullFile": "cypress\\e2e\\tests\\PaymentsPageTest_1419.cy.js",
      "file": "cypress\\e2e\\tests\\PaymentsPageTest_1419.cy.js",
      "beforeHooks": [],
      "afterHooks": [],
      "tests": [],
      "suites": [
        {
          "uuid": "98442a9c-a709-4a46-b2b9-559504b7c0fe",
          "title": "Payments Module - Receive money from collector - Logged in user to click on search button directly without selecting the mandatory fields.",
          "fullFile": "",
          "file": "",
          "beforeHooks": [],
          "afterHooks": [],
          "tests": [
            {
              "title": "Payment - TC_ID_1419",
              "fullTitle": "Payments Module - Receive money from collector - Logged in user to click on search button directly without selecting the mandatory fields. Payment - TC_ID_1419",
              "timedOut": null,
              "duration": 40822,
              "state": "passed",
              "speed": "slow",
              "pass": true,
              "fail": false,
              "pending": false,
              "context": null,
              "code": "(0, _testDataUtils.getTestData)('loginData', 'login').then(user => {\n  loginPage.login(user.Companyname, user.email, user.password);\n  cy.wait(2000);\n  paymentsPage.PaymentModule();\n});",
              "err": {},
              "uuid": "cce252ca-1666-42ec-9261-5b0c57cf28a1",
              "parentUUID": "98442a9c-a709-4a46-b2b9-559504b7c0fe",
              "isHook": false,
              "skipped": false
            }
          ],
          "suites": [],
          "passes": [
            "cce252ca-1666-42ec-9261-5b0c57cf28a1"
          ],
          "failures": [],
          "pending": [],
          "skipped": [],
          "duration": 40822,
          "root": false,
          "rootEmpty": false,
          "_timeout": 2000
        }
      ],
      "passes": [],
      "failures": [],
      "pending": [],
      "skipped": [],
      "duration": 0,
      "root": true,
      "rootEmpty": true,
      "_timeout": 2000
    }
  ],
  "meta": {
    "mocha": {
      "version": "7.0.1"
    },
    "mochawesome": {
      "options": {
        "quiet": false,
        "reportFilename": "mochawesome",
        "saveHtml": false,
        "saveJson": true,
        "consoleReporter": "spec",
        "useInlineDiffs": false,
        "code": true
      },
      "version": "7.1.3"
    },
    "marge": {
      "options": {
        "overwrite": false,
        "html": false,
        "json": true,
        "reportDir": "cypress\\reports\\html\\.jsons"
      },
      "version": "6.2.0"
    }
  }
}