{
  "stats": {
    "suites": 1,
    "tests": 1,
    "passes": 0,
    "pending": 0,
    "failures": 1,
    "start": "2026-07-23T12:10:57.057Z",
    "end": "2026-07-23T12:11:46.418Z",
    "duration": 49361,
    "testsRegistered": 1,
    "passPercent": 0,
    "pendingPercent": 0,
    "other": 0,
    "hasOther": false,
    "skipped": 0,
    "hasSkipped": false
  },
  "results": [
    {
      "uuid": "e16383e6-f0e6-44b4-aef4-b66da5f46ac1",
      "title": "",
      "fullFile": "cypress\\e2e\\tests\\DashboardTestPage_033.cy.js",
      "file": "cypress\\e2e\\tests\\DashboardTestPage_033.cy.js",
      "beforeHooks": [],
      "afterHooks": [],
      "tests": [],
      "suites": [
        {
          "uuid": "c3507dfb-2a6a-421c-a7db-5bc00fe06701",
          "title": "Dashboard - Search account -Verify whether navigated account detail screen under Note History tab user is able to add the notes.",
          "fullFile": "",
          "file": "",
          "beforeHooks": [],
          "afterHooks": [],
          "tests": [
            {
              "title": "Payment - TC_ID_033",
              "fullTitle": "Dashboard - Search account -Verify whether navigated account detail screen under Note History tab user is able to add the notes. Payment - TC_ID_033",
              "timedOut": null,
              "duration": 40360,
              "state": "failed",
              "speed": null,
              "pass": false,
              "fail": true,
              "pending": false,
              "context": null,
              "code": "(0, _testDataUtils.getTestData)('loginData', 'login').then(user => {\n  loginPage.login(user.Companyname, user.email, user.password);\n  cy.wait(2000);\n  dashboardpage.DashboardTestPage_033();\n});",
              "err": {
                "message": "AssertionError: Timed out retrying after 4000ms: Expected to find content: 'Account Search' but never did.",
                "estack": "AssertionError: Timed out retrying after 4000ms: Expected to find content: 'Account Search' but never did.\n    at DashboardPage.DashboardTestPage_033 (webpack:///./cypress/e2e/pages/DashboardPage.js:346:34)\n    at Context.eval (webpack:///./cypress/e2e/tests/DashboardTestPage_033.cy.js:27:30)",
                "diff": null
              },
              "uuid": "cfd55d96-666a-4b4a-bedb-18d2e95a7606",
              "parentUUID": "c3507dfb-2a6a-421c-a7db-5bc00fe06701",
              "isHook": false,
              "skipped": false
            }
          ],
          "suites": [],
          "passes": [],
          "failures": [
            "cfd55d96-666a-4b4a-bedb-18d2e95a7606"
          ],
          "pending": [],
          "skipped": [],
          "duration": 40360,
          "root": false,
          "rootEmpty": false,
          "_timeout": 2000
        }
      ],
      "passes": [],
      "failures": [],
      "pending": [],
      "skipped": [],
      "duration": 0,
      "root": true,
      "rootEmpty": true,
      "_timeout": 2000
    }
  ],
  "meta": {
    "mocha": {
      "version": "7.0.1"
    },
    "mochawesome": {
      "options": {
        "quiet": false,
        "reportFilename": "mochawesome",
        "saveHtml": false,
        "saveJson": true,
        "consoleReporter": "spec",
        "useInlineDiffs": false,
        "code": true
      },
      "version": "7.1.3"
    },
    "marge": {
      "options": {
        "overwrite": false,
        "html": false,
        "json": true,
        "reportDir": "cypress\\reports\\html\\.jsons"
      },
      "version": "6.2.0"
    }
  }
}