{
  "stats": {
    "suites": 1,
    "tests": 1,
    "passes": 1,
    "pending": 0,
    "failures": 0,
    "start": "2026-07-23T12:51:26.223Z",
    "end": "2026-07-23T12:52:03.494Z",
    "duration": 37271,
    "testsRegistered": 1,
    "passPercent": 100,
    "pendingPercent": 0,
    "other": 0,
    "hasOther": false,
    "skipped": 0,
    "hasSkipped": false
  },
  "results": [
    {
      "uuid": "ca1f44a2-3058-4e4e-9da8-9c262b23418b",
      "title": "",
      "fullFile": "cypress\\e2e\\tests\\PaymentsPageTest_061.cy.js",
      "file": "cypress\\e2e\\tests\\PaymentsPageTest_061.cy.js",
      "beforeHooks": [],
      "afterHooks": [],
      "tests": [],
      "suites": [
        {
          "uuid": "ef3374f4-5aa8-4188-9b2b-45f406e8feed",
          "title": "Payments Module - Search and edit batch - Logged in user to view Search and Edit Batch under payment module as per ACM",
          "fullFile": "",
          "file": "",
          "beforeHooks": [],
          "afterHooks": [],
          "tests": [
            {
              "title": "Payment - TC_ID_061",
              "fullTitle": "Payments Module - Search and edit batch - Logged in user to view Search and Edit Batch under payment module as per ACM Payment - TC_ID_061",
              "timedOut": null,
              "duration": 32037,
              "state": "passed",
              "speed": "slow",
              "pass": true,
              "fail": false,
              "pending": false,
              "context": null,
              "code": "(0, _testDataUtils.getTestData)('loginData', 'login').then(user => {\n  loginPage.login(user.Companyname, user.email, user.password);\n  cy.wait(2000);\n  paymentsPage.SearchandEditBatch063();\n});",
              "err": {},
              "uuid": "ae889d06-7e05-42d4-9b60-9f369f940e6b",
              "parentUUID": "ef3374f4-5aa8-4188-9b2b-45f406e8feed",
              "isHook": false,
              "skipped": false
            }
          ],
          "suites": [],
          "passes": [
            "ae889d06-7e05-42d4-9b60-9f369f940e6b"
          ],
          "failures": [],
          "pending": [],
          "skipped": [],
          "duration": 32037,
          "root": false,
          "rootEmpty": false,
          "_timeout": 2000
        }
      ],
      "passes": [],
      "failures": [],
      "pending": [],
      "skipped": [],
      "duration": 0,
      "root": true,
      "rootEmpty": true,
      "_timeout": 2000
    }
  ],
  "meta": {
    "mocha": {
      "version": "7.0.1"
    },
    "mochawesome": {
      "options": {
        "quiet": false,
        "reportFilename": "mochawesome",
        "saveHtml": false,
        "saveJson": true,
        "consoleReporter": "spec",
        "useInlineDiffs": false,
        "code": true
      },
      "version": "7.1.3"
    },
    "marge": {
      "options": {
        "overwrite": false,
        "html": false,
        "json": true,
        "reportDir": "cypress\\reports\\html\\.jsons"
      },
      "version": "6.2.0"
    }
  }
}