{
  "stats": {
    "suites": 1,
    "tests": 1,
    "passes": 1,
    "pending": 0,
    "failures": 0,
    "start": "2026-07-23T14:34:05.646Z",
    "end": "2026-07-23T14:35:02.865Z",
    "duration": 57219,
    "testsRegistered": 1,
    "passPercent": 100,
    "pendingPercent": 0,
    "other": 0,
    "hasOther": false,
    "skipped": 0,
    "hasSkipped": false
  },
  "results": [
    {
      "uuid": "7b61db3b-b39c-4dda-80b5-7ccd7a838e12",
      "title": "",
      "fullFile": "cypress\\e2e\\tests\\ScopeofWorkTestPage_27.cy.js",
      "file": "cypress\\e2e\\tests\\ScopeofWorkTestPage_27.cy.js",
      "beforeHooks": [],
      "afterHooks": [],
      "tests": [],
      "suites": [
        {
          "uuid": "fea29c01-4ade-4a6f-bf4c-624f4cf1d241",
          "title": "User Management -Add staff- Scope of work - user click on bucket dropdown and select the more than one values",
          "fullFile": "",
          "file": "",
          "beforeHooks": [],
          "afterHooks": [],
          "tests": [
            {
              "title": "User Management - Scope of work - TC_ID_27",
              "fullTitle": "User Management -Add staff- Scope of work - user click on bucket dropdown and select the more than one values User Management - Scope of work - TC_ID_27",
              "timedOut": null,
              "duration": 48226,
              "state": "passed",
              "speed": "slow",
              "pass": true,
              "fail": false,
              "pending": false,
              "context": null,
              "code": "(0, _testDataUtils.getTestData)('loginData', 'login').then(user => {\n  loginPage.login(user.Companyname, user.email, user.password);\n  cy.wait(2000);\n  scopeofworkpage.ScopeOfWorkTestPage_27();\n});",
              "err": {},
              "uuid": "8bd58bd9-2879-42b0-b865-509a57edbe62",
              "parentUUID": "fea29c01-4ade-4a6f-bf4c-624f4cf1d241",
              "isHook": false,
              "skipped": false
            }
          ],
          "suites": [],
          "passes": [
            "8bd58bd9-2879-42b0-b865-509a57edbe62"
          ],
          "failures": [],
          "pending": [],
          "skipped": [],
          "duration": 48226,
          "root": false,
          "rootEmpty": false,
          "_timeout": 2000
        }
      ],
      "passes": [],
      "failures": [],
      "pending": [],
      "skipped": [],
      "duration": 0,
      "root": true,
      "rootEmpty": true,
      "_timeout": 2000
    }
  ],
  "meta": {
    "mocha": {
      "version": "7.0.1"
    },
    "mochawesome": {
      "options": {
        "quiet": false,
        "reportFilename": "mochawesome",
        "saveHtml": false,
        "saveJson": true,
        "consoleReporter": "spec",
        "useInlineDiffs": false,
        "code": true
      },
      "version": "7.1.3"
    },
    "marge": {
      "options": {
        "overwrite": false,
        "html": false,
        "json": true,
        "reportDir": "cypress\\reports\\html\\.jsons"
      },
      "version": "6.2.0"
    }
  }
}