{
  "stats": {
    "suites": 1,
    "tests": 2,
    "passes": 0,
    "pending": 0,
    "failures": 2,
    "start": "2026-07-23T09:48:48.539Z",
    "end": "2026-07-23T09:49:45.107Z",
    "duration": 56568,
    "testsRegistered": 2,
    "passPercent": 0,
    "pendingPercent": 0,
    "other": 0,
    "hasOther": false,
    "skipped": 0,
    "hasSkipped": false
  },
  "results": [
    {
      "uuid": "8287641d-0a9f-4c53-bca9-d64302a9b94f",
      "title": "",
      "fullFile": "cypress\\e2e\\tests\\AddStaffPageTest_80.cy.js",
      "file": "cypress\\e2e\\tests\\AddStaffPageTest_80.cy.js",
      "beforeHooks": [],
      "afterHooks": [],
      "tests": [],
      "suites": [
        {
          "uuid": "f5326904-d71d-4981-aa7f-79c9d54c0cac",
          "title": "User Management - Add Staff-Once staff submitted for approval, email notification to be received on the provided email id.",
          "fullFile": "",
          "file": "",
          "beforeHooks": [],
          "afterHooks": [],
          "tests": [
            {
              "title": "Add Staff - TC_ID_80",
              "fullTitle": "User Management - Add Staff-Once staff submitted for approval, email notification to be received on the provided email id. Add Staff - TC_ID_80",
              "timedOut": null,
              "duration": 35500,
              "state": "failed",
              "speed": null,
              "pass": false,
              "fail": true,
              "pending": false,
              "context": null,
              "code": "(0, _testDataUtils.getTestData)('loginData', 'login').then(user => {\n  loginPage.login(user.Companyname, user.email, user.password);\n  cy.task('getExcelData', '../fixtures/userManagementData.xlsx').then(excelData => {\n    const firstRow = excelData['Sheet1'][0];\n    cy.wait(2000);\n    addStaffPage.Clikonusermanagement(); // Use the method without click\n    addStaffPage.ClickonSttafEmp();\n    addStaffPage.Clikonaddstaff();\n    addStaffPage.selectUserType();\n    addStaffPage.fillemployeeID(firstRow.EmployeeID); // Correct method name and pass the argument\n    addStaffPage.fillfirstname(firstRow.FirstName);\n    addStaffPage.filllastname(firstRow.LastName);\n    addStaffPage.fillemailid(firstRow.EmailID);\n    addStaffPage.fillmobilenumber(firstRow.MobileNumber);\n    addStaffPage.typeexistingcode();\n    addStaffPage.clickondandd();\n    cy.wait(2000);\n    // addStaffPage.clickOnAdd();\n    // cy.wait(2000);\n    addStaffPage.fillDepartment('Audit and Risk', 0);\n    addStaffPage.fillDesignation('Audit Manager', 0);\n    cy.wait(1000);\n    addStaffPage.clickonWallet();\n    addStaffPage.ClikonSOW();\n    cy.wait(2000);\n    addStaffPage.ScopeOfWorkTestPage_01();\n    cy.wait(2000);\n    addStaffPage.clickonbbrm();\n    cy.wait(2000);\n    addStaffPage.fillbasebranch();\n    cy.wait(2000);\n    // addStaffPage.clickonPlaceOkWork();\n    // cy.wait(2000);\n    // addStaffPage.ClickOnSkill();\n    // cy.wait(5000);\n    addStaffPage.clickonsubmitstaffprofile();\n    cy.wait(3000);\n    cy.get('#empStatus').select(\"Pending Approval\");\n    cy.wait(2000);\n    cy.get('#btn-search').click();\n    cy.wait(2000);\n    cy.get('.avatar').click();\n    cy.wait(2000);\n    cy.get(':nth-child(3) > .dropdown-item').click();\n    cy.wait(5000);\n  });\n});",
              "err": {
                "message": "TypeError: addStaffPage.typeexistingcode is not a function",
                "estack": "TypeError: addStaffPage.typeexistingcode is not a function\n    at Context.eval (webpack:///./cypress/e2e/tests/AddStaffPageTest_80.cy.js:41:29)",
                "diff": null
              },
              "uuid": "516ab3ac-4bc8-48d9-b0ce-ea8636077b69",
              "parentUUID": "f5326904-d71d-4981-aa7f-79c9d54c0cac",
              "isHook": false,
              "skipped": false
            },
            {
              "title": "Successfully logs in with valid credentials",
              "fullTitle": "User Management - Add Staff-Once staff submitted for approval, email notification to be received on the provided email id. Successfully logs in with valid credentials",
              "timedOut": null,
              "duration": 12435,
              "state": "failed",
              "speed": null,
              "pass": false,
              "fail": true,
              "pending": false,
              "context": null,
              "code": "(0, _testDataUtils.getTestData)('loginData', 'login1').then(user => {\n  loginPage.login(user.Companyname, user.email, user.password);\n  addStaffPage.Clikonusermanagement();\n  cy.wait(2000);\n  addStaffPage.ClickonSttafEmp();\n  cy.wait(2000);\n  addStaffPage.clickSearchStaff();\n  cy.wait(2000);\n  addStaffPage.Approval();\n  cy.wait(2000);\n});",
              "err": {
                "message": "CypressError: `cy.type()` can only accept a string or number. You passed in: `undefined`\n\nhttps://on.cypress.io/type",
                "estack": "CypressError: `cy.type()` can only accept a string or number. You passed in: `undefined`\n\nhttps://on.cypress.io/type\n    at Context.type (https://entqa.sumeruentiger.com/__cypress/runner/cypress_runner.js:115380:68)\n    at wrapped (https://entqa.sumeruentiger.com/__cypress/runner/cypress_runner.js:138092:19)\nFrom Your Spec Code:\n    at LoginPage.fillUsername (webpack:///./cypress/e2e/pages/LoginPage1.js:59:40)\n    at LoginPage.login (webpack:///./cypress/e2e/pages/LoginPage1.js:103:11)\n    at Context.eval (webpack:///./cypress/e2e/tests/AddStaffPageTest_80.cy.js:94:34)",
                "diff": null
              },
              "uuid": "513030a1-06ce-4357-9832-721398509e72",
              "parentUUID": "f5326904-d71d-4981-aa7f-79c9d54c0cac",
              "isHook": false,
              "skipped": false
            }
          ],
          "suites": [],
          "passes": [],
          "failures": [
            "516ab3ac-4bc8-48d9-b0ce-ea8636077b69",
            "513030a1-06ce-4357-9832-721398509e72"
          ],
          "pending": [],
          "skipped": [],
          "duration": 47935,
          "root": false,
          "rootEmpty": false,
          "_timeout": 2000
        }
      ],
      "passes": [],
      "failures": [],
      "pending": [],
      "skipped": [],
      "duration": 0,
      "root": true,
      "rootEmpty": true,
      "_timeout": 2000
    }
  ],
  "meta": {
    "mocha": {
      "version": "7.0.1"
    },
    "mochawesome": {
      "options": {
        "quiet": false,
        "reportFilename": "mochawesome",
        "saveHtml": false,
        "saveJson": true,
        "consoleReporter": "spec",
        "useInlineDiffs": false,
        "code": true
      },
      "version": "7.1.3"
    },
    "marge": {
      "options": {
        "overwrite": false,
        "html": false,
        "json": true,
        "reportDir": "cypress\\reports\\html\\.jsons"
      },
      "version": "6.2.0"
    }
  }
}