{
  "stats": {
    "suites": 1,
    "tests": 1,
    "passes": 0,
    "pending": 0,
    "failures": 1,
    "start": "2026-07-23T13:49:36.749Z",
    "end": "2026-07-23T13:50:21.155Z",
    "duration": 44406,
    "testsRegistered": 1,
    "passPercent": 0,
    "pendingPercent": 0,
    "other": 0,
    "hasOther": false,
    "skipped": 0,
    "hasSkipped": false
  },
  "results": [
    {
      "uuid": "e3133c59-dbf1-4ee6-85e1-1b355cb0ad53",
      "title": "",
      "fullFile": "cypress\\e2e\\tests\\PaymentsPageTest_1410.cy.js",
      "file": "cypress\\e2e\\tests\\PaymentsPageTest_1410.cy.js",
      "beforeHooks": [],
      "afterHooks": [],
      "tests": [],
      "suites": [
        {
          "uuid": "3558de92-4820-41a6-9bed-8da200fc6b53",
          "title": "Payments Module - Search and send duplicate email e-receipt & SMS - Logged in user clicked on customer account number field but did not enter any value.",
          "fullFile": "",
          "file": "",
          "beforeHooks": [],
          "afterHooks": [],
          "tests": [
            {
              "title": "Payment - TC_ID_1410",
              "fullTitle": "Payments Module - Search and send duplicate email e-receipt & SMS - Logged in user clicked on customer account number field but did not enter any value. Payment - TC_ID_1410",
              "timedOut": null,
              "duration": 36130,
              "state": "failed",
              "speed": null,
              "pass": false,
              "fail": true,
              "pending": false,
              "context": null,
              "code": "(0, _testDataUtils.getTestData)('loginData', 'login').then(user => {\n  loginPage.login(user.Companyname, user.email, user.password);\n  cy.wait(2000);\n  paymentsPage.sendduplicateemailereceiptSMS1413();\n});",
              "err": {
                "message": "AssertionError: Timed out retrying after 4000ms: Expected to find element: `.payments > :nth-child(2) > :nth-child(4) > a.ng-star-inserted`, but never found it.",
                "estack": "AssertionError: Timed out retrying after 4000ms: Expected to find element: `.payments > :nth-child(2) > :nth-child(4) > a.ng-star-inserted`, but never found it.\n    at PaymentsPage.sendduplicateemailereceiptSMS1413 (webpack:///./cypress/e2e/pages/PaymentsPage.js:1680:7)\n    at Context.eval (webpack:///./cypress/e2e/tests/PaymentsPageTest_1410.cy.js:27:29)",
                "diff": null
              },
              "uuid": "84e8edac-2238-4acb-b0a4-5070386fe2d2",
              "parentUUID": "3558de92-4820-41a6-9bed-8da200fc6b53",
              "isHook": false,
              "skipped": false
            }
          ],
          "suites": [],
          "passes": [],
          "failures": [
            "84e8edac-2238-4acb-b0a4-5070386fe2d2"
          ],
          "pending": [],
          "skipped": [],
          "duration": 36130,
          "root": false,
          "rootEmpty": false,
          "_timeout": 2000
        }
      ],
      "passes": [],
      "failures": [],
      "pending": [],
      "skipped": [],
      "duration": 0,
      "root": true,
      "rootEmpty": true,
      "_timeout": 2000
    }
  ],
  "meta": {
    "mocha": {
      "version": "7.0.1"
    },
    "mochawesome": {
      "options": {
        "quiet": false,
        "reportFilename": "mochawesome",
        "saveHtml": false,
        "saveJson": true,
        "consoleReporter": "spec",
        "useInlineDiffs": false,
        "code": true
      },
      "version": "7.1.3"
    },
    "marge": {
      "options": {
        "overwrite": false,
        "html": false,
        "json": true,
        "reportDir": "cypress\\reports\\html\\.jsons"
      },
      "version": "6.2.0"
    }
  }
}