{
  "stats": {
    "suites": 1,
    "tests": 1,
    "passes": 0,
    "pending": 0,
    "failures": 1,
    "start": "2026-07-23T15:00:21.832Z",
    "end": "2026-07-23T15:00:59.961Z",
    "duration": 38129,
    "testsRegistered": 1,
    "passPercent": 0,
    "pendingPercent": 0,
    "other": 0,
    "hasOther": false,
    "skipped": 0,
    "hasSkipped": false
  },
  "results": [
    {
      "uuid": "68754b51-0b03-4b14-8bc0-39d1cadea59e",
      "title": "",
      "fullFile": "cypress\\e2e\\tests\\ScopeofWorkTestPage_56.cy.js",
      "file": "cypress\\e2e\\tests\\ScopeofWorkTestPage_56.cy.js",
      "beforeHooks": [],
      "afterHooks": [],
      "tests": [],
      "suites": [
        {
          "uuid": "b2810c2f-151f-40c8-94a8-17a4d5983090",
          "title": "User Management - Add agent - Scope of work - user select the dropdown in the sub-product in the scope of work",
          "fullFile": "",
          "file": "",
          "beforeHooks": [],
          "afterHooks": [],
          "tests": [
            {
              "title": "User Management - Scope of work - TC_ID_56",
              "fullTitle": "User Management - Add agent - Scope of work - user select the dropdown in the sub-product in the scope of work User Management - Scope of work - TC_ID_56",
              "timedOut": null,
              "duration": 33420,
              "state": "failed",
              "speed": null,
              "pass": false,
              "fail": true,
              "pending": false,
              "context": null,
              "code": "(0, _testDataUtils.getTestData)('loginData', 'login').then(user => {\n  loginPage.login(user.Companyname, user.email, user.password);\n  cy.wait(2000);\n  scopeofworkpage.ScopeOfWorkTestPage_56();\n});",
              "err": {
                "message": "AssertionError: Timed out retrying after 4000ms: Expected to find element: `#nav-item-1-user-management`, but never found it.",
                "estack": "AssertionError: Timed out retrying after 4000ms: Expected to find element: `#nav-item-1-user-management`, but never found it.\n    at ScopeofWorkPage.ScopeOfWorkTestPage_56 (webpack:///./cypress/e2e/pages/ScopeofWorkPage.js:1027:7)\n    at Context.eval (webpack:///./cypress/e2e/tests/ScopeofWorkTestPage_56.cy.js:27:32)",
                "diff": null
              },
              "uuid": "c4eb157b-0fcf-436a-b8de-c09ba2e386ec",
              "parentUUID": "b2810c2f-151f-40c8-94a8-17a4d5983090",
              "isHook": false,
              "skipped": false
            }
          ],
          "suites": [],
          "passes": [],
          "failures": [
            "c4eb157b-0fcf-436a-b8de-c09ba2e386ec"
          ],
          "pending": [],
          "skipped": [],
          "duration": 33420,
          "root": false,
          "rootEmpty": false,
          "_timeout": 2000
        }
      ],
      "passes": [],
      "failures": [],
      "pending": [],
      "skipped": [],
      "duration": 0,
      "root": true,
      "rootEmpty": true,
      "_timeout": 2000
    }
  ],
  "meta": {
    "mocha": {
      "version": "7.0.1"
    },
    "mochawesome": {
      "options": {
        "quiet": false,
        "reportFilename": "mochawesome",
        "saveHtml": false,
        "saveJson": true,
        "consoleReporter": "spec",
        "useInlineDiffs": false,
        "code": true
      },
      "version": "7.1.3"
    },
    "marge": {
      "options": {
        "overwrite": false,
        "html": false,
        "json": true,
        "reportDir": "cypress\\reports\\html\\.jsons"
      },
      "version": "6.2.0"
    }
  }
}