{
  "stats": {
    "suites": 1,
    "tests": 1,
    "passes": 0,
    "pending": 0,
    "failures": 1,
    "start": "2026-07-23T09:07:21.505Z",
    "end": "2026-07-23T09:08:52.891Z",
    "duration": 91386,
    "testsRegistered": 1,
    "passPercent": 0,
    "pendingPercent": 0,
    "other": 0,
    "hasOther": false,
    "skipped": 0,
    "hasSkipped": false
  },
  "results": [
    {
      "uuid": "b07a7631-1e5f-41e5-8c65-a42dca1cae77",
      "title": "",
      "fullFile": "cypress\\e2e\\tests\\AddStaffPageTest_657.cy.js",
      "file": "cypress\\e2e\\tests\\AddStaffPageTest_657.cy.js",
      "beforeHooks": [],
      "afterHooks": [],
      "tests": [],
      "suites": [
        {
          "uuid": "5226a320-d715-4d1c-981e-d049d74e9c61",
          "title": "Add Staff - Department and Designations - User should be able to add department & designations by selecting department as \"Branch Frontend\" and designation as \"Branch supervisor\"",
          "fullFile": "",
          "file": "",
          "beforeHooks": [],
          "afterHooks": [],
          "tests": [
            {
              "title": "Add Staff - TC_ID_657",
              "fullTitle": "Add Staff - Department and Designations - User should be able to add department & designations by selecting department as \"Branch Frontend\" and designation as \"Branch supervisor\" Add Staff - TC_ID_657",
              "timedOut": null,
              "duration": 84649,
              "state": "failed",
              "speed": null,
              "pass": false,
              "fail": true,
              "pending": false,
              "context": null,
              "code": "(0, _testDataUtils.getTestData)('loginData', 'login').then(user => {\n  loginPage.login(user.Companyname, user.email, user.password);\n  cy.wait(2000);\n  cy.task('getExcelData', '../fixtures/userManagementData.xlsx').then(excelData => {\n    const firstRow = excelData['Sheet1'][0];\n    cy.wait(2000);\n    addStaffPage.Clikonusermanagement();\n    addStaffPage.Clikonaddstaff();\n    const employeeId = addStaffPage.fillemployeeID();\n    //addStaffPage.fillemployeeID(firstRow.EmployeeID); \n    addStaffPage.fillfirstname(firstRow.FirstName);\n    addStaffPage.filllastname(firstRow.LastName);\n    addStaffPage.fillemailid(firstRow.EmailID);\n    addStaffPage.fillmobilenumber(firstRow.MobileNumber);\n    cy.wait(2000);\n    addStaffPage.clickondandd();\n    cy.wait(2000);\n    addStaffPage.seleDD57();\n  });\n});",
              "err": {
                "message": "CypressError: Timed out retrying after 4000ms: `cy.select()` failed because it could not find a single `<option>` with value, index, or text matching: `Branch Supervisor`\n\nhttps://on.cypress.io/select",
                "estack": "CypressError: Timed out retrying after 4000ms: `cy.select()` failed because it could not find a single `<option>` with value, index, or text matching: `Branch Supervisor`\n\nhttps://on.cypress.io/select\n    at getOptions (https://entqa.sumeruentiger.com/__cypress/runner/cypress_runner.js:114180:72)\n    at tryCatcher (https://entqa.sumeruentiger.com/__cypress/runner/cypress_runner.js:1830:23)\n    at Promise.attempt.Promise.try (https://entqa.sumeruentiger.com/__cypress/runner/cypress_runner.js:4338:29)\n    at retryOptions (https://entqa.sumeruentiger.com/__cypress/runner/cypress_runner.js:114212:70)\n    at tryCatcher (https://entqa.sumeruentiger.com/__cypress/runner/cypress_runner.js:1830:23)\n    at Promise.attempt.Promise.try (https://entqa.sumeruentiger.com/__cypress/runner/cypress_runner.js:4338:29)\n    at whenStable (https://entqa.sumeruentiger.com/__cypress/runner/cypress_runner.js:143744:68)\n    at <unknown> (https://entqa.sumeruentiger.com/__cypress/runner/cypress_runner.js:143685:14)\n    at tryCatcher (https://entqa.sumeruentiger.com/__cypress/runner/cypress_runner.js:1830:23)\n    at Promise._settlePromiseFromHandler (https://entqa.sumeruentiger.com/__cypress/runner/cypress_runner.js:1542:31)\n    at Promise._settlePromise (https://entqa.sumeruentiger.com/__cypress/runner/cypress_runner.js:1599:18)\n    at Promise._settlePromise0 (https://entqa.sumeruentiger.com/__cypress/runner/cypress_runner.js:1644:10)\n    at Promise._settlePromises (https://entqa.sumeruentiger.com/__cypress/runner/cypress_runner.js:1724:18)\n    at Promise._fulfill (https://entqa.sumeruentiger.com/__cypress/runner/cypress_runner.js:1668:18)\n    at <unknown> (https://entqa.sumeruentiger.com/__cypress/runner/cypress_runner.js:5473:46)\nFrom Your Spec Code:\n    at AddStaffPage.seleDD57 (webpack:///./cypress/e2e/pages/AddStaffPage.js:594:36)\n    at Context.eval (webpack:///./cypress/e2e/tests/AddStaffPageTest_657.cy.js:40:29)",
                "diff": null
              },
              "uuid": "385065a1-187f-4b0e-929f-7cd8fe5d4cac",
              "parentUUID": "5226a320-d715-4d1c-981e-d049d74e9c61",
              "isHook": false,
              "skipped": false
            }
          ],
          "suites": [],
          "passes": [],
          "failures": [
            "385065a1-187f-4b0e-929f-7cd8fe5d4cac"
          ],
          "pending": [],
          "skipped": [],
          "duration": 84649,
          "root": false,
          "rootEmpty": false,
          "_timeout": 2000
        }
      ],
      "passes": [],
      "failures": [],
      "pending": [],
      "skipped": [],
      "duration": 0,
      "root": true,
      "rootEmpty": true,
      "_timeout": 2000
    }
  ],
  "meta": {
    "mocha": {
      "version": "7.0.1"
    },
    "mochawesome": {
      "options": {
        "quiet": false,
        "reportFilename": "mochawesome",
        "saveHtml": false,
        "saveJson": true,
        "consoleReporter": "spec",
        "useInlineDiffs": false,
        "code": true
      },
      "version": "7.1.3"
    },
    "marge": {
      "options": {
        "overwrite": false,
        "html": false,
        "json": true,
        "reportDir": "cypress\\reports\\html\\.jsons"
      },
      "version": "6.2.0"
    }
  }
}