{
  "stats": {
    "suites": 1,
    "tests": 1,
    "passes": 1,
    "pending": 0,
    "failures": 0,
    "start": "2026-07-23T13:34:31.628Z",
    "end": "2026-07-23T13:35:24.267Z",
    "duration": 52639,
    "testsRegistered": 1,
    "passPercent": 100,
    "pendingPercent": 0,
    "other": 0,
    "hasOther": false,
    "skipped": 0,
    "hasSkipped": false
  },
  "results": [
    {
      "uuid": "b8c3c2db-da5c-45ab-930a-bce11da7a78e",
      "title": "",
      "fullFile": "cypress\\e2e\\tests\\PaymentsPageTest_1397.cy.js",
      "file": "cypress\\e2e\\tests\\PaymentsPageTest_1397.cy.js",
      "beforeHooks": [],
      "afterHooks": [],
      "tests": [],
      "suites": [
        {
          "uuid": "9884022d-9172-4aa5-8fc0-09dfca96f351",
          "title": "Payments Module - Central ops acknowledging payin slip - Logged in user from bank to acknowledge the payin slip by clicking on central ops acknowledging payin slip sub menu under payments module.",
          "fullFile": "",
          "file": "",
          "beforeHooks": [],
          "afterHooks": [],
          "tests": [
            {
              "title": "Payment - TC_ID_1397",
              "fullTitle": "Payments Module - Central ops acknowledging payin slip - Logged in user from bank to acknowledge the payin slip by clicking on central ops acknowledging payin slip sub menu under payments module. Payment - TC_ID_1397",
              "timedOut": null,
              "duration": 38710,
              "state": "passed",
              "speed": "slow",
              "pass": true,
              "fail": false,
              "pending": false,
              "context": null,
              "code": "(0, _testDataUtils.getTestData)('loginData', 'login').then(user => {\n  loginPage.login(user.Companyname, user.email, user.password);\n  cy.wait(2000);\n  paymentsPage.PaymentModule();\n  paymentsPage.ClickOnCentral_ops_acknowledging_payin_slip();\n});",
              "err": {},
              "uuid": "30e01e1f-62d4-4904-8cbb-8a22b43dd9ca",
              "parentUUID": "9884022d-9172-4aa5-8fc0-09dfca96f351",
              "isHook": false,
              "skipped": false
            }
          ],
          "suites": [],
          "passes": [
            "30e01e1f-62d4-4904-8cbb-8a22b43dd9ca"
          ],
          "failures": [],
          "pending": [],
          "skipped": [],
          "duration": 38710,
          "root": false,
          "rootEmpty": false,
          "_timeout": 2000
        }
      ],
      "passes": [],
      "failures": [],
      "pending": [],
      "skipped": [],
      "duration": 0,
      "root": true,
      "rootEmpty": true,
      "_timeout": 2000
    }
  ],
  "meta": {
    "mocha": {
      "version": "7.0.1"
    },
    "mochawesome": {
      "options": {
        "quiet": false,
        "reportFilename": "mochawesome",
        "saveHtml": false,
        "saveJson": true,
        "consoleReporter": "spec",
        "useInlineDiffs": false,
        "code": true
      },
      "version": "7.1.3"
    },
    "marge": {
      "options": {
        "overwrite": false,
        "html": false,
        "json": true,
        "reportDir": "cypress\\reports\\html\\.jsons"
      },
      "version": "6.2.0"
    }
  }
}