{
  "stats": {
    "suites": 1,
    "tests": 1,
    "passes": 0,
    "pending": 0,
    "failures": 1,
    "start": "2026-07-23T13:09:46.357Z",
    "end": "2026-07-23T13:10:33.702Z",
    "duration": 47345,
    "testsRegistered": 1,
    "passPercent": 0,
    "pendingPercent": 0,
    "other": 0,
    "hasOther": false,
    "skipped": 0,
    "hasSkipped": false
  },
  "results": [
    {
      "uuid": "6944b4f2-7c04-4ad1-9466-a9cf7c48209a",
      "title": "",
      "fullFile": "cypress\\e2e\\tests\\PaymentsPageTest_104.cy.js",
      "file": "cypress\\e2e\\tests\\PaymentsPageTest_104.cy.js",
      "beforeHooks": [],
      "afterHooks": [],
      "tests": [],
      "suites": [
        {
          "uuid": "02478951-6504-4fd0-81f4-57ae9944c254",
          "title": "Payments Module - Walkin Customer Receipt - Logged in user to view walkin customer receipt submodule under payments module as per ACM",
          "fullFile": "",
          "file": "",
          "beforeHooks": [],
          "afterHooks": [],
          "tests": [
            {
              "title": "Payment - TC_ID_105",
              "fullTitle": "Payments Module - Walkin Customer Receipt - Logged in user to view walkin customer receipt submodule under payments module as per ACM Payment - TC_ID_105",
              "timedOut": null,
              "duration": 38760,
              "state": "failed",
              "speed": null,
              "pass": false,
              "fail": true,
              "pending": false,
              "context": null,
              "code": "(0, _testDataUtils.getTestData)('loginData', 'login').then(user => {\n  loginPage.login(user.Companyname, user.email, user.password);\n  cy.wait(2000);\n  paymentsPage.PaymentModule();\n  paymentsPage.ClickOnWalkInCustomerReceipt_visibility();\n});",
              "err": {
                "message": "AssertionError: Timed out retrying after 4000ms: Expected to find element: `.payments > :nth-child(2) > :nth-child(4) > a.ng-star-inserted`, but never found it.",
                "estack": "AssertionError: Timed out retrying after 4000ms: Expected to find element: `.payments > :nth-child(2) > :nth-child(4) > a.ng-star-inserted`, but never found it.\n    at PaymentsPage.ClickOnWalkInCustomerReceipt_visibility (webpack:///./cypress/e2e/pages/PaymentsPage.js:1295:7)\n    at Context.eval (webpack:///./cypress/e2e/tests/PaymentsPageTest_104.cy.js:27:29)",
                "diff": null
              },
              "uuid": "c1f36e0d-ffa5-4b09-ad90-0ba62f95eeaa",
              "parentUUID": "02478951-6504-4fd0-81f4-57ae9944c254",
              "isHook": false,
              "skipped": false
            }
          ],
          "suites": [],
          "passes": [],
          "failures": [
            "c1f36e0d-ffa5-4b09-ad90-0ba62f95eeaa"
          ],
          "pending": [],
          "skipped": [],
          "duration": 38760,
          "root": false,
          "rootEmpty": false,
          "_timeout": 2000
        }
      ],
      "passes": [],
      "failures": [],
      "pending": [],
      "skipped": [],
      "duration": 0,
      "root": true,
      "rootEmpty": true,
      "_timeout": 2000
    }
  ],
  "meta": {
    "mocha": {
      "version": "7.0.1"
    },
    "mochawesome": {
      "options": {
        "quiet": false,
        "reportFilename": "mochawesome",
        "saveHtml": false,
        "saveJson": true,
        "consoleReporter": "spec",
        "useInlineDiffs": false,
        "code": true
      },
      "version": "7.1.3"
    },
    "marge": {
      "options": {
        "overwrite": false,
        "html": false,
        "json": true,
        "reportDir": "cypress\\reports\\html\\.jsons"
      },
      "version": "6.2.0"
    }
  }
}