{
  "stats": {
    "suites": 1,
    "tests": 1,
    "passes": 0,
    "pending": 0,
    "failures": 1,
    "start": "2026-07-23T14:16:16.757Z",
    "end": "2026-07-23T14:17:43.409Z",
    "duration": 86652,
    "testsRegistered": 1,
    "passPercent": 0,
    "pendingPercent": 0,
    "other": 0,
    "hasOther": false,
    "skipped": 0,
    "hasSkipped": false
  },
  "results": [
    {
      "uuid": "276d5554-dbe9-4dc8-aabf-67da5e3101ed",
      "title": "",
      "fullFile": "cypress\\e2e\\tests\\ScopeofWorkTestPage_11.cy.js",
      "file": "cypress\\e2e\\tests\\ScopeofWorkTestPage_11.cy.js",
      "beforeHooks": [],
      "afterHooks": [],
      "tests": [],
      "suites": [
        {
          "uuid": "2db3d9ab-ae55-44c9-b642-02c7c0f94f3e",
          "title": "User Management - Add staff - Scope of work - user select the dropdown in the product group in the scope of work",
          "fullFile": "",
          "file": "",
          "beforeHooks": [],
          "afterHooks": [],
          "tests": [
            {
              "title": "User Management - Scope of work - TC_ID_11",
              "fullTitle": "User Management - Add staff - Scope of work - user select the dropdown in the product group in the scope of work User Management - Scope of work - TC_ID_11",
              "timedOut": null,
              "duration": 78665,
              "state": "failed",
              "speed": null,
              "pass": false,
              "fail": true,
              "pending": false,
              "context": null,
              "code": "(0, _testDataUtils.getTestData)('loginData', 'login').then(user => {\n  loginPage.login(user.Companyname, user.email, user.password);\n  cy.wait(2000);\n  scopeofworkpage.ScopeOfWorkTestPage_11();\n});",
              "err": {
                "message": "CypressError: Timed out retrying after 4050ms: `cy.click()` failed because this element:\n\n`<a _ngcontent-ng-c1333402846=\"\" title=\"User Management\" id=\"nav-item-1-user-management\">...</a>`\n\nis being covered by another element:\n\n`<div _ngcontent-ng-c4185060958=\"\" class=\"global-loader-container\">...</div>`\n\nFix this problem, or use {force: true} to disable error checking.\n\nhttps://on.cypress.io/element-cannot-be-interacted-with",
                "estack": "CypressError: Timed out retrying after 4050ms: `cy.click()` failed because this element:\n\n`<a _ngcontent-ng-c1333402846=\"\" title=\"User Management\" id=\"nav-item-1-user-management\">...</a>`\n\nis being covered by another element:\n\n`<div _ngcontent-ng-c4185060958=\"\" class=\"global-loader-container\">...</div>`\n\nFix this problem, or use {force: true} to disable error checking.\n\nhttps://on.cypress.io/element-cannot-be-interacted-with\n    at ensureIsDescendent (https://entqa.sumeruentiger.com/__cypress/runner/cypress_runner.js:112915:68)\n    at ensureDescendents (https://entqa.sumeruentiger.com/__cypress/runner/cypress_runner.js:112966:5)\n    at ensureDescendentsAndScroll (https://entqa.sumeruentiger.com/__cypress/runner/cypress_runner.js:112972:14)\n    at ensureElIsNotCovered (https://entqa.sumeruentiger.com/__cypress/runner/cypress_runner.js:113103:5)\n    at runAllChecks (https://entqa.sumeruentiger.com/__cypress/runner/cypress_runner.js:113302:52)\n    at retryActionability (https://entqa.sumeruentiger.com/__cypress/runner/cypress_runner.js:113339:16)\n    at tryCatcher (https://entqa.sumeruentiger.com/__cypress/runner/cypress_runner.js:1830:23)\n    at Promise.attempt.Promise.try (https://entqa.sumeruentiger.com/__cypress/runner/cypress_runner.js:4338:29)\n    at whenStable (https://entqa.sumeruentiger.com/__cypress/runner/cypress_runner.js:143744:68)\n    at <unknown> (https://entqa.sumeruentiger.com/__cypress/runner/cypress_runner.js:143685:14)\n    at tryCatcher (https://entqa.sumeruentiger.com/__cypress/runner/cypress_runner.js:1830:23)\n    at Promise._settlePromiseFromHandler (https://entqa.sumeruentiger.com/__cypress/runner/cypress_runner.js:1542:31)\n    at Promise._settlePromise (https://entqa.sumeruentiger.com/__cypress/runner/cypress_runner.js:1599:18)\n    at Promise._settlePromise0 (https://entqa.sumeruentiger.com/__cypress/runner/cypress_runner.js:1644:10)\n    at Promise._settlePromises (https://entqa.sumeruentiger.com/__cypress/runner/cypress_runner.js:1724:18)\n    at Promise._fulfill (https://entqa.sumeruentiger.com/__cypress/runner/cypress_runner.js:1668:18)\n    at <unknown> (https://entqa.sumeruentiger.com/__cypress/runner/cypress_runner.js:5473:46)\nFrom Your Spec Code:\n    at ScopeofWorkPage.ScopeOfWorkTestPage_11 (webpack:///./cypress/e2e/pages/ScopeofWorkPage.js:159:36)\n    at Context.eval (webpack:///./cypress/e2e/tests/ScopeofWorkTestPage_11.cy.js:27:32)",
                "diff": null
              },
              "uuid": "af91683b-eb78-44ad-a6b3-1b232590a119",
              "parentUUID": "2db3d9ab-ae55-44c9-b642-02c7c0f94f3e",
              "isHook": false,
              "skipped": false
            }
          ],
          "suites": [],
          "passes": [],
          "failures": [
            "af91683b-eb78-44ad-a6b3-1b232590a119"
          ],
          "pending": [],
          "skipped": [],
          "duration": 78665,
          "root": false,
          "rootEmpty": false,
          "_timeout": 2000
        }
      ],
      "passes": [],
      "failures": [],
      "pending": [],
      "skipped": [],
      "duration": 0,
      "root": true,
      "rootEmpty": true,
      "_timeout": 2000
    }
  ],
  "meta": {
    "mocha": {
      "version": "7.0.1"
    },
    "mochawesome": {
      "options": {
        "quiet": false,
        "reportFilename": "mochawesome",
        "saveHtml": false,
        "saveJson": true,
        "consoleReporter": "spec",
        "useInlineDiffs": false,
        "code": true
      },
      "version": "7.1.3"
    },
    "marge": {
      "options": {
        "overwrite": false,
        "html": false,
        "json": true,
        "reportDir": "cypress\\reports\\html\\.jsons"
      },
      "version": "6.2.0"
    }
  }
}