{
  "stats": {
    "suites": 1,
    "tests": 1,
    "passes": 0,
    "pending": 0,
    "failures": 1,
    "start": "2026-07-23T10:44:21.065Z",
    "end": "2026-07-23T10:47:08.118Z",
    "duration": 167053,
    "testsRegistered": 1,
    "passPercent": 0,
    "pendingPercent": 0,
    "other": 0,
    "hasOther": false,
    "skipped": 0,
    "hasSkipped": false
  },
  "results": [
    {
      "uuid": "db578e90-60bd-4f6d-9575-b02902f9b719",
      "title": "",
      "fullFile": "cypress\\e2e\\tests\\AgencyEmpanelmentRequest_606.cy.js",
      "file": "cypress\\e2e\\tests\\AgencyEmpanelmentRequest_606.cy.js",
      "beforeHooks": [],
      "afterHooks": [],
      "tests": [],
      "suites": [
        {
          "uuid": "4b0ea050-609c-4e91-8fab-5b81faeb2b7e",
          "title": "User Management - Agency Empanelment Request",
          "fullFile": "",
          "file": "",
          "beforeHooks": [],
          "afterHooks": [],
          "tests": [
            {
              "title": "Place of work - TC_ID_606",
              "fullTitle": "User Management - Agency Empanelment Request Place of work - TC_ID_606",
              "timedOut": null,
              "duration": 154440,
              "state": "failed",
              "speed": null,
              "pass": false,
              "fail": true,
              "pending": false,
              "context": null,
              "code": "(0, _testDataUtils.getTestData)('loginData', 'login').then(user => {\n  loginPage.login(user.Companyname, user.email, user.password);\n  userManagementPage.CreateAgency047();\n});",
              "err": {
                "message": "AssertionError: Timed out retrying after 4000ms: Expected to find element: `tr.ng-star-inserted > :nth-child(1) > .form-select`, but never found it.",
                "estack": "AssertionError: Timed out retrying after 4000ms: Expected to find element: `tr.ng-star-inserted > :nth-child(1) > .form-select`, but never found it.\n    at UserManagementPage.CreateAgency047 (webpack:///./cypress/e2e/pages/UserManagementPage.js:5444:7)\n    at Context.eval (webpack:///./cypress/e2e/tests/AgencyEmpanelmentRequest_606.cy.js:24:25)",
                "diff": null
              },
              "uuid": "af679156-7384-47b5-a629-fa3b1b2d7fed",
              "parentUUID": "4b0ea050-609c-4e91-8fab-5b81faeb2b7e",
              "isHook": false,
              "skipped": false
            }
          ],
          "suites": [],
          "passes": [],
          "failures": [
            "af679156-7384-47b5-a629-fa3b1b2d7fed"
          ],
          "pending": [],
          "skipped": [],
          "duration": 154440,
          "root": false,
          "rootEmpty": false,
          "_timeout": 2000
        }
      ],
      "passes": [],
      "failures": [],
      "pending": [],
      "skipped": [],
      "duration": 0,
      "root": true,
      "rootEmpty": true,
      "_timeout": 2000
    }
  ],
  "meta": {
    "mocha": {
      "version": "7.0.1"
    },
    "mochawesome": {
      "options": {
        "quiet": false,
        "reportFilename": "mochawesome",
        "saveHtml": false,
        "saveJson": true,
        "consoleReporter": "spec",
        "useInlineDiffs": false,
        "code": true
      },
      "version": "7.1.3"
    },
    "marge": {
      "options": {
        "overwrite": false,
        "html": false,
        "json": true,
        "reportDir": "cypress\\reports\\html\\.jsons"
      },
      "version": "6.2.0"
    }
  }
}