{
  "stats": {
    "suites": 1,
    "tests": 1,
    "passes": 1,
    "pending": 0,
    "failures": 0,
    "start": "2026-07-23T09:58:11.053Z",
    "end": "2026-07-23T09:59:02.409Z",
    "duration": 51356,
    "testsRegistered": 1,
    "passPercent": 100,
    "pendingPercent": 0,
    "other": 0,
    "hasOther": false,
    "skipped": 0,
    "hasSkipped": false
  },
  "results": [
    {
      "uuid": "5799b10b-8f80-4335-bf59-9db48ef596dd",
      "title": "",
      "fullFile": "cypress\\e2e\\tests\\AddStaffPageTest_917.cy.js",
      "file": "cypress\\e2e\\tests\\AddStaffPageTest_917.cy.js",
      "beforeHooks": [],
      "afterHooks": [],
      "tests": [],
      "suites": [
        {
          "uuid": "c3a1674e-0663-4df7-9bfc-86797a970192",
          "title": "Add Staff - Load - Negative test cases for all mandatory fileds - Empty Maximum Account No",
          "fullFile": "",
          "file": "",
          "beforeHooks": [],
          "afterHooks": [],
          "tests": [
            {
              "title": "Add Staff - TC_ID_917",
              "fullTitle": "Add Staff - Load - Negative test cases for all mandatory fileds - Empty Maximum Account No Add Staff - TC_ID_917",
              "timedOut": null,
              "duration": 44750,
              "state": "passed",
              "speed": "slow",
              "pass": true,
              "fail": false,
              "pending": false,
              "context": null,
              "code": "(0, _testDataUtils.getTestData)('loginData', 'login').then(user => {\n  loginPage.login(user.Companyname, user.email, user.password);\n  cy.task('getExcelData', '../fixtures/userManagementData.xlsx').then(excelData => {\n    const firstRow = excelData['Sheet1'][0];\n    cy.wait(2000);\n    addStaffPage.Clikonusermanagement(); // Use the method without click\n    addStaffPage.Clikonaddstaff();\n    const employeeId = addStaffPage.fillemployeeID();\n    //addStaffPage.fillemployeeID(firstRow.EmployeeID);  // Correct method name and pass the argument\n    addStaffPage.fillfirstname(firstRow.FirstName);\n    addStaffPage.fillLastName(firstRow.lastname);\n  });\n});",
              "err": {},
              "uuid": "fcdf3f5d-1c78-475c-aae0-f79c13356e2f",
              "parentUUID": "c3a1674e-0663-4df7-9bfc-86797a970192",
              "isHook": false,
              "skipped": false
            }
          ],
          "suites": [],
          "passes": [
            "fcdf3f5d-1c78-475c-aae0-f79c13356e2f"
          ],
          "failures": [],
          "pending": [],
          "skipped": [],
          "duration": 44750,
          "root": false,
          "rootEmpty": false,
          "_timeout": 2000
        }
      ],
      "passes": [],
      "failures": [],
      "pending": [],
      "skipped": [],
      "duration": 0,
      "root": true,
      "rootEmpty": true,
      "_timeout": 2000
    }
  ],
  "meta": {
    "mocha": {
      "version": "7.0.1"
    },
    "mochawesome": {
      "options": {
        "quiet": false,
        "reportFilename": "mochawesome",
        "saveHtml": false,
        "saveJson": true,
        "consoleReporter": "spec",
        "useInlineDiffs": false,
        "code": true
      },
      "version": "7.1.3"
    },
    "marge": {
      "options": {
        "overwrite": false,
        "html": false,
        "json": true,
        "reportDir": "cypress\\reports\\html\\.jsons"
      },
      "version": "6.2.0"
    }
  }
}