{
  "stats": {
    "suites": 1,
    "tests": 1,
    "passes": 1,
    "pending": 0,
    "failures": 0,
    "start": "2026-07-23T13:36:28.280Z",
    "end": "2026-07-23T13:37:15.258Z",
    "duration": 46978,
    "testsRegistered": 1,
    "passPercent": 100,
    "pendingPercent": 0,
    "other": 0,
    "hasOther": false,
    "skipped": 0,
    "hasSkipped": false
  },
  "results": [
    {
      "uuid": "00e50e36-a63f-4334-a20b-8250a131dad0",
      "title": "",
      "fullFile": "cypress\\e2e\\tests\\PaymentsPageTest_1399.cy.js",
      "file": "cypress\\e2e\\tests\\PaymentsPageTest_1399.cy.js",
      "beforeHooks": [],
      "afterHooks": [],
      "tests": [],
      "suites": [
        {
          "uuid": "21f1f736-f09e-487d-b0ba-7a70c9a6b1f4",
          "title": "Payments Module - Central ops acknowledging payin slip - Logged in user from bank to acknowledge the payin slip by clicking on central ops acknowledging payin slip sub menu under payments module.",
          "fullFile": "",
          "file": "",
          "beforeHooks": [],
          "afterHooks": [],
          "tests": [
            {
              "title": "Payment - TC_ID_1398",
              "fullTitle": "Payments Module - Central ops acknowledging payin slip - Logged in user from bank to acknowledge the payin slip by clicking on central ops acknowledging payin slip sub menu under payments module. Payment - TC_ID_1398",
              "timedOut": null,
              "duration": 40811,
              "state": "passed",
              "speed": "slow",
              "pass": true,
              "fail": false,
              "pending": false,
              "context": null,
              "code": "(0, _testDataUtils.getTestData)('loginData', 'login').then(user => {\n  loginPage.login(user.Companyname, user.email, user.password);\n  cy.wait(2000);\n  paymentsPage.PaymentModule();\n  paymentsPage.ClickOnCentral_ops_acknowledging_payin_slip_RadioBtn1();\n});",
              "err": {},
              "uuid": "d9b5d245-9bef-4f1d-af7c-2a69336d7e84",
              "parentUUID": "21f1f736-f09e-487d-b0ba-7a70c9a6b1f4",
              "isHook": false,
              "skipped": false
            }
          ],
          "suites": [],
          "passes": [
            "d9b5d245-9bef-4f1d-af7c-2a69336d7e84"
          ],
          "failures": [],
          "pending": [],
          "skipped": [],
          "duration": 40811,
          "root": false,
          "rootEmpty": false,
          "_timeout": 2000
        }
      ],
      "passes": [],
      "failures": [],
      "pending": [],
      "skipped": [],
      "duration": 0,
      "root": true,
      "rootEmpty": true,
      "_timeout": 2000
    }
  ],
  "meta": {
    "mocha": {
      "version": "7.0.1"
    },
    "mochawesome": {
      "options": {
        "quiet": false,
        "reportFilename": "mochawesome",
        "saveHtml": false,
        "saveJson": true,
        "consoleReporter": "spec",
        "useInlineDiffs": false,
        "code": true
      },
      "version": "7.1.3"
    },
    "marge": {
      "options": {
        "overwrite": false,
        "html": false,
        "json": true,
        "reportDir": "cypress\\reports\\html\\.jsons"
      },
      "version": "6.2.0"
    }
  }
}