{
  "stats": {
    "suites": 1,
    "tests": 1,
    "passes": 1,
    "pending": 0,
    "failures": 0,
    "start": "2026-07-23T13:57:47.892Z",
    "end": "2026-07-23T13:58:39.948Z",
    "duration": 52056,
    "testsRegistered": 1,
    "passPercent": 100,
    "pendingPercent": 0,
    "other": 0,
    "hasOther": false,
    "skipped": 0,
    "hasSkipped": false
  },
  "results": [
    {
      "uuid": "0e5f3570-e0d4-4222-8ea0-7f12751347c0",
      "title": "",
      "fullFile": "cypress\\e2e\\tests\\PaymentsPageTest_1418.cy.js",
      "file": "cypress\\e2e\\tests\\PaymentsPageTest_1418.cy.js",
      "beforeHooks": [],
      "afterHooks": [],
      "tests": [],
      "suites": [
        {
          "uuid": "827f7e6a-e73a-4534-8d7b-453aa063f0cc",
          "title": "Payments Module - Receive money from collector - Logged in user to stop the workflow by clicking on cancel button or no button in the pop up",
          "fullFile": "",
          "file": "",
          "beforeHooks": [],
          "afterHooks": [],
          "tests": [
            {
              "title": "Payment - TC_ID_1418",
              "fullTitle": "Payments Module - Receive money from collector - Logged in user to stop the workflow by clicking on cancel button or no button in the pop up Payment - TC_ID_1418",
              "timedOut": null,
              "duration": 38292,
              "state": "passed",
              "speed": "slow",
              "pass": true,
              "fail": false,
              "pending": false,
              "context": null,
              "code": "(0, _testDataUtils.getTestData)('loginData', 'login').then(user => {\n  loginPage.login(user.Companyname, user.email, user.password);\n  cy.wait(2000);\n  paymentsPage.PaymentModule();\n});",
              "err": {},
              "uuid": "ce5bfc0b-a78d-4b12-bcb7-1ed623fe5cdb",
              "parentUUID": "827f7e6a-e73a-4534-8d7b-453aa063f0cc",
              "isHook": false,
              "skipped": false
            }
          ],
          "suites": [],
          "passes": [
            "ce5bfc0b-a78d-4b12-bcb7-1ed623fe5cdb"
          ],
          "failures": [],
          "pending": [],
          "skipped": [],
          "duration": 38292,
          "root": false,
          "rootEmpty": false,
          "_timeout": 2000
        }
      ],
      "passes": [],
      "failures": [],
      "pending": [],
      "skipped": [],
      "duration": 0,
      "root": true,
      "rootEmpty": true,
      "_timeout": 2000
    }
  ],
  "meta": {
    "mocha": {
      "version": "7.0.1"
    },
    "mochawesome": {
      "options": {
        "quiet": false,
        "reportFilename": "mochawesome",
        "saveHtml": false,
        "saveJson": true,
        "consoleReporter": "spec",
        "useInlineDiffs": false,
        "code": true
      },
      "version": "7.1.3"
    },
    "marge": {
      "options": {
        "overwrite": false,
        "html": false,
        "json": true,
        "reportDir": "cypress\\reports\\html\\.jsons"
      },
      "version": "6.2.0"
    }
  }
}