{
  "stats": {
    "suites": 1,
    "tests": 1,
    "passes": 1,
    "pending": 0,
    "failures": 0,
    "start": "2026-07-23T09:42:08.897Z",
    "end": "2026-07-23T09:43:47.325Z",
    "duration": 98428,
    "testsRegistered": 1,
    "passPercent": 100,
    "pendingPercent": 0,
    "other": 0,
    "hasOther": false,
    "skipped": 0,
    "hasSkipped": false
  },
  "results": [
    {
      "uuid": "bfa5c437-1583-443b-b69d-feec0d4c3875",
      "title": "",
      "fullFile": "cypress\\e2e\\tests\\AddStaffPageTest_683.cy.js",
      "file": "cypress\\e2e\\tests\\AddStaffPageTest_683.cy.js",
      "beforeHooks": [],
      "afterHooks": [],
      "tests": [],
      "suites": [
        {
          "uuid": "3c18a58c-8ad6-49f4-86e4-e460c8ea2b58",
          "title": "User Management -Submit staff profile -User will click on submit staff profile button only when allmandatory details are entered in create staff",
          "fullFile": "",
          "file": "",
          "beforeHooks": [],
          "afterHooks": [],
          "tests": [
            {
              "title": "Add Staff - TC_ID_683",
              "fullTitle": "User Management -Submit staff profile -User will click on submit staff profile button only when allmandatory details are entered in create staff Add Staff - TC_ID_683",
              "timedOut": null,
              "duration": 87580,
              "state": "passed",
              "speed": "slow",
              "pass": true,
              "fail": false,
              "pending": false,
              "context": null,
              "code": "(0, _testDataUtils.getTestData)('loginData', 'login').then(user => {\n  loginPage.login(user.Companyname, user.email, user.password);\n  cy.task('getExcelData', '../fixtures/userManagementData.xlsx').then(excelData => {\n    const firstRow = excelData['Sheet1'][0];\n    cy.wait(2000);\n    addStaffPage.Clikonusermanagement(); // Use the method without click\n    addStaffPage.ClickonSttafEmp();\n    addStaffPage.Clikonaddstaff();\n    // addStaffPage.selectUserType();\n    addStaffPage.fillemployeeID(firstRow.EmployeeID); // Correct method name and pass the argument\n    addStaffPage.fillfirstname(firstRow.FirstName);\n    addStaffPage.filllastname(firstRow.LastName);\n    addStaffPage.fillemailid(firstRow.EmailID);\n    addStaffPage.fillmobilenumber(firstRow.MobileNumber);\n    addStaffPage.clickondandd();\n    cy.wait(2000);\n    // addStaffPage.clickOnAdd();\n    // cy.wait(2000);\n    addStaffPage.fillDepartment('Audit and Risk', 0);\n    addStaffPage.fillDesignation('Audit Manager', 0);\n    cy.wait(1000);\n    addStaffPage.clickonWallet();\n    addStaffPage.clickonbbrm();\n    cy.wait(2000);\n    addStaffPage.fillbasebranch();\n    cy.wait(2000);\n    // addStaffPage.clickonPlaceOkWork();\n    // cy.wait(2000);\n    // addStaffPage.ClickOnSkill();\n    // cy.wait(3000);\n    addStaffPage.clickonsubmitstaffprofile();\n    cy.wait(3000);\n    addStaffPage.errormessage();\n    cy.wait(3000);\n  });\n});",
              "err": {},
              "uuid": "187063d4-bcbf-4d50-860d-eaa090284b5e",
              "parentUUID": "3c18a58c-8ad6-49f4-86e4-e460c8ea2b58",
              "isHook": false,
              "skipped": false
            }
          ],
          "suites": [],
          "passes": [
            "187063d4-bcbf-4d50-860d-eaa090284b5e"
          ],
          "failures": [],
          "pending": [],
          "skipped": [],
          "duration": 87580,
          "root": false,
          "rootEmpty": false,
          "_timeout": 2000
        }
      ],
      "passes": [],
      "failures": [],
      "pending": [],
      "skipped": [],
      "duration": 0,
      "root": true,
      "rootEmpty": true,
      "_timeout": 2000
    }
  ],
  "meta": {
    "mocha": {
      "version": "7.0.1"
    },
    "mochawesome": {
      "options": {
        "quiet": false,
        "reportFilename": "mochawesome",
        "saveHtml": false,
        "saveJson": true,
        "consoleReporter": "spec",
        "useInlineDiffs": false,
        "code": true
      },
      "version": "7.1.3"
    },
    "marge": {
      "options": {
        "overwrite": false,
        "html": false,
        "json": true,
        "reportDir": "cypress\\reports\\html\\.jsons"
      },
      "version": "6.2.0"
    }
  }
}