{
  "stats": {
    "suites": 1,
    "tests": 1,
    "passes": 1,
    "pending": 0,
    "failures": 0,
    "start": "2026-07-23T11:35:16.268Z",
    "end": "2026-07-23T11:36:31.155Z",
    "duration": 74887,
    "testsRegistered": 1,
    "passPercent": 100,
    "pendingPercent": 0,
    "other": 0,
    "hasOther": false,
    "skipped": 0,
    "hasSkipped": false
  },
  "results": [
    {
      "uuid": "043a0965-39d5-478a-a404-2013903cc31f",
      "title": "",
      "fullFile": "cypress\\e2e\\tests\\AgentEmpanelmentRequestPageTest_627.cy.js",
      "file": "cypress\\e2e\\tests\\AgentEmpanelmentRequestPageTest_627.cy.js",
      "beforeHooks": [],
      "afterHooks": [],
      "tests": [],
      "suites": [
        {
          "uuid": "e05e1835-fc8b-4c67-92c5-b8a72523654d",
          "title": "Agent Empanelment Request - Create Agent - .User should be able to add department & designations by selecting department as \"agency backend\" and designation as \"agency owner\"2.user can also click on add button to add one more department and designation",
          "fullFile": "",
          "file": "",
          "beforeHooks": [],
          "afterHooks": [],
          "tests": [
            {
              "title": "Agent Empanelment Request - TC_ID_627",
              "fullTitle": "Agent Empanelment Request - Create Agent - .User should be able to add department & designations by selecting department as \"agency backend\" and designation as \"agency owner\"2.user can also click on add button to add one more department and designation Agent Empanelment Request - TC_ID_627",
              "timedOut": null,
              "duration": 67848,
              "state": "passed",
              "speed": "slow",
              "pass": true,
              "fail": false,
              "pending": false,
              "context": null,
              "code": "(0, _testDataUtils.getTestData)('loginData', 'login').then(user => {\n  loginPage.login(user.Companyname, user.email, user.password);\n  cy.wait(2000);\n  agentemplimentationRequest.AgentEnpalmentRequest627();\n});",
              "err": {},
              "uuid": "fe325ee4-1e1e-4527-813e-298e5034e786",
              "parentUUID": "e05e1835-fc8b-4c67-92c5-b8a72523654d",
              "isHook": false,
              "skipped": false
            }
          ],
          "suites": [],
          "passes": [
            "fe325ee4-1e1e-4527-813e-298e5034e786"
          ],
          "failures": [],
          "pending": [],
          "skipped": [],
          "duration": 67848,
          "root": false,
          "rootEmpty": false,
          "_timeout": 2000
        }
      ],
      "passes": [],
      "failures": [],
      "pending": [],
      "skipped": [],
      "duration": 0,
      "root": true,
      "rootEmpty": true,
      "_timeout": 2000
    }
  ],
  "meta": {
    "mocha": {
      "version": "7.0.1"
    },
    "mochawesome": {
      "options": {
        "quiet": false,
        "reportFilename": "mochawesome",
        "saveHtml": false,
        "saveJson": true,
        "consoleReporter": "spec",
        "useInlineDiffs": false,
        "code": true
      },
      "version": "7.1.3"
    },
    "marge": {
      "options": {
        "overwrite": false,
        "html": false,
        "json": true,
        "reportDir": "cypress\\reports\\html\\.jsons"
      },
      "version": "6.2.0"
    }
  }
}