{
  "stats": {
    "suites": 1,
    "tests": 1,
    "passes": 1,
    "pending": 0,
    "failures": 0,
    "start": "2026-07-23T08:54:38.117Z",
    "end": "2026-07-23T08:56:12.979Z",
    "duration": 94862,
    "testsRegistered": 1,
    "passPercent": 100,
    "pendingPercent": 0,
    "other": 0,
    "hasOther": false,
    "skipped": 0,
    "hasSkipped": false
  },
  "results": [
    {
      "uuid": "2076c8e6-f551-4ca9-a714-3c73c2d05489",
      "title": "",
      "fullFile": "cypress\\e2e\\tests\\AddStaffPageTest_647.cy.js",
      "file": "cypress\\e2e\\tests\\AddStaffPageTest_647.cy.js",
      "beforeHooks": [],
      "afterHooks": [],
      "tests": [],
      "suites": [
        {
          "uuid": "097ef330-09e2-41b8-b5b6-6db4260b8e93",
          "title": "Add Staff - Add Staff - User will enter all mandatory fields in add collections staff and will click on Agency Relationship Managers Scope of Work  or Scope of Work",
          "fullFile": "",
          "file": "",
          "beforeHooks": [],
          "afterHooks": [],
          "tests": [
            {
              "title": "Add Staff - TC_ID_647",
              "fullTitle": "Add Staff - Add Staff - User will enter all mandatory fields in add collections staff and will click on Agency Relationship Managers Scope of Work  or Scope of Work Add Staff - TC_ID_647",
              "timedOut": null,
              "duration": 88065,
              "state": "passed",
              "speed": "slow",
              "pass": true,
              "fail": false,
              "pending": false,
              "context": null,
              "code": "(0, _testDataUtils.getTestData)('loginData', 'login').then(user => {\n  loginPage.login(user.Companyname, user.email, user.password);\n  cy.task('getExcelData', '../fixtures/userManagementData.xlsx').then(excelData => {\n    const firstRow = excelData['Sheet1'][0];\n    cy.wait(2000);\n    addStaffPage.Clikonusermanagement(); // Use the method without click\n    addStaffPage.ClickonSttafEmp();\n    addStaffPage.Clikonaddstaff();\n    addStaffPage.selectUserType();\n    addStaffPage.fillemployeeID(firstRow.EmployeeID); // Correct method name and pass the argument\n    addStaffPage.fillfirstname(firstRow.FirstName);\n    addStaffPage.filllastname(firstRow.LastName);\n    addStaffPage.fillemailid(firstRow.EmailID);\n    addStaffPage.fillmobilenumber(firstRow.MobileNumber);\n    addStaffPage.clickondandd();\n    cy.wait(2000);\n    // addStaffPage.clickOnAdd();\n    // cy.wait(2000);\n    addStaffPage.fillDepartment('Audit and Risk', 0);\n    addStaffPage.fillDesignation('Audit Manager', 0);\n    cy.wait(1000);\n    addStaffPage.clickonWallet();\n    addStaffPage.clickonbbrm();\n    cy.wait(2000);\n    addStaffPage.fillbasebranch();\n    cy.wait(2000);\n    // addStaffPage.clickonPlaceOkWork();\n    // cy.wait(2000);\n    // addStaffPage.ClickOnSkill();\n    // cy.wait(5000);\n    addStaffPage.clickonsubmitstaffprofile();\n    cy.wait(3000);\n  });\n});",
              "err": {},
              "uuid": "55d5bff8-b09e-4ec9-aacc-1416f9554f32",
              "parentUUID": "097ef330-09e2-41b8-b5b6-6db4260b8e93",
              "isHook": false,
              "skipped": false
            }
          ],
          "suites": [],
          "passes": [
            "55d5bff8-b09e-4ec9-aacc-1416f9554f32"
          ],
          "failures": [],
          "pending": [],
          "skipped": [],
          "duration": 88065,
          "root": false,
          "rootEmpty": false,
          "_timeout": 2000
        }
      ],
      "passes": [],
      "failures": [],
      "pending": [],
      "skipped": [],
      "duration": 0,
      "root": true,
      "rootEmpty": true,
      "_timeout": 2000
    }
  ],
  "meta": {
    "mocha": {
      "version": "7.0.1"
    },
    "mochawesome": {
      "options": {
        "quiet": false,
        "reportFilename": "mochawesome",
        "saveHtml": false,
        "saveJson": true,
        "consoleReporter": "spec",
        "useInlineDiffs": false,
        "code": true
      },
      "version": "7.1.3"
    },
    "marge": {
      "options": {
        "overwrite": false,
        "html": false,
        "json": true,
        "reportDir": "cypress\\reports\\html\\.jsons"
      },
      "version": "6.2.0"
    }
  }
}