{
  "stats": {
    "suites": 1,
    "tests": 1,
    "passes": 1,
    "pending": 0,
    "failures": 0,
    "start": "2026-07-23T11:32:51.874Z",
    "end": "2026-07-23T11:33:53.158Z",
    "duration": 61284,
    "testsRegistered": 1,
    "passPercent": 100,
    "pendingPercent": 0,
    "other": 0,
    "hasOther": false,
    "skipped": 0,
    "hasSkipped": false
  },
  "results": [
    {
      "uuid": "8b897632-bed4-43c4-acbb-d1a6f1dddeb9",
      "title": "",
      "fullFile": "cypress\\e2e\\tests\\AgentEmpanelmentRequestPageTest_625.cy.js",
      "file": "cypress\\e2e\\tests\\AgentEmpanelmentRequestPageTest_625.cy.js",
      "beforeHooks": [],
      "afterHooks": [],
      "tests": [],
      "suites": [
        {
          "uuid": "70109f7d-dd85-4196-b6a8-c09150fe92cf",
          "title": "Agent Empanelment Request - Create Agent- user can also click on add button to add one more department and designation",
          "fullFile": "",
          "file": "",
          "beforeHooks": [],
          "afterHooks": [],
          "tests": [
            {
              "title": "Agent Empanelment Request - TC_ID_625",
              "fullTitle": "Agent Empanelment Request - Create Agent- user can also click on add button to add one more department and designation Agent Empanelment Request - TC_ID_625",
              "timedOut": null,
              "duration": 53601,
              "state": "passed",
              "speed": "slow",
              "pass": true,
              "fail": false,
              "pending": false,
              "context": null,
              "code": "(0, _testDataUtils.getTestData)('loginData', 'login').then(user => {\n  loginPage.login(user.Companyname, user.email, user.password);\n  cy.wait(2000);\n  agentemplimentationRequest.AgentEnpalmentRequest625();\n});",
              "err": {},
              "uuid": "7a038ce3-f681-48d7-9cb5-1429d4b98bc7",
              "parentUUID": "70109f7d-dd85-4196-b6a8-c09150fe92cf",
              "isHook": false,
              "skipped": false
            }
          ],
          "suites": [],
          "passes": [
            "7a038ce3-f681-48d7-9cb5-1429d4b98bc7"
          ],
          "failures": [],
          "pending": [],
          "skipped": [],
          "duration": 53601,
          "root": false,
          "rootEmpty": false,
          "_timeout": 2000
        }
      ],
      "passes": [],
      "failures": [],
      "pending": [],
      "skipped": [],
      "duration": 0,
      "root": true,
      "rootEmpty": true,
      "_timeout": 2000
    }
  ],
  "meta": {
    "mocha": {
      "version": "7.0.1"
    },
    "mochawesome": {
      "options": {
        "quiet": false,
        "reportFilename": "mochawesome",
        "saveHtml": false,
        "saveJson": true,
        "consoleReporter": "spec",
        "useInlineDiffs": false,
        "code": true
      },
      "version": "7.1.3"
    },
    "marge": {
      "options": {
        "overwrite": false,
        "html": false,
        "json": true,
        "reportDir": "cypress\\reports\\html\\.jsons"
      },
      "version": "6.2.0"
    }
  }
}