{
  "stats": {
    "suites": 1,
    "tests": 1,
    "passes": 0,
    "pending": 0,
    "failures": 1,
    "start": "2026-07-23T08:56:23.324Z",
    "end": "2026-07-23T08:57:51.329Z",
    "duration": 88005,
    "testsRegistered": 1,
    "passPercent": 0,
    "pendingPercent": 0,
    "other": 0,
    "hasOther": false,
    "skipped": 0,
    "hasSkipped": false
  },
  "results": [
    {
      "uuid": "f0567004-3798-4b10-adb4-a159af820763",
      "title": "",
      "fullFile": "cypress\\e2e\\tests\\AddStaffPageTest_648.cy.js",
      "file": "cypress\\e2e\\tests\\AddStaffPageTest_648.cy.js",
      "beforeHooks": [],
      "afterHooks": [],
      "tests": [],
      "suites": [
        {
          "uuid": "4eb0dd6c-0d33-4af4-9177-fb7de1ddffe0",
          "title": "Add Staff - Agency Relationship Managers Scope of Work - User should be able to select all fields in Agency Relationship Managers Scope of work The dropdown values of all these fields coming from BE using Product, bucket and geography masters.",
          "fullFile": "",
          "file": "",
          "beforeHooks": [],
          "afterHooks": [],
          "tests": [
            {
              "title": "Add Staff - TC_ID_648",
              "fullTitle": "Add Staff - Agency Relationship Managers Scope of Work - User should be able to select all fields in Agency Relationship Managers Scope of work The dropdown values of all these fields coming from BE using Product, bucket and geography masters. Add Staff - TC_ID_648",
              "timedOut": null,
              "duration": 74412,
              "state": "failed",
              "speed": null,
              "pass": false,
              "fail": true,
              "pending": false,
              "context": null,
              "code": "(0, _testDataUtils.getTestData)('loginData', 'login').then(user => {\n  loginPage.login(user.Companyname, user.email, user.password);\n  cy.task('getExcelData', '../fixtures/userManagementData.xlsx').then(excelData => {\n    const firstRow = excelData['Sheet1'][0];\n    cy.wait(2000);\n    addStaffPage.Clikonusermanagement();\n    addStaffPage.Clikonaddstaff();\n    const employeeId = addStaffPage.fillemployeeID();\n    //addStaffPage.fillemployeeID(firstRow.EmployeeID); \n    addStaffPage.fillfirstname(firstRow.FirstName);\n    addStaffPage.filllastname(firstRow.LastName);\n    addStaffPage.fillemailid(firstRow.EmailID);\n    addStaffPage.fillmobilenumber(firstRow.MobileNumber);\n    addStaffPage.ClikonSOW();\n    cy.wait(2000);\n    addStaffPage.ScopeOfWorkTestPage_01();\n    addStaffPage.clickonbbrm();\n    cy.wait(2000);\n    addStaffPage.fillbasebranch();\n  });\n});",
              "err": {
                "message": "AssertionError: Timed out retrying after 4000ms: Expected to find element: `.col-md-12.ng-star-inserted > .form-control-group > .form-ng-select > .ng-select-container > .ng-value-container > .ng-input > input`, but never found it.",
                "estack": "AssertionError: Timed out retrying after 4000ms: Expected to find element: `.col-md-12.ng-star-inserted > .form-control-group > .form-ng-select > .ng-select-container > .ng-value-container > .ng-input > input`, but never found it.\n    at AddStaffPage.ScopeOfWorkTestPage_01 (webpack:///./cypress/e2e/pages/AddStaffPage.js:261:7)\n    at Context.eval (webpack:///./cypress/e2e/tests/AddStaffPageTest_648.cy.js:42:29)",
                "diff": null
              },
              "uuid": "897c980e-b46b-4403-a4e0-2a780bf2979f",
              "parentUUID": "4eb0dd6c-0d33-4af4-9177-fb7de1ddffe0",
              "isHook": false,
              "skipped": false
            }
          ],
          "suites": [],
          "passes": [],
          "failures": [
            "897c980e-b46b-4403-a4e0-2a780bf2979f"
          ],
          "pending": [],
          "skipped": [],
          "duration": 74412,
          "root": false,
          "rootEmpty": false,
          "_timeout": 2000
        }
      ],
      "passes": [],
      "failures": [],
      "pending": [],
      "skipped": [],
      "duration": 0,
      "root": true,
      "rootEmpty": true,
      "_timeout": 2000
    }
  ],
  "meta": {
    "mocha": {
      "version": "7.0.1"
    },
    "mochawesome": {
      "options": {
        "quiet": false,
        "reportFilename": "mochawesome",
        "saveHtml": false,
        "saveJson": true,
        "consoleReporter": "spec",
        "useInlineDiffs": false,
        "code": true
      },
      "version": "7.1.3"
    },
    "marge": {
      "options": {
        "overwrite": false,
        "html": false,
        "json": true,
        "reportDir": "cypress\\reports\\html\\.jsons"
      },
      "version": "6.2.0"
    }
  }
}