{
  "stats": {
    "suites": 1,
    "tests": 1,
    "passes": 0,
    "pending": 0,
    "failures": 1,
    "start": "2026-07-23T12:04:45.594Z",
    "end": "2026-07-23T12:05:32.949Z",
    "duration": 47355,
    "testsRegistered": 1,
    "passPercent": 0,
    "pendingPercent": 0,
    "other": 0,
    "hasOther": false,
    "skipped": 0,
    "hasSkipped": false
  },
  "results": [
    {
      "uuid": "a7777533-e2be-4e02-a3ae-448c7e5846ec",
      "title": "",
      "fullFile": "cypress\\e2e\\tests\\DashboardTestPage_026.cy.js",
      "file": "cypress\\e2e\\tests\\DashboardTestPage_026.cy.js",
      "beforeHooks": [],
      "afterHooks": [],
      "tests": [],
      "suites": [
        {
          "uuid": "072fe117-fc67-4df1-bfb5-1819bf8a805d",
          "title": "Dashboard - Search account -Verify whether navigated to account detail screen user is able to view Note History, Flags on web browser.",
          "fullFile": "",
          "file": "",
          "beforeHooks": [],
          "afterHooks": [],
          "tests": [
            {
              "title": "Payment - TC_ID_026",
              "fullTitle": "Dashboard - Search account -Verify whether navigated to account detail screen user is able to view Note History, Flags on web browser. Payment - TC_ID_026",
              "timedOut": null,
              "duration": 42430,
              "state": "failed",
              "speed": null,
              "pass": false,
              "fail": true,
              "pending": false,
              "context": null,
              "code": "(0, _testDataUtils.getTestData)('loginData', 'login').then(user => {\n  loginPage.login(user.Companyname, user.email, user.password);\n  cy.wait(2000);\n  dashboardpage.DashboardTestPage_026();\n});",
              "err": {
                "message": "AssertionError: Timed out retrying after 4000ms: Expected to find element: `tbody tr:nth-child(1) td:nth-child(4) a:nth-child(1)`, but never found it.",
                "estack": "AssertionError: Timed out retrying after 4000ms: Expected to find element: `tbody tr:nth-child(1) td:nth-child(4) a:nth-child(1)`, but never found it.\n    at DashboardPage.DashboardTestPage_026 (webpack:///./cypress/e2e/pages/DashboardPage.js:154:7)\n    at Context.eval (webpack:///./cypress/e2e/tests/DashboardTestPage_026.cy.js:27:30)",
                "diff": null
              },
              "uuid": "645c36df-2cfb-4544-9142-1e89d7caeff2",
              "parentUUID": "072fe117-fc67-4df1-bfb5-1819bf8a805d",
              "isHook": false,
              "skipped": false
            }
          ],
          "suites": [],
          "passes": [],
          "failures": [
            "645c36df-2cfb-4544-9142-1e89d7caeff2"
          ],
          "pending": [],
          "skipped": [],
          "duration": 42430,
          "root": false,
          "rootEmpty": false,
          "_timeout": 2000
        }
      ],
      "passes": [],
      "failures": [],
      "pending": [],
      "skipped": [],
      "duration": 0,
      "root": true,
      "rootEmpty": true,
      "_timeout": 2000
    }
  ],
  "meta": {
    "mocha": {
      "version": "7.0.1"
    },
    "mochawesome": {
      "options": {
        "quiet": false,
        "reportFilename": "mochawesome",
        "saveHtml": false,
        "saveJson": true,
        "consoleReporter": "spec",
        "useInlineDiffs": false,
        "code": true
      },
      "version": "7.1.3"
    },
    "marge": {
      "options": {
        "overwrite": false,
        "html": false,
        "json": true,
        "reportDir": "cypress\\reports\\html\\.jsons"
      },
      "version": "6.2.0"
    }
  }
}