{
  "stats": {
    "suites": 1,
    "tests": 1,
    "passes": 1,
    "pending": 0,
    "failures": 0,
    "start": "2026-07-23T13:47:23.696Z",
    "end": "2026-07-23T13:48:23.499Z",
    "duration": 59803,
    "testsRegistered": 1,
    "passPercent": 100,
    "pendingPercent": 0,
    "other": 0,
    "hasOther": false,
    "skipped": 0,
    "hasSkipped": false
  },
  "results": [
    {
      "uuid": "353a097b-1a4b-41d4-af11-415cd80912d1",
      "title": "",
      "fullFile": "cypress\\e2e\\tests\\PaymentsPageTest_1408.cy.js",
      "file": "cypress\\e2e\\tests\\PaymentsPageTest_1408.cy.js",
      "beforeHooks": [],
      "afterHooks": [],
      "tests": [],
      "suites": [
        {
          "uuid": "85db5871-31a6-40b5-8be1-444c9475854f",
          "title": "Payments Module - Central ops acknowledging payin slip- Logged in user entered incorrect amount in payin slip amount field and clicked on search button.",
          "fullFile": "",
          "file": "",
          "beforeHooks": [],
          "afterHooks": [],
          "tests": [
            {
              "title": "Payment - TC_ID_1408",
              "fullTitle": "Payments Module - Central ops acknowledging payin slip- Logged in user entered incorrect amount in payin slip amount field and clicked on search button. Payment - TC_ID_1408",
              "timedOut": null,
              "duration": 45432,
              "state": "passed",
              "speed": "slow",
              "pass": true,
              "fail": false,
              "pending": false,
              "context": null,
              "code": "(0, _testDataUtils.getTestData)('loginData', 'login').then(user => {\n  loginPage.login(user.Companyname, user.email, user.password);\n  cy.wait(2000);\n  paymentsPage.PaymentModule();\n  paymentsPage.ClickOnCentral_ops_acknowledging_payin_slip_IncorrectValue();\n});",
              "err": {},
              "uuid": "f995eab7-2e8f-4df5-b6bb-52307b324cd9",
              "parentUUID": "85db5871-31a6-40b5-8be1-444c9475854f",
              "isHook": false,
              "skipped": false
            }
          ],
          "suites": [],
          "passes": [
            "f995eab7-2e8f-4df5-b6bb-52307b324cd9"
          ],
          "failures": [],
          "pending": [],
          "skipped": [],
          "duration": 45432,
          "root": false,
          "rootEmpty": false,
          "_timeout": 2000
        }
      ],
      "passes": [],
      "failures": [],
      "pending": [],
      "skipped": [],
      "duration": 0,
      "root": true,
      "rootEmpty": true,
      "_timeout": 2000
    }
  ],
  "meta": {
    "mocha": {
      "version": "7.0.1"
    },
    "mochawesome": {
      "options": {
        "quiet": false,
        "reportFilename": "mochawesome",
        "saveHtml": false,
        "saveJson": true,
        "consoleReporter": "spec",
        "useInlineDiffs": false,
        "code": true
      },
      "version": "7.1.3"
    },
    "marge": {
      "options": {
        "overwrite": false,
        "html": false,
        "json": true,
        "reportDir": "cypress\\reports\\html\\.jsons"
      },
      "version": "6.2.0"
    }
  }
}