{
  "stats": {
    "suites": 1,
    "tests": 1,
    "passes": 0,
    "pending": 0,
    "failures": 1,
    "start": "2026-07-23T15:07:40.906Z",
    "end": "2026-07-23T15:08:19.516Z",
    "duration": 38610,
    "testsRegistered": 1,
    "passPercent": 0,
    "pendingPercent": 0,
    "other": 0,
    "hasOther": false,
    "skipped": 0,
    "hasSkipped": false
  },
  "results": [
    {
      "uuid": "f3badecb-b1d6-4c9e-bc21-c731db5151b6",
      "title": "",
      "fullFile": "cypress\\e2e\\tests\\ScopeofWorkTestPage_66.cy.js",
      "file": "cypress\\e2e\\tests\\ScopeofWorkTestPage_66.cy.js",
      "beforeHooks": [],
      "afterHooks": [],
      "tests": [],
      "suites": [
        {
          "uuid": "c9e99307-dab7-4014-b18c-2e77ed5c101d",
          "title": "User Management -Add agent- Scope of work- user select the country option in the geography",
          "fullFile": "",
          "file": "",
          "beforeHooks": [],
          "afterHooks": [],
          "tests": [
            {
              "title": "User Management - Scope of work - TC_ID_66",
              "fullTitle": "User Management -Add agent- Scope of work- user select the country option in the geography User Management - Scope of work - TC_ID_66",
              "timedOut": null,
              "duration": 33864,
              "state": "failed",
              "speed": null,
              "pass": false,
              "fail": true,
              "pending": false,
              "context": null,
              "code": "(0, _testDataUtils.getTestData)('loginData', 'login').then(user => {\n  loginPage.login(user.Companyname, user.email, user.password);\n  cy.wait(2000);\n  scopeofworkpage.ScopeOfWorkTestPage_66();\n});",
              "err": {
                "message": "AssertionError: Timed out retrying after 4000ms: Expected to find element: `#nav-item-1-user-management`, but never found it.",
                "estack": "AssertionError: Timed out retrying after 4000ms: Expected to find element: `#nav-item-1-user-management`, but never found it.\n    at ScopeofWorkPage.ScopeOfWorkTestPage_66 (webpack:///./cypress/e2e/pages/ScopeofWorkPage.js:1218:7)\n    at Context.eval (webpack:///./cypress/e2e/tests/ScopeofWorkTestPage_66.cy.js:27:32)",
                "diff": null
              },
              "uuid": "2cf63272-8ddc-4c59-aad4-7c822aaa5e4d",
              "parentUUID": "c9e99307-dab7-4014-b18c-2e77ed5c101d",
              "isHook": false,
              "skipped": false
            }
          ],
          "suites": [],
          "passes": [],
          "failures": [
            "2cf63272-8ddc-4c59-aad4-7c822aaa5e4d"
          ],
          "pending": [],
          "skipped": [],
          "duration": 33864,
          "root": false,
          "rootEmpty": false,
          "_timeout": 2000
        }
      ],
      "passes": [],
      "failures": [],
      "pending": [],
      "skipped": [],
      "duration": 0,
      "root": true,
      "rootEmpty": true,
      "_timeout": 2000
    }
  ],
  "meta": {
    "mocha": {
      "version": "7.0.1"
    },
    "mochawesome": {
      "options": {
        "quiet": false,
        "reportFilename": "mochawesome",
        "saveHtml": false,
        "saveJson": true,
        "consoleReporter": "spec",
        "useInlineDiffs": false,
        "code": true
      },
      "version": "7.1.3"
    },
    "marge": {
      "options": {
        "overwrite": false,
        "html": false,
        "json": true,
        "reportDir": "cypress\\reports\\html\\.jsons"
      },
      "version": "6.2.0"
    }
  }
}