{
  "stats": {
    "suites": 1,
    "tests": 1,
    "passes": 1,
    "pending": 0,
    "failures": 0,
    "start": "2026-07-23T11:38:54.555Z",
    "end": "2026-07-23T11:39:51.683Z",
    "duration": 57128,
    "testsRegistered": 1,
    "passPercent": 100,
    "pendingPercent": 0,
    "other": 0,
    "hasOther": false,
    "skipped": 0,
    "hasSkipped": false
  },
  "results": [
    {
      "uuid": "20cfa7a4-6d0c-486a-a4a8-f0f7bf5e707b",
      "title": "",
      "fullFile": "cypress\\e2e\\tests\\AgentEmpanelmentRequestPageTest_630.cy.js",
      "file": "cypress\\e2e\\tests\\AgentEmpanelmentRequestPageTest_630.cy.js",
      "beforeHooks": [],
      "afterHooks": [],
      "tests": [],
      "suites": [
        {
          "uuid": "adf28d2d-3f96-4fce-97bb-8fe2586284df",
          "title": "Agent Empanelment Request - Create Agent - User should be able to add department & designations by selecting department as \"agency frontend\" and designation as \"telecaller\"2.user can also click on add button to add one more department and designation",
          "fullFile": "",
          "file": "",
          "beforeHooks": [],
          "afterHooks": [],
          "tests": [
            {
              "title": "Agent Empanelment Request - TC_ID_630",
              "fullTitle": "Agent Empanelment Request - Create Agent - User should be able to add department & designations by selecting department as \"agency frontend\" and designation as \"telecaller\"2.user can also click on add button to add one more department and designation Agent Empanelment Request - TC_ID_630",
              "timedOut": null,
              "duration": 50776,
              "state": "passed",
              "speed": "slow",
              "pass": true,
              "fail": false,
              "pending": false,
              "context": null,
              "code": "(0, _testDataUtils.getTestData)('loginData', 'login').then(user => {\n  loginPage.login(user.Companyname, user.email, user.password);\n  cy.wait(2000);\n  agentemplimentationRequest.AgentEnpalmentRequest630();\n});",
              "err": {},
              "uuid": "b600b1d7-cf10-4e56-a12a-511c2bc6d1a8",
              "parentUUID": "adf28d2d-3f96-4fce-97bb-8fe2586284df",
              "isHook": false,
              "skipped": false
            }
          ],
          "suites": [],
          "passes": [
            "b600b1d7-cf10-4e56-a12a-511c2bc6d1a8"
          ],
          "failures": [],
          "pending": [],
          "skipped": [],
          "duration": 50776,
          "root": false,
          "rootEmpty": false,
          "_timeout": 2000
        }
      ],
      "passes": [],
      "failures": [],
      "pending": [],
      "skipped": [],
      "duration": 0,
      "root": true,
      "rootEmpty": true,
      "_timeout": 2000
    }
  ],
  "meta": {
    "mocha": {
      "version": "7.0.1"
    },
    "mochawesome": {
      "options": {
        "quiet": false,
        "reportFilename": "mochawesome",
        "saveHtml": false,
        "saveJson": true,
        "consoleReporter": "spec",
        "useInlineDiffs": false,
        "code": true
      },
      "version": "7.1.3"
    },
    "marge": {
      "options": {
        "overwrite": false,
        "html": false,
        "json": true,
        "reportDir": "cypress\\reports\\html\\.jsons"
      },
      "version": "6.2.0"
    }
  }
}