{
  "stats": {
    "suites": 1,
    "tests": 1,
    "passes": 0,
    "pending": 0,
    "failures": 1,
    "start": "2026-07-23T10:41:23.766Z",
    "end": "2026-07-23T10:44:05.074Z",
    "duration": 161308,
    "testsRegistered": 1,
    "passPercent": 0,
    "pendingPercent": 0,
    "other": 0,
    "hasOther": false,
    "skipped": 0,
    "hasSkipped": false
  },
  "results": [
    {
      "uuid": "11da2c72-2e5e-4617-9799-b53ccacf774e",
      "title": "",
      "fullFile": "cypress\\e2e\\tests\\AgencyEmpanelmentRequest_605.cy.js",
      "file": "cypress\\e2e\\tests\\AgencyEmpanelmentRequest_605.cy.js",
      "beforeHooks": [],
      "afterHooks": [],
      "tests": [],
      "suites": [
        {
          "uuid": "a1ae7d1b-c6e4-472c-ae4c-089148728eb5",
          "title": "User Management - Agency Empanelment Request",
          "fullFile": "",
          "file": "",
          "beforeHooks": [],
          "afterHooks": [],
          "tests": [
            {
              "title": "Scope of work - TC_ID_605",
              "fullTitle": "User Management - Agency Empanelment Request Scope of work - TC_ID_605",
              "timedOut": null,
              "duration": 152088,
              "state": "failed",
              "speed": null,
              "pass": false,
              "fail": true,
              "pending": false,
              "context": null,
              "code": "(0, _testDataUtils.getTestData)('loginData', 'login').then(user => {\n  loginPage.login(user.Companyname, user.email, user.password);\n  userManagementPage.CreateAgency046();\n});",
              "err": {
                "message": "AssertionError: Timed out retrying after 4000ms: Expected to find element: `tr.ng-star-inserted > :nth-child(1) > .form-select`, but never found it.",
                "estack": "AssertionError: Timed out retrying after 4000ms: Expected to find element: `tr.ng-star-inserted > :nth-child(1) > .form-select`, but never found it.\n    at UserManagementPage.CreateAgency046 (webpack:///./cypress/e2e/pages/UserManagementPage.js:5258:7)\n    at Context.eval (webpack:///./cypress/e2e/tests/AgencyEmpanelmentRequest_605.cy.js:24:25)",
                "diff": null
              },
              "uuid": "8c4ca7c0-2c84-42e8-8fec-2bba6284f432",
              "parentUUID": "a1ae7d1b-c6e4-472c-ae4c-089148728eb5",
              "isHook": false,
              "skipped": false
            }
          ],
          "suites": [],
          "passes": [],
          "failures": [
            "8c4ca7c0-2c84-42e8-8fec-2bba6284f432"
          ],
          "pending": [],
          "skipped": [],
          "duration": 152088,
          "root": false,
          "rootEmpty": false,
          "_timeout": 2000
        }
      ],
      "passes": [],
      "failures": [],
      "pending": [],
      "skipped": [],
      "duration": 0,
      "root": true,
      "rootEmpty": true,
      "_timeout": 2000
    }
  ],
  "meta": {
    "mocha": {
      "version": "7.0.1"
    },
    "mochawesome": {
      "options": {
        "quiet": false,
        "reportFilename": "mochawesome",
        "saveHtml": false,
        "saveJson": true,
        "consoleReporter": "spec",
        "useInlineDiffs": false,
        "code": true
      },
      "version": "7.1.3"
    },
    "marge": {
      "options": {
        "overwrite": false,
        "html": false,
        "json": true,
        "reportDir": "cypress\\reports\\html\\.jsons"
      },
      "version": "6.2.0"
    }
  }
}