{
  "stats": {
    "suites": 1,
    "tests": 1,
    "passes": 0,
    "pending": 0,
    "failures": 1,
    "start": "2026-07-23T14:44:19.140Z",
    "end": "2026-07-23T14:45:07.155Z",
    "duration": 48015,
    "testsRegistered": 1,
    "passPercent": 0,
    "pendingPercent": 0,
    "other": 0,
    "hasOther": false,
    "skipped": 0,
    "hasSkipped": false
  },
  "results": [
    {
      "uuid": "1b24f31e-9cf5-4c56-ac4e-a4bbb0558be4",
      "title": "",
      "fullFile": "cypress\\e2e\\tests\\ScopeofWorkTestPage_37.cy.js",
      "file": "cypress\\e2e\\tests\\ScopeofWorkTestPage_37.cy.js",
      "beforeHooks": [],
      "afterHooks": [],
      "tests": [],
      "suites": [
        {
          "uuid": "a6b8b719-aa01-4729-a377-7ee88e158159",
          "title": "User Management -Add staff- Scope of work - user select the branch dropdown in the geography",
          "fullFile": "",
          "file": "",
          "beforeHooks": [],
          "afterHooks": [],
          "tests": [
            {
              "title": "User Management - Scope of work - TC_ID_37",
              "fullTitle": "User Management -Add staff- Scope of work - user select the branch dropdown in the geography User Management - Scope of work - TC_ID_37",
              "timedOut": null,
              "duration": 36874,
              "state": "failed",
              "speed": null,
              "pass": false,
              "fail": true,
              "pending": false,
              "context": null,
              "code": "(0, _testDataUtils.getTestData)('loginData', 'login').then(user => {\n  loginPage.login(user.Companyname, user.email, user.password);\n  cy.wait(2000);\n  scopeofworkpage.ScopeOfWorkTestPage_37();\n});",
              "err": {
                "message": "AssertionError: Timed out retrying after 4000ms: Expected to find element: `#nav-item-1-user-management`, but never found it.",
                "estack": "AssertionError: Timed out retrying after 4000ms: Expected to find element: `#nav-item-1-user-management`, but never found it.\n    at ScopeofWorkPage.ScopeOfWorkTestPage_37 (webpack:///./cypress/e2e/pages/ScopeofWorkPage.js:668:7)\n    at Context.eval (webpack:///./cypress/e2e/tests/ScopeofWorkTestPage_37.cy.js:27:32)",
                "diff": null
              },
              "uuid": "2aeacbaa-e54a-4cd9-9906-dfca96284cc5",
              "parentUUID": "a6b8b719-aa01-4729-a377-7ee88e158159",
              "isHook": false,
              "skipped": false
            }
          ],
          "suites": [],
          "passes": [],
          "failures": [
            "2aeacbaa-e54a-4cd9-9906-dfca96284cc5"
          ],
          "pending": [],
          "skipped": [],
          "duration": 36874,
          "root": false,
          "rootEmpty": false,
          "_timeout": 2000
        }
      ],
      "passes": [],
      "failures": [],
      "pending": [],
      "skipped": [],
      "duration": 0,
      "root": true,
      "rootEmpty": true,
      "_timeout": 2000
    }
  ],
  "meta": {
    "mocha": {
      "version": "7.0.1"
    },
    "mochawesome": {
      "options": {
        "quiet": false,
        "reportFilename": "mochawesome",
        "saveHtml": false,
        "saveJson": true,
        "consoleReporter": "spec",
        "useInlineDiffs": false,
        "code": true
      },
      "version": "7.1.3"
    },
    "marge": {
      "options": {
        "overwrite": false,
        "html": false,
        "json": true,
        "reportDir": "cypress\\reports\\html\\.jsons"
      },
      "version": "6.2.0"
    }
  }
}