{
  "stats": {
    "suites": 1,
    "tests": 1,
    "passes": 1,
    "pending": 0,
    "failures": 0,
    "start": "2026-07-23T12:58:40.729Z",
    "end": "2026-07-23T12:59:30.269Z",
    "duration": 49540,
    "testsRegistered": 1,
    "passPercent": 100,
    "pendingPercent": 0,
    "other": 0,
    "hasOther": false,
    "skipped": 0,
    "hasSkipped": false
  },
  "results": [
    {
      "uuid": "fb310d3d-0576-482d-85a3-95fad281b007",
      "title": "",
      "fullFile": "cypress\\e2e\\tests\\PaymentsPageTest_068.cy.js",
      "file": "cypress\\e2e\\tests\\PaymentsPageTest_068.cy.js",
      "beforeHooks": [],
      "afterHooks": [],
      "tests": [],
      "suites": [
        {
          "uuid": "8b1e487b-0c52-45b8-bd6c-018022e5b22c",
          "title": "Payments Module - Search & View Pay-in-Slip Id - Logged in user to view search and view payin slip id screen with all fields along with search button.",
          "fullFile": "",
          "file": "",
          "beforeHooks": [],
          "afterHooks": [],
          "tests": [
            {
              "title": "Payment - TC_ID_068",
              "fullTitle": "Payments Module - Search & View Pay-in-Slip Id - Logged in user to view search and view payin slip id screen with all fields along with search button. Payment - TC_ID_068",
              "timedOut": null,
              "duration": 41928,
              "state": "passed",
              "speed": "slow",
              "pass": true,
              "fail": false,
              "pending": false,
              "context": null,
              "code": "(0, _testDataUtils.getTestData)('loginData', 'login').then(user => {\n  loginPage.login(user.Companyname, user.email, user.password);\n  cy.wait(2000);\n  paymentsPage.SearchandViewPayinSlip069();\n});",
              "err": {},
              "uuid": "e86214ee-2f33-4448-ad99-61f641f07040",
              "parentUUID": "8b1e487b-0c52-45b8-bd6c-018022e5b22c",
              "isHook": false,
              "skipped": false
            }
          ],
          "suites": [],
          "passes": [
            "e86214ee-2f33-4448-ad99-61f641f07040"
          ],
          "failures": [],
          "pending": [],
          "skipped": [],
          "duration": 41928,
          "root": false,
          "rootEmpty": false,
          "_timeout": 2000
        }
      ],
      "passes": [],
      "failures": [],
      "pending": [],
      "skipped": [],
      "duration": 0,
      "root": true,
      "rootEmpty": true,
      "_timeout": 2000
    }
  ],
  "meta": {
    "mocha": {
      "version": "7.0.1"
    },
    "mochawesome": {
      "options": {
        "quiet": false,
        "reportFilename": "mochawesome",
        "saveHtml": false,
        "saveJson": true,
        "consoleReporter": "spec",
        "useInlineDiffs": false,
        "code": true
      },
      "version": "7.1.3"
    },
    "marge": {
      "options": {
        "overwrite": false,
        "html": false,
        "json": true,
        "reportDir": "cypress\\reports\\html\\.jsons"
      },
      "version": "6.2.0"
    }
  }
}