{
  "stats": {
    "suites": 1,
    "tests": 1,
    "passes": 0,
    "pending": 0,
    "failures": 1,
    "start": "2026-07-23T15:06:13.452Z",
    "end": "2026-07-23T15:06:52.010Z",
    "duration": 38558,
    "testsRegistered": 1,
    "passPercent": 0,
    "pendingPercent": 0,
    "other": 0,
    "hasOther": false,
    "skipped": 0,
    "hasSkipped": false
  },
  "results": [
    {
      "uuid": "7d99aac4-4d25-41ab-a5e1-c2e11353069c",
      "title": "",
      "fullFile": "cypress\\e2e\\tests\\ScopeofWorkTestPage_64.cy.js",
      "file": "cypress\\e2e\\tests\\ScopeofWorkTestPage_64.cy.js",
      "beforeHooks": [],
      "afterHooks": [],
      "tests": [],
      "suites": [
        {
          "uuid": "83aa4983-4f28-4702-93dd-6189c77da1df",
          "title": "User Management -Add agent- Scope of work - user click on bucket dropdown and select the more than one values",
          "fullFile": "",
          "file": "",
          "beforeHooks": [],
          "afterHooks": [],
          "tests": [
            {
              "title": "User Management - Scope of work - TC_ID_64",
              "fullTitle": "User Management -Add agent- Scope of work - user click on bucket dropdown and select the more than one values User Management - Scope of work - TC_ID_64",
              "timedOut": null,
              "duration": 33921,
              "state": "failed",
              "speed": null,
              "pass": false,
              "fail": true,
              "pending": false,
              "context": null,
              "code": "(0, _testDataUtils.getTestData)('loginData', 'login').then(user => {\n  loginPage.login(user.Companyname, user.email, user.password);\n  cy.wait(2000);\n  scopeofworkpage.ScopeOfWorkTestPage_64();\n});",
              "err": {
                "message": "AssertionError: Timed out retrying after 4000ms: Expected to find element: `#nav-item-1-user-management`, but never found it.",
                "estack": "AssertionError: Timed out retrying after 4000ms: Expected to find element: `#nav-item-1-user-management`, but never found it.\n    at ScopeofWorkPage.ScopeOfWorkTestPage_64 (webpack:///./cypress/e2e/pages/ScopeofWorkPage.js:1178:6)\n    at Context.eval (webpack:///./cypress/e2e/tests/ScopeofWorkTestPage_64.cy.js:27:32)",
                "diff": null
              },
              "uuid": "48754678-9db1-416a-a37a-ed05b6f95f40",
              "parentUUID": "83aa4983-4f28-4702-93dd-6189c77da1df",
              "isHook": false,
              "skipped": false
            }
          ],
          "suites": [],
          "passes": [],
          "failures": [
            "48754678-9db1-416a-a37a-ed05b6f95f40"
          ],
          "pending": [],
          "skipped": [],
          "duration": 33921,
          "root": false,
          "rootEmpty": false,
          "_timeout": 2000
        }
      ],
      "passes": [],
      "failures": [],
      "pending": [],
      "skipped": [],
      "duration": 0,
      "root": true,
      "rootEmpty": true,
      "_timeout": 2000
    }
  ],
  "meta": {
    "mocha": {
      "version": "7.0.1"
    },
    "mochawesome": {
      "options": {
        "quiet": false,
        "reportFilename": "mochawesome",
        "saveHtml": false,
        "saveJson": true,
        "consoleReporter": "spec",
        "useInlineDiffs": false,
        "code": true
      },
      "version": "7.1.3"
    },
    "marge": {
      "options": {
        "overwrite": false,
        "html": false,
        "json": true,
        "reportDir": "cypress\\reports\\html\\.jsons"
      },
      "version": "6.2.0"
    }
  }
}