{
  "stats": {
    "suites": 1,
    "tests": 1,
    "passes": 1,
    "pending": 0,
    "failures": 0,
    "start": "2026-07-23T13:25:39.498Z",
    "end": "2026-07-23T13:26:27.187Z",
    "duration": 47689,
    "testsRegistered": 1,
    "passPercent": 100,
    "pendingPercent": 0,
    "other": 0,
    "hasOther": false,
    "skipped": 0,
    "hasSkipped": false
  },
  "results": [
    {
      "uuid": "793603a1-5af3-4032-98b2-a8954834748f",
      "title": "",
      "fullFile": "cypress\\e2e\\tests\\PaymentsPageTest_119.cy.js",
      "file": "cypress\\e2e\\tests\\PaymentsPageTest_119.cy.js",
      "beforeHooks": [],
      "afterHooks": [],
      "tests": [],
      "suites": [
        {
          "uuid": "0d2ce264-d025-4345-bf02-e4026fb5271f",
          "title": "Payments Module - Receive money from collector - Logged in user to acknowledge the batch of payments by entering all mandatory data and click on search.",
          "fullFile": "",
          "file": "",
          "beforeHooks": [],
          "afterHooks": [],
          "tests": [
            {
              "title": "Payment - TC_ID_119",
              "fullTitle": "Payments Module - Receive money from collector - Logged in user to acknowledge the batch of payments by entering all mandatory data and click on search. Payment - TC_ID_119",
              "timedOut": null,
              "duration": 41110,
              "state": "passed",
              "speed": "slow",
              "pass": true,
              "fail": false,
              "pending": false,
              "context": null,
              "code": "(0, _testDataUtils.getTestData)('loginData', 'login').then(user => {\n  loginPage.login(user.Companyname, user.email, user.password);\n  cy.wait(2000);\n  paymentsPage.PaymentModule_119();\n});",
              "err": {},
              "uuid": "c4b628fd-f0ee-4e9c-98b6-80c647a59170",
              "parentUUID": "0d2ce264-d025-4345-bf02-e4026fb5271f",
              "isHook": false,
              "skipped": false
            }
          ],
          "suites": [],
          "passes": [
            "c4b628fd-f0ee-4e9c-98b6-80c647a59170"
          ],
          "failures": [],
          "pending": [],
          "skipped": [],
          "duration": 41110,
          "root": false,
          "rootEmpty": false,
          "_timeout": 2000
        }
      ],
      "passes": [],
      "failures": [],
      "pending": [],
      "skipped": [],
      "duration": 0,
      "root": true,
      "rootEmpty": true,
      "_timeout": 2000
    }
  ],
  "meta": {
    "mocha": {
      "version": "7.0.1"
    },
    "mochawesome": {
      "options": {
        "quiet": false,
        "reportFilename": "mochawesome",
        "saveHtml": false,
        "saveJson": true,
        "consoleReporter": "spec",
        "useInlineDiffs": false,
        "code": true
      },
      "version": "7.1.3"
    },
    "marge": {
      "options": {
        "overwrite": false,
        "html": false,
        "json": true,
        "reportDir": "cypress\\reports\\html\\.jsons"
      },
      "version": "6.2.0"
    }
  }
}