{
  "stats": {
    "suites": 1,
    "tests": 1,
    "passes": 0,
    "pending": 0,
    "failures": 1,
    "start": "2026-07-23T15:10:47.783Z",
    "end": "2026-07-23T15:11:24.962Z",
    "duration": 37179,
    "testsRegistered": 1,
    "passPercent": 0,
    "pendingPercent": 0,
    "other": 0,
    "hasOther": false,
    "skipped": 0,
    "hasSkipped": false
  },
  "results": [
    {
      "uuid": "0e60e4af-dd27-4f8e-8a1f-991869db163c",
      "title": "",
      "fullFile": "cypress\\e2e\\tests\\ScopeofWorkTestPage_70.cy.js",
      "file": "cypress\\e2e\\tests\\ScopeofWorkTestPage_70.cy.js",
      "beforeHooks": [],
      "afterHooks": [],
      "tests": [],
      "suites": [
        {
          "uuid": "dd5cfc5f-0a88-4df1-b5ab-39b4363e4275",
          "title": "User Management -Add agent- Scope of work - user select the state dropdown in the scope of work",
          "fullFile": "",
          "file": "",
          "beforeHooks": [],
          "afterHooks": [],
          "tests": [
            {
              "title": "User Management - Scope of work - TC_ID_70",
              "fullTitle": "User Management -Add agent- Scope of work - user select the state dropdown in the scope of work User Management - Scope of work - TC_ID_70",
              "timedOut": null,
              "duration": 32731,
              "state": "failed",
              "speed": null,
              "pass": false,
              "fail": true,
              "pending": false,
              "context": null,
              "code": "(0, _testDataUtils.getTestData)('loginData', 'login').then(user => {\n  loginPage.login(user.Companyname, user.email, user.password);\n  cy.wait(2000);\n  scopeofworkpage.ScopeOfWorkTestPage_70();\n});",
              "err": {
                "message": "AssertionError: Timed out retrying after 4000ms: Expected to find element: `#nav-item-1-user-management`, but never found it.",
                "estack": "AssertionError: Timed out retrying after 4000ms: Expected to find element: `#nav-item-1-user-management`, but never found it.\n    at ScopeofWorkPage.ScopeOfWorkTestPage_70 (webpack:///./cypress/e2e/pages/ScopeofWorkPage.js:1303:7)\n    at Context.eval (webpack:///./cypress/e2e/tests/ScopeofWorkTestPage_70.cy.js:27:32)",
                "diff": null
              },
              "uuid": "124cf8c4-ecfe-4898-bed7-8ff8462c3058",
              "parentUUID": "dd5cfc5f-0a88-4df1-b5ab-39b4363e4275",
              "isHook": false,
              "skipped": false
            }
          ],
          "suites": [],
          "passes": [],
          "failures": [
            "124cf8c4-ecfe-4898-bed7-8ff8462c3058"
          ],
          "pending": [],
          "skipped": [],
          "duration": 32731,
          "root": false,
          "rootEmpty": false,
          "_timeout": 2000
        }
      ],
      "passes": [],
      "failures": [],
      "pending": [],
      "skipped": [],
      "duration": 0,
      "root": true,
      "rootEmpty": true,
      "_timeout": 2000
    }
  ],
  "meta": {
    "mocha": {
      "version": "7.0.1"
    },
    "mochawesome": {
      "options": {
        "quiet": false,
        "reportFilename": "mochawesome",
        "saveHtml": false,
        "saveJson": true,
        "consoleReporter": "spec",
        "useInlineDiffs": false,
        "code": true
      },
      "version": "7.1.3"
    },
    "marge": {
      "options": {
        "overwrite": false,
        "html": false,
        "json": true,
        "reportDir": "cypress\\reports\\html\\.jsons"
      },
      "version": "6.2.0"
    }
  }
}