{
  "stats": {
    "suites": 1,
    "tests": 1,
    "passes": 0,
    "pending": 0,
    "failures": 1,
    "start": "2026-07-23T13:19:21.014Z",
    "end": "2026-07-23T13:20:17.975Z",
    "duration": 56961,
    "testsRegistered": 1,
    "passPercent": 0,
    "pendingPercent": 0,
    "other": 0,
    "hasOther": false,
    "skipped": 0,
    "hasSkipped": false
  },
  "results": [
    {
      "uuid": "708690c3-4116-49da-92b1-830bec3fb06e",
      "title": "",
      "fullFile": "cypress\\e2e\\tests\\PaymentsPageTest_113.cy.js",
      "file": "cypress\\e2e\\tests\\PaymentsPageTest_113.cy.js",
      "beforeHooks": [],
      "afterHooks": [],
      "tests": [],
      "suites": [
        {
          "uuid": "37ca309c-152e-4bc7-9f5d-e727c59dbe78",
          "title": "Payments Module - Walkin Customer Receipt -Logged in user to  click on mode of payment field but did not selected any value then encollect system will throw an error.",
          "fullFile": "",
          "file": "",
          "beforeHooks": [],
          "afterHooks": [],
          "tests": [
            {
              "title": "Payment - TC_ID_113",
              "fullTitle": "Payments Module - Walkin Customer Receipt -Logged in user to  click on mode of payment field but did not selected any value then encollect system will throw an error. Payment - TC_ID_113",
              "timedOut": null,
              "duration": 44238,
              "state": "failed",
              "speed": null,
              "pass": false,
              "fail": true,
              "pending": false,
              "context": null,
              "code": "(0, _testDataUtils.getTestData)('loginData', 'login').then(user => {\n  loginPage.login(user.Companyname, user.email, user.password);\n  cy.wait(2000);\n  paymentsPage.PaymentModule();\n  paymentsPage.ClickOnWalkInCustomerReceipt_upload_request_change();\n});",
              "err": {
                "message": "AssertionError: Timed out retrying after 4000ms: Expected to find element: `.payments > :nth-child(2) > :nth-child(4) > a.ng-star-inserted`, but never found it.",
                "estack": "AssertionError: Timed out retrying after 4000ms: Expected to find element: `.payments > :nth-child(2) > :nth-child(4) > a.ng-star-inserted`, but never found it.\n    at PaymentsPage.ClickOnWalkInCustomerReceipt_upload_request_change (webpack:///./cypress/e2e/pages/PaymentsPage.js:1414:7)\n    at Context.eval (webpack:///./cypress/e2e/tests/PaymentsPageTest_113.cy.js:27:29)",
                "diff": null
              },
              "uuid": "f35ea5a5-1905-42e5-885b-a39fc57bccd4",
              "parentUUID": "37ca309c-152e-4bc7-9f5d-e727c59dbe78",
              "isHook": false,
              "skipped": false
            }
          ],
          "suites": [],
          "passes": [],
          "failures": [
            "f35ea5a5-1905-42e5-885b-a39fc57bccd4"
          ],
          "pending": [],
          "skipped": [],
          "duration": 44238,
          "root": false,
          "rootEmpty": false,
          "_timeout": 2000
        }
      ],
      "passes": [],
      "failures": [],
      "pending": [],
      "skipped": [],
      "duration": 0,
      "root": true,
      "rootEmpty": true,
      "_timeout": 2000
    }
  ],
  "meta": {
    "mocha": {
      "version": "7.0.1"
    },
    "mochawesome": {
      "options": {
        "quiet": false,
        "reportFilename": "mochawesome",
        "saveHtml": false,
        "saveJson": true,
        "consoleReporter": "spec",
        "useInlineDiffs": false,
        "code": true
      },
      "version": "7.1.3"
    },
    "marge": {
      "options": {
        "overwrite": false,
        "html": false,
        "json": true,
        "reportDir": "cypress\\reports\\html\\.jsons"
      },
      "version": "6.2.0"
    }
  }
}