{
  "stats": {
    "suites": 1,
    "tests": 1,
    "passes": 0,
    "pending": 0,
    "failures": 1,
    "start": "2026-07-23T12:46:00.967Z",
    "end": "2026-07-23T12:46:51.402Z",
    "duration": 50435,
    "testsRegistered": 1,
    "passPercent": 0,
    "pendingPercent": 0,
    "other": 0,
    "hasOther": false,
    "skipped": 0,
    "hasSkipped": false
  },
  "results": [
    {
      "uuid": "25fcb842-6ce0-4a9a-9f75-55aed4d087fb",
      "title": "",
      "fullFile": "cypress\\e2e\\tests\\PaymentsPageTest_056.cy.js",
      "file": "cypress\\e2e\\tests\\PaymentsPageTest_056.cy.js",
      "beforeHooks": [],
      "afterHooks": [],
      "tests": [],
      "suites": [
        {
          "uuid": "05bd8dd8-84ce-4916-abab-609ef4d38e7d",
          "title": "Payments Module - Create pay-in slip - Logged in user to review the data which is already entered by scrolling up to the top of the screen.",
          "fullFile": "",
          "file": "",
          "beforeHooks": [],
          "afterHooks": [],
          "tests": [
            {
              "title": "Payment - TC_ID_056",
              "fullTitle": "Payments Module - Create pay-in slip - Logged in user to review the data which is already entered by scrolling up to the top of the screen. Payment - TC_ID_056",
              "timedOut": null,
              "duration": 40372,
              "state": "failed",
              "speed": null,
              "pass": false,
              "fail": true,
              "pending": false,
              "context": null,
              "code": "(0, _testDataUtils.getTestData)('loginData', 'login').then(user => {\n  loginPage.login(user.Companyname, user.email, user.password);\n  cy.wait(2000);\n  paymentsPage.PaymentModule();\n  paymentsPage.Depositslip();\n  paymentsPage.ClickOnCreatePayInSlip();\n  paymentsPage.ClickOnCreatePayInSlip_updateData();\n});",
              "err": {
                "message": "CypressError: Timed out retrying after 4000ms: `cy.select()` failed because it could not find a single `<option>` with value, index, or text matching: `Consumer Loan`\n\nhttps://on.cypress.io/select",
                "estack": "CypressError: Timed out retrying after 4000ms: `cy.select()` failed because it could not find a single `<option>` with value, index, or text matching: `Consumer Loan`\n\nhttps://on.cypress.io/select\n    at getOptions (https://entqa.sumeruentiger.com/__cypress/runner/cypress_runner.js:114180:72)\n    at tryCatcher (https://entqa.sumeruentiger.com/__cypress/runner/cypress_runner.js:1830:23)\n    at Promise.attempt.Promise.try (https://entqa.sumeruentiger.com/__cypress/runner/cypress_runner.js:4338:29)\n    at retryOptions (https://entqa.sumeruentiger.com/__cypress/runner/cypress_runner.js:114212:70)\n    at tryCatcher (https://entqa.sumeruentiger.com/__cypress/runner/cypress_runner.js:1830:23)\n    at Promise.attempt.Promise.try (https://entqa.sumeruentiger.com/__cypress/runner/cypress_runner.js:4338:29)\n    at whenStable (https://entqa.sumeruentiger.com/__cypress/runner/cypress_runner.js:143744:68)\n    at <unknown> (https://entqa.sumeruentiger.com/__cypress/runner/cypress_runner.js:143685:14)\n    at tryCatcher (https://entqa.sumeruentiger.com/__cypress/runner/cypress_runner.js:1830:23)\n    at Promise._settlePromiseFromHandler (https://entqa.sumeruentiger.com/__cypress/runner/cypress_runner.js:1542:31)\n    at Promise._settlePromise (https://entqa.sumeruentiger.com/__cypress/runner/cypress_runner.js:1599:18)\n    at Promise._settlePromise0 (https://entqa.sumeruentiger.com/__cypress/runner/cypress_runner.js:1644:10)\n    at Promise._settlePromises (https://entqa.sumeruentiger.com/__cypress/runner/cypress_runner.js:1724:18)\n    at Promise._fulfill (https://entqa.sumeruentiger.com/__cypress/runner/cypress_runner.js:1668:18)\n    at <unknown> (https://entqa.sumeruentiger.com/__cypress/runner/cypress_runner.js:5473:46)\nFrom Your Spec Code:\n    at PaymentsPage.ClickOnCreatePayInSlip_updateData (webpack:///./cypress/e2e/pages/PaymentsPage.js:967:42)\n    at Context.eval (webpack:///./cypress/e2e/tests/PaymentsPageTest_056.cy.js:29:29)",
                "diff": null
              },
              "uuid": "8213cec5-26f1-4b5a-b477-10b181c8ac59",
              "parentUUID": "05bd8dd8-84ce-4916-abab-609ef4d38e7d",
              "isHook": false,
              "skipped": false
            }
          ],
          "suites": [],
          "passes": [],
          "failures": [
            "8213cec5-26f1-4b5a-b477-10b181c8ac59"
          ],
          "pending": [],
          "skipped": [],
          "duration": 40372,
          "root": false,
          "rootEmpty": false,
          "_timeout": 2000
        }
      ],
      "passes": [],
      "failures": [],
      "pending": [],
      "skipped": [],
      "duration": 0,
      "root": true,
      "rootEmpty": true,
      "_timeout": 2000
    }
  ],
  "meta": {
    "mocha": {
      "version": "7.0.1"
    },
    "mochawesome": {
      "options": {
        "quiet": false,
        "reportFilename": "mochawesome",
        "saveHtml": false,
        "saveJson": true,
        "consoleReporter": "spec",
        "useInlineDiffs": false,
        "code": true
      },
      "version": "7.1.3"
    },
    "marge": {
      "options": {
        "overwrite": false,
        "html": false,
        "json": true,
        "reportDir": "cypress\\reports\\html\\.jsons"
      },
      "version": "6.2.0"
    }
  }
}