{
  "stats": {
    "suites": 1,
    "tests": 1,
    "passes": 0,
    "pending": 0,
    "failures": 1,
    "start": "2026-07-23T15:05:28.895Z",
    "end": "2026-07-23T15:06:08.333Z",
    "duration": 39438,
    "testsRegistered": 1,
    "passPercent": 0,
    "pendingPercent": 0,
    "other": 0,
    "hasOther": false,
    "skipped": 0,
    "hasSkipped": false
  },
  "results": [
    {
      "uuid": "ec48becc-ab78-4551-916f-18e3c4abbd1f",
      "title": "",
      "fullFile": "cypress\\e2e\\tests\\ScopeofWorkTestPage_63.cy.js",
      "file": "cypress\\e2e\\tests\\ScopeofWorkTestPage_63.cy.js",
      "beforeHooks": [],
      "afterHooks": [],
      "tests": [],
      "suites": [
        {
          "uuid": "23cac1e3-8556-418d-9583-67d70cb28da8",
          "title": "User Management -Add agent- Scope of work - user click on bucket dropdown and select the one dropdown value",
          "fullFile": "",
          "file": "",
          "beforeHooks": [],
          "afterHooks": [],
          "tests": [
            {
              "title": "User Management - Scope of work - TC_ID_63",
              "fullTitle": "User Management -Add agent- Scope of work - user click on bucket dropdown and select the one dropdown value User Management - Scope of work - TC_ID_63",
              "timedOut": null,
              "duration": 34724,
              "state": "failed",
              "speed": null,
              "pass": false,
              "fail": true,
              "pending": false,
              "context": null,
              "code": "(0, _testDataUtils.getTestData)('loginData', 'login').then(user => {\n  loginPage.login(user.Companyname, user.email, user.password);\n  cy.wait(2000);\n  scopeofworkpage.ScopeOfWorkTestPage_63();\n});",
              "err": {
                "message": "AssertionError: Timed out retrying after 4000ms: Expected to find element: `#nav-item-1-user-management`, but never found it.",
                "estack": "AssertionError: Timed out retrying after 4000ms: Expected to find element: `#nav-item-1-user-management`, but never found it.\n    at ScopeofWorkPage.ScopeOfWorkTestPage_63 (webpack:///./cypress/e2e/pages/ScopeofWorkPage.js:1159:4)\n    at Context.eval (webpack:///./cypress/e2e/tests/ScopeofWorkTestPage_63.cy.js:27:32)",
                "diff": null
              },
              "uuid": "b8546f8d-88d1-4cfc-a115-5bd95f3e7c83",
              "parentUUID": "23cac1e3-8556-418d-9583-67d70cb28da8",
              "isHook": false,
              "skipped": false
            }
          ],
          "suites": [],
          "passes": [],
          "failures": [
            "b8546f8d-88d1-4cfc-a115-5bd95f3e7c83"
          ],
          "pending": [],
          "skipped": [],
          "duration": 34724,
          "root": false,
          "rootEmpty": false,
          "_timeout": 2000
        }
      ],
      "passes": [],
      "failures": [],
      "pending": [],
      "skipped": [],
      "duration": 0,
      "root": true,
      "rootEmpty": true,
      "_timeout": 2000
    }
  ],
  "meta": {
    "mocha": {
      "version": "7.0.1"
    },
    "mochawesome": {
      "options": {
        "quiet": false,
        "reportFilename": "mochawesome",
        "saveHtml": false,
        "saveJson": true,
        "consoleReporter": "spec",
        "useInlineDiffs": false,
        "code": true
      },
      "version": "7.1.3"
    },
    "marge": {
      "options": {
        "overwrite": false,
        "html": false,
        "json": true,
        "reportDir": "cypress\\reports\\html\\.jsons"
      },
      "version": "6.2.0"
    }
  }
}