{
  "stats": {
    "suites": 1,
    "tests": 1,
    "passes": 0,
    "pending": 0,
    "failures": 1,
    "start": "2026-07-23T14:25:57.375Z",
    "end": "2026-07-23T14:26:47.904Z",
    "duration": 50529,
    "testsRegistered": 1,
    "passPercent": 0,
    "pendingPercent": 0,
    "other": 0,
    "hasOther": false,
    "skipped": 0,
    "hasSkipped": false
  },
  "results": [
    {
      "uuid": "1e43c1cb-9e3d-4069-9b42-3aa16a3f5764",
      "title": "",
      "fullFile": "cypress\\e2e\\tests\\ScopeofWorkTestPage_19.cy.js",
      "file": "cypress\\e2e\\tests\\ScopeofWorkTestPage_19.cy.js",
      "beforeHooks": [],
      "afterHooks": [],
      "tests": [],
      "suites": [
        {
          "uuid": "08decb45-e879-43e8-92e5-f24739d83503",
          "title": "User Management - Add staff - Scope of work - user select the dropdown in the sub-product in the scope of work",
          "fullFile": "",
          "file": "",
          "beforeHooks": [],
          "afterHooks": [],
          "tests": [
            {
              "title": "User Management - Scope of work - TC_ID_19",
              "fullTitle": "User Management - Add staff - Scope of work - user select the dropdown in the sub-product in the scope of work User Management - Scope of work - TC_ID_19",
              "timedOut": null,
              "duration": 41240,
              "state": "failed",
              "speed": null,
              "pass": false,
              "fail": true,
              "pending": false,
              "context": null,
              "code": "(0, _testDataUtils.getTestData)('loginData', 'login').then(user => {\n  loginPage.login(user.Companyname, user.email, user.password);\n  cy.wait(2000);\n  scopeofworkpage.ScopeOfWorkTestPage_19();\n});",
              "err": {
                "message": "AssertionError: Timed out retrying after 4000ms: Expected to find element: `#product-scope-HL03`, but never found it.",
                "estack": "AssertionError: Timed out retrying after 4000ms: Expected to find element: `#product-scope-HL03`, but never found it.\n    at ScopeofWorkPage.ScopeOfWorkTestPage_19 (webpack:///./cypress/e2e/pages/ScopeofWorkPage.js:314:7)\n    at Context.eval (webpack:///./cypress/e2e/tests/ScopeofWorkTestPage_19.cy.js:27:32)",
                "diff": null
              },
              "uuid": "cc2316fd-7498-46e4-835a-b155cbc690b1",
              "parentUUID": "08decb45-e879-43e8-92e5-f24739d83503",
              "isHook": false,
              "skipped": false
            }
          ],
          "suites": [],
          "passes": [],
          "failures": [
            "cc2316fd-7498-46e4-835a-b155cbc690b1"
          ],
          "pending": [],
          "skipped": [],
          "duration": 41240,
          "root": false,
          "rootEmpty": false,
          "_timeout": 2000
        }
      ],
      "passes": [],
      "failures": [],
      "pending": [],
      "skipped": [],
      "duration": 0,
      "root": true,
      "rootEmpty": true,
      "_timeout": 2000
    }
  ],
  "meta": {
    "mocha": {
      "version": "7.0.1"
    },
    "mochawesome": {
      "options": {
        "quiet": false,
        "reportFilename": "mochawesome",
        "saveHtml": false,
        "saveJson": true,
        "consoleReporter": "spec",
        "useInlineDiffs": false,
        "code": true
      },
      "version": "7.1.3"
    },
    "marge": {
      "options": {
        "overwrite": false,
        "html": false,
        "json": true,
        "reportDir": "cypress\\reports\\html\\.jsons"
      },
      "version": "6.2.0"
    }
  }
}