{
  "stats": {
    "suites": 1,
    "tests": 1,
    "passes": 1,
    "pending": 0,
    "failures": 0,
    "start": "2026-07-23T13:30:04.839Z",
    "end": "2026-07-23T13:30:53.374Z",
    "duration": 48535,
    "testsRegistered": 1,
    "passPercent": 100,
    "pendingPercent": 0,
    "other": 0,
    "hasOther": false,
    "skipped": 0,
    "hasSkipped": false
  },
  "results": [
    {
      "uuid": "77f0a544-7105-49c8-8c08-a2bc1a2d01b4",
      "title": "",
      "fullFile": "cypress\\e2e\\tests\\PaymentsPageTest_1393.cy.js",
      "file": "cypress\\e2e\\tests\\PaymentsPageTest_1393.cy.js",
      "beforeHooks": [],
      "afterHooks": [],
      "tests": [],
      "suites": [
        {
          "uuid": "94141160-8690-4bff-abb6-8fd0e4e93ab1",
          "title": "Payments Module - Receive money from collector- ENCollect system to throw an error as \"No field exists\" when user enters alphabets or special characters in collector code field.",
          "fullFile": "",
          "file": "",
          "beforeHooks": [],
          "afterHooks": [],
          "tests": [
            {
              "title": "Payment - TC_ID_1393",
              "fullTitle": "Payments Module - Receive money from collector- ENCollect system to throw an error as \"No field exists\" when user enters alphabets or special characters in collector code field. Payment - TC_ID_1393",
              "timedOut": null,
              "duration": 37384,
              "state": "passed",
              "speed": "slow",
              "pass": true,
              "fail": false,
              "pending": false,
              "context": null,
              "code": "(0, _testDataUtils.getTestData)('loginData', 'login').then(user => {\n  loginPage.login(user.Companyname, user.email, user.password);\n  cy.wait(2000);\n  paymentsPage.PaymentModule();\n});",
              "err": {},
              "uuid": "eb413919-74ff-4866-a0e4-8d4f531f0b5f",
              "parentUUID": "94141160-8690-4bff-abb6-8fd0e4e93ab1",
              "isHook": false,
              "skipped": false
            }
          ],
          "suites": [],
          "passes": [
            "eb413919-74ff-4866-a0e4-8d4f531f0b5f"
          ],
          "failures": [],
          "pending": [],
          "skipped": [],
          "duration": 37384,
          "root": false,
          "rootEmpty": false,
          "_timeout": 2000
        }
      ],
      "passes": [],
      "failures": [],
      "pending": [],
      "skipped": [],
      "duration": 0,
      "root": true,
      "rootEmpty": true,
      "_timeout": 2000
    }
  ],
  "meta": {
    "mocha": {
      "version": "7.0.1"
    },
    "mochawesome": {
      "options": {
        "quiet": false,
        "reportFilename": "mochawesome",
        "saveHtml": false,
        "saveJson": true,
        "consoleReporter": "spec",
        "useInlineDiffs": false,
        "code": true
      },
      "version": "7.1.3"
    },
    "marge": {
      "options": {
        "overwrite": false,
        "html": false,
        "json": true,
        "reportDir": "cypress\\reports\\html\\.jsons"
      },
      "version": "6.2.0"
    }
  }
}