{
  "stats": {
    "suites": 1,
    "tests": 1,
    "passes": 1,
    "pending": 0,
    "failures": 0,
    "start": "2026-04-15T06:02:13.175Z",
    "end": "2026-04-15T06:03:32.596Z",
    "duration": 79421,
    "testsRegistered": 1,
    "passPercent": 100,
    "pendingPercent": 0,
    "other": 0,
    "hasOther": false,
    "skipped": 0,
    "hasSkipped": false
  },
  "results": [
    {
      "uuid": "fe1a5b1d-9fbf-4212-9c33-38296e40c528",
      "title": "",
      "fullFile": "cypress\\e2e\\tests\\UserCreationTestPage_01b.cy.js",
      "file": "cypress\\e2e\\tests\\UserCreationTestPage_01b.cy.js",
      "beforeHooks": [],
      "afterHooks": [],
      "tests": [],
      "suites": [
        {
          "uuid": "cd01d859-31fc-4f64-85c0-c4d5b33f92fc",
          "title": "UserManagement  First Name is blank, system will throw an error as \"First Name is required\"",
          "fullFile": "",
          "file": "",
          "beforeHooks": [],
          "afterHooks": [],
          "tests": [
            {
              "title": "User download the agent template f First Name is blank, system will throw an error as \"First Name is required\" - TC_ID_01",
              "fullTitle": "UserManagement  First Name is blank, system will throw an error as \"First Name is required\" User download the agent template f First Name is blank, system will throw an error as \"First Name is required\" - TC_ID_01",
              "timedOut": null,
              "duration": 71049,
              "state": "passed",
              "speed": "slow",
              "pass": true,
              "fail": false,
              "pending": false,
              "context": null,
              "code": "(0, _TestDataUtils.getTestData)('loginData', 'login2').then(user => {\n  loginPage.login(user.Companyname, user.email, user.password);\n  cy.wait(900);\n  usercreationpage.UserCreationAgentTemplate_download();\n  const sheetName = 'Sheet1';\n  Cypress.on('uncaught:exception', (err, runnable) => {\n    if (err.message.includes('ResizeObserver loop completed with undelivered notifications.')) {\n      return false;\n    }\n  });\n  //############################################################################\n  const firstName = _faker.faker.name.firstName(); // B2\n  const lastName = _faker.faker.name.lastName(); // C2\n  const phoneNumber = _faker.faker.number.int({\n    min: 1000000000,\n    max: 9999999999\n  }).toString(); // 10-digit\n  const email = `${firstName.toLowerCase()}@yopmail.com`; // N2 - short, simple\n  //################################################################################\n  const data = {\n    'A2': 'FOS',\n    'B2': '',\n    'C2': lastName,\n    'D2': '2345',\n    'E2': '',\n    'F2': '435454',\n    'G2': '',\n    'H2': '',\n    'I2': '',\n    'J2': 'Agency Collection Staff Backend',\n    'K2': 'Agency Owner',\n    'L2': '18-10-1979',\n    'M2': phoneNumber,\n    'N2': email,\n    'O2': 'yop',\n    'P2': 'bakori',\n    'Q2': '765523',\n    'R2': '19-10-2022',\n    'S2': '19-10-2023',\n    'T2': '10-10-2033',\n    'U2': 'resr'\n  };\n  const downloadsFolder = Cypress.config('downloadsFolder');\n  const fixturesFolder = 'cypress/fixtures';\n  const excelFileName = 'AgentTemplate.xlsx';\n  const sourceFilePath = path.join(downloadsFolder, excelFileName);\n  const destFilePath = path.join(fixturesFolder, excelFileName);\n  // Update Excel File\n  cy.task('updateAgentTemplateCell', {\n    filePath: sourceFilePath,\n    sheetName: sheetName,\n    data: data\n  }).then(() => {\n    cy.log('Excel file updated successfully with new data');\n  });\n  cy.task('moveAllDownloadsToFixtures').then(result => {\n    cy.log(result);\n  });\n  // Upload the file from `fixtures/`\n  usercreationpage.UserCreationAgentTemplate_upload();\n});",
              "err": {},
              "uuid": "05cefb72-3007-453d-9d99-298f67891406",
              "parentUUID": "cd01d859-31fc-4f64-85c0-c4d5b33f92fc",
              "isHook": false,
              "skipped": false
            }
          ],
          "suites": [],
          "passes": [
            "05cefb72-3007-453d-9d99-298f67891406"
          ],
          "failures": [],
          "pending": [],
          "skipped": [],
          "duration": 71049,
          "root": false,
          "rootEmpty": false,
          "_timeout": 2000
        }
      ],
      "passes": [],
      "failures": [],
      "pending": [],
      "skipped": [],
      "duration": 0,
      "root": true,
      "rootEmpty": true,
      "_timeout": 2000
    }
  ],
  "meta": {
    "mocha": {
      "version": "7.2.0"
    },
    "mochawesome": {
      "options": {
        "quiet": false,
        "reportFilename": "mochawesome",
        "saveHtml": false,
        "saveJson": true,
        "consoleReporter": "spec",
        "useInlineDiffs": false,
        "code": true
      },
      "version": "7.1.3"
    },
    "marge": {
      "options": {
        "overwrite": false,
        "html": false,
        "json": true,
        "reportDir": "cypress\\reports\\html\\.jsons"
      },
      "version": "6.2.0"
    }
  }
}